
================================================================================
Enhanced HD-DDPG Medical Workflow Scheduling Training Log
Training Start Time: 2025-09-10 14:02:28
Experiment Directory: optimized_model_result\hd_ddpg_enhanced_comm05
Training Mode: HIGH_PERFORMANCE_ENHANCED with Advanced Features
================================================================================
[2025-09-10 14:02:29] Ep    1 | R:  1113.02 | MS:   2.07 | SR: 0.50 | ST: 1.000 | LR: 0.000170 | T: 0.31s
[2025-09-10 14:02:30] Ep    2 | R:  1036.25 | MS:   3.22 | SR: 0.25 | ST: 1.000 | LR: 0.000170 | T: 0.28s
[2025-09-10 14:02:30] Ep    3 | R:   991.19 | MS:   2.18 | SR: 0.25 | ST: 1.000 | LR: 0.000170 | T: 0.29s
[2025-09-10 14:02:31] Ep    4 | R:  1009.33 | MS:   2.84 | SR: 0.00 | ST: 1.000 | LR: 0.000170 | T: 0.78s
[2025-09-10 14:02:31] Ep    5 | R:   994.70 | MS:   2.07 | SR: 0.50 | ST: 0.818 | LR: 0.000170 | T: 0.54s
[2025-09-10 14:02:32] Ep    6 | R:  1070.18 | MS:   1.82 | SR: 0.75 | ST: 0.804 | LR: 0.000170 | T: 0.53s
[2025-09-10 14:02:32] Ep    7 | R:  1284.04 | MS:   1.95 | SR: 0.75 | ST: 0.813 | LR: 0.000170 | T: 0.58s
[2025-09-10 14:02:33] Ep    8 | R:   880.53 | MS:   2.38 | SR: 0.25 | ST: 0.832 | LR: 0.000170 | T: 0.53s
[2025-09-10 14:02:33] Ep    9 | R:   697.98 | MS:   2.52 | SR: 0.00 | ST: 0.836 | LR: 0.000170 | T: 0.52s
[2025-09-10 14:02:34] Ep   10 | R:  1152.63 | MS:   2.05 | SR: 0.25 | ST: 0.910 | LR: 0.000170 | T: 0.69s
[2025-09-10 14:02:35] Ep   11 | R:   620.29 | MS:   4.12 | SR: 0.00 | ST: 0.893 | LR: 0.000170 | T: 0.56s
[2025-09-10 14:02:35] Ep   12 | R:  1106.47 | MS:   2.68 | SR: 0.00 | ST: 0.909 | LR: 0.000170 | T: 0.61s
[2025-09-10 14:02:36] Ep   13 | R:  1136.16 | MS:   3.10 | SR: 0.25 | ST: 0.858 | LR: 0.000170 | T: 0.75s
[2025-09-10 14:02:37] Ep   14 | R:  1349.59 | MS:   2.42 | SR: 0.25 | ST: 0.894 | LR: 0.000170 | T: 0.70s
[2025-09-10 14:02:37] Ep   15 | R:  1334.15 | MS:   1.95 | SR: 0.50 | ST: 0.894 | LR: 0.000170 | T: 0.72s
[2025-09-10 14:02:38] Ep   16 | R:   962.25 | MS:   2.23 | SR: 0.50 | ST: 0.889 | LR: 0.000170 | T: 0.63s
[2025-09-10 14:02:39] Ep   17 | R:  1711.74 | MS:   1.53 | SR: 0.50 | ST: 0.823 | LR: 0.000170 | T: 0.75s
[2025-09-10 14:02:39] Ep   18 | R:   689.80 | MS:   2.37 | SR: 0.50 | ST: 0.830 | LR: 0.000170 | T: 0.60s
[2025-09-10 14:02:40] Ep   19 | R:  1122.99 | MS:   1.74 | SR: 0.25 | ST: 0.814 | LR: 0.000170 | T: 0.69s
[2025-09-10 14:02:41] Ep   20 | R:  1264.29 | MS:   2.27 | SR: 0.50 | ST: 0.831 | LR: 0.000170 | T: 0.73s
[2025-09-10 14:02:41] Ep   21 | R:  1208.07 | MS:   1.89 | SR: 0.25 | ST: 0.917 | LR: 0.000170 | T: 0.66s
[2025-09-10 14:02:42] Ep   22 | R:  1063.53 | MS:   1.68 | SR: 0.75 | ST: 0.924 | LR: 0.000170 | T: 0.66s
[2025-09-10 14:02:43] Ep   23 | R:   919.89 | MS:   5.07 | SR: 0.00 | ST: 0.893 | LR: 0.000170 | T: 0.78s
[2025-09-10 14:02:44] Ep   24 | R:  1227.41 | MS:   2.64 | SR: 0.00 | ST: 0.863 | LR: 0.000170 | T: 0.73s
[2025-09-10 14:02:44] Ep   25 | R:   965.58 | MS:   2.33 | SR: 0.50 | ST: 0.895 | LR: 0.000170 | T: 0.65s
[2025-09-10 14:02:45] Ep   26 | R:  1093.29 | MS:   1.21 | SR: 0.75 | ST: 0.826 | LR: 0.000170 | T: 0.60s
[2025-09-10 14:02:46] Ep   27 | R:   977.35 | MS:   2.40 | SR: 0.75 | ST: 0.827 | LR: 0.000170 | T: 0.68s
[2025-09-10 14:02:46] Ep   28 | R:  1213.43 | MS:   1.98 | SR: 0.25 | ST: 0.828 | LR: 0.000170 | T: 0.65s
[2025-09-10 14:02:47] Ep   29 | R:  1142.32 | MS:   2.32 | SR: 0.25 | ST: 0.828 | LR: 0.000170 | T: 0.71s
[2025-09-10 14:02:48] Ep   30 | R:  1534.86 | MS:   1.95 | SR: 0.25 | ST: 0.845 | LR: 0.000170 | T: 0.71s
[2025-09-10 14:02:48] Ep   31 | R:  1024.77 | MS:   3.24 | SR: 0.00 | ST: 0.822 | LR: 0.000170 | T: 0.72s
[2025-09-10 14:02:49] Ep   32 | R:  1107.56 | MS:   4.02 | SR: 0.25 | ST: 0.796 | LR: 0.000170 | T: 0.75s
[2025-09-10 14:02:50] Ep   33 | R:  1196.79 | MS:   3.02 | SR: 0.00 | ST: 0.755 | LR: 0.000170 | T: 0.75s
[2025-09-10 14:02:51] Ep   34 | R:  1197.26 | MS:   2.01 | SR: 0.50 | ST: 0.854 | LR: 0.000170 | T: 0.66s
[2025-09-10 14:02:51] Ep   35 | R:   826.84 | MS:   2.37 | SR: 0.00 | ST: 0.854 | LR: 0.000170 | T: 0.66s
[2025-09-10 14:02:52] Ep   36 | R:  1303.11 | MS:   2.92 | SR: 0.25 | ST: 0.860 | LR: 0.000170 | T: 0.79s
[2025-09-10 14:02:53] Ep   37 | R:   824.32 | MS:   3.45 | SR: 0.50 | ST: 0.807 | LR: 0.000170 | T: 0.69s
[2025-09-10 14:02:53] Ep   38 | R:  1325.18 | MS:   2.13 | SR: 0.25 | ST: 0.826 | LR: 0.000170 | T: 0.73s
[2025-09-10 14:02:54] Ep   39 | R:   923.14 | MS:   3.60 | SR: 0.25 | ST: 0.769 | LR: 0.000170 | T: 0.69s
[2025-09-10 14:02:55] Ep   40 | R:  1038.43 | MS:   2.63 | SR: 0.25 | ST: 0.769 | LR: 0.000170 | T: 0.70s
[2025-09-10 14:02:55] Ep   41 | R:  1134.02 | MS:   1.16 | SR: 0.50 | ST: 0.729 | LR: 0.000170 | T: 0.63s
[2025-09-10 14:02:56] Ep   42 | R:   862.13 | MS:   3.66 | SR: 0.00 | ST: 0.705 | LR: 0.000170 | T: 0.73s
[2025-09-10 14:02:57] Ep   43 | R:   756.02 | MS:   2.03 | SR: 0.25 | ST: 0.680 | LR: 0.000170 | T: 0.62s
[2025-09-10 14:02:58] Ep   44 | R:  1201.48 | MS:   2.62 | SR: 0.00 | ST: 0.680 | LR: 0.000170 | T: 0.73s
[2025-09-10 14:02:58] Ep   45 | R:   930.77 | MS:   3.38 | SR: 0.50 | ST: 0.686 | LR: 0.000170 | T: 0.65s
[2025-09-10 14:02:59] Ep   46 | R:  1285.18 | MS:   2.26 | SR: 0.25 | ST: 0.694 | LR: 0.000170 | T: 0.69s
[2025-09-10 14:03:00] Ep   47 | R:  1242.83 | MS:   2.43 | SR: 0.50 | ST: 0.745 | LR: 0.000170 | T: 0.70s
[2025-09-10 14:03:00] Ep   48 | R:  1049.97 | MS:   2.15 | SR: 0.50 | ST: 0.732 | LR: 0.000170 | T: 0.63s
[2025-09-10 14:03:01] Ep   49 | R:  1021.67 | MS:   3.42 | SR: 0.50 | ST: 0.733 | LR: 0.000170 | T: 0.72s
[2025-09-10 14:03:01] CURRICULUM Ep   50 | Phase: 1 | Workflows: 5 | Tasks: 5-9 | Level: easy
[2025-09-10 14:03:02] LR_UPDATE Ep   50 | Old: 0.000170 | New: 0.000167 | Change: -2.00%
[2025-09-10 14:03:02] Ep   50 | R:  1332.23 | MS:   2.10 | SR: 0.00 | ST: 0.786 | LR: 0.000167 | T: 0.73s
[2025-09-10 14:03:02] === Evaluation Episode 50 ===
[2025-09-10 14:03:02] Ep   51 | R:  1478.45 | MS:   1.88 | SR: 0.40 | ST: 0.773 | LR: 0.000167 | T: 0.77s
[2025-09-10 14:03:03] Ep   52 | R:  1406.17 | MS:   3.67 | SR: 0.00 | ST: 0.696 | LR: 0.000167 | T: 0.91s
[2025-09-10 14:03:04] Ep   53 | R:  1483.91 | MS:   3.93 | SR: 0.20 | ST: 0.637 | LR: 0.000167 | T: 0.80s
[2025-09-10 14:03:05] Ep   54 | R:  1614.55 | MS:   3.02 | SR: 0.00 | ST: 0.648 | LR: 0.000167 | T: 0.81s
[2025-09-10 14:03:06] Ep   55 | R:  1523.95 | MS:   1.10 | SR: 0.80 | ST: 0.535 | LR: 0.000167 | T: 0.71s
[2025-09-10 14:03:06] Ep   56 | R:  1160.40 | MS:   2.93 | SR: 0.00 | ST: 0.545 | LR: 0.000167 | T: 0.76s
[2025-09-10 14:03:07] Ep   57 | R:  1661.35 | MS:   2.12 | SR: 0.20 | ST: 0.554 | LR: 0.000167 | T: 0.79s
[2025-09-10 14:03:08] Ep   58 | R:  1111.89 | MS:   3.33 | SR: 0.20 | ST: 0.549 | LR: 0.000167 | T: 0.75s
[2025-09-10 14:03:09] Ep   59 | R:  1127.91 | MS:   2.27 | SR: 0.20 | ST: 0.571 | LR: 0.000167 | T: 0.70s
[2025-09-10 14:03:09] Ep   60 | R:  1172.78 | MS:   2.36 | SR: 0.20 | ST: 0.605 | LR: 0.000167 | T: 0.70s
[2025-09-10 14:03:10] Ep   61 | R:  1250.79 | MS:   2.32 | SR: 0.40 | ST: 0.707 | LR: 0.000167 | T: 0.74s
[2025-09-10 14:03:11] Ep   62 | R:  1626.09 | MS:   1.58 | SR: 0.60 | ST: 0.699 | LR: 0.000167 | T: 0.73s
[2025-09-10 14:03:11] Ep   63 | R:   936.48 | MS:   2.46 | SR: 0.20 | ST: 0.806 | LR: 0.000167 | T: 0.67s
[2025-09-10 14:03:12] Ep   64 | R:  1048.49 | MS:   2.48 | SR: 0.40 | ST: 0.829 | LR: 0.000167 | T: 0.69s
[2025-09-10 14:03:13] Ep   65 | R:  1278.85 | MS:   3.37 | SR: 0.00 | ST: 0.815 | LR: 0.000167 | T: 0.81s
[2025-09-10 14:03:14] Ep   66 | R:  1379.35 | MS:   3.36 | SR: 0.40 | ST: 0.812 | LR: 0.000167 | T: 0.81s
[2025-09-10 14:03:15] Ep   67 | R:  1369.45 | MS:   1.81 | SR: 0.40 | ST: 0.783 | LR: 0.000167 | T: 0.73s
[2025-09-10 14:03:15] Ep   68 | R:  1722.84 | MS:   1.64 | SR: 0.60 | ST: 0.744 | LR: 0.000167 | T: 0.76s
[2025-09-10 14:03:16] Ep   69 | R:  1052.54 | MS:   3.46 | SR: 0.00 | ST: 0.673 | LR: 0.000167 | T: 0.85s
[2025-09-10 14:03:17] Ep   70 | R:  1392.50 | MS:   2.62 | SR: 0.40 | ST: 0.727 | LR: 0.000167 | T: 0.82s
[2025-09-10 14:03:18] Ep   71 | R:  1446.89 | MS:   2.09 | SR: 0.20 | ST: 0.713 | LR: 0.000167 | T: 0.72s
[2025-09-10 14:03:18] Ep   72 | R:  1452.68 | MS:   1.81 | SR: 0.20 | ST: 0.683 | LR: 0.000167 | T: 0.76s
[2025-09-10 14:03:19] Ep   73 | R:  1350.23 | MS:   2.97 | SR: 0.20 | ST: 0.680 | LR: 0.000167 | T: 0.78s
[2025-09-10 14:03:20] Ep   74 | R:  1188.99 | MS:   2.54 | SR: 0.40 | ST: 0.735 | LR: 0.000167 | T: 0.75s
[2025-09-10 14:03:21] Ep   75 | R:  1799.84 | MS:   2.37 | SR: 0.20 | ST: 0.759 | LR: 0.000167 | T: 0.86s
[2025-09-10 14:03:21] Ep   76 | R:  1093.53 | MS:   1.63 | SR: 0.60 | ST: 0.758 | LR: 0.000167 | T: 0.63s
[2025-09-10 14:03:22] Ep   77 | R:  1902.18 | MS:   1.40 | SR: 0.80 | ST: 0.797 | LR: 0.000167 | T: 0.78s
[2025-09-10 14:03:23] Ep   78 | R:  1073.48 | MS:   2.92 | SR: 0.20 | ST: 0.770 | LR: 0.000167 | T: 0.69s
[2025-09-10 14:03:24] Ep   79 | R:  1761.82 | MS:   2.63 | SR: 0.00 | ST: 0.761 | LR: 0.000167 | T: 0.85s
[2025-09-10 14:03:25] LR_UPDATE Ep   80 | Old: 0.000167 | New: 0.000166 | Change: -0.50%
[2025-09-10 14:03:25] Ep   80 | R:  1334.13 | MS:   3.06 | SR: 0.40 | ST: 0.748 | LR: 0.000166 | T: 0.79s
[2025-09-10 14:03:25] Ep   81 | R:  1202.06 | MS:   2.76 | SR: 0.20 | ST: 0.761 | LR: 0.000166 | T: 0.75s
[2025-09-10 14:03:26] Ep   82 | R:  1374.40 | MS:   2.20 | SR: 0.40 | ST: 0.760 | LR: 0.000166 | T: 0.78s
[2025-09-10 14:03:27] Ep   83 | R:  1430.33 | MS:   3.05 | SR: 0.20 | ST: 0.732 | LR: 0.000166 | T: 0.79s
[2025-09-10 14:03:28] Ep   84 | R:  1642.39 | MS:   2.08 | SR: 0.20 | ST: 0.773 | LR: 0.000166 | T: 0.78s
[2025-09-10 14:03:28] Ep   85 | R:  1484.79 | MS:   1.74 | SR: 0.40 | ST: 0.825 | LR: 0.000166 | T: 0.73s
[2025-09-10 14:03:29] Ep   86 | R:  1534.48 | MS:   1.78 | SR: 0.60 | ST: 0.801 | LR: 0.000166 | T: 0.76s
[2025-09-10 14:03:30] Ep   87 | R:  1670.86 | MS:   3.29 | SR: 0.20 | ST: 0.750 | LR: 0.000166 | T: 0.88s
[2025-09-10 14:03:31] Ep   88 | R:  1264.68 | MS:   1.87 | SR: 0.40 | ST: 0.758 | LR: 0.000166 | T: 0.72s
[2025-09-10 14:03:32] Ep   89 | R:  1305.76 | MS:   3.67 | SR: 0.00 | ST: 0.665 | LR: 0.000166 | T: 0.76s
[2025-09-10 14:03:32] Ep   90 | R:  1464.80 | MS:   2.09 | SR: 0.40 | ST: 0.662 | LR: 0.000166 | T: 0.76s
[2025-09-10 14:03:33] Ep   91 | R:  1529.89 | MS:   3.93 | SR: 0.00 | ST: 0.578 | LR: 0.000166 | T: 0.82s
[2025-09-10 14:03:34] Ep   92 | R:  1658.12 | MS:   1.96 | SR: 0.40 | ST: 0.572 | LR: 0.000166 | T: 0.77s
[2025-09-10 14:03:35] Ep   93 | R:  1133.35 | MS:   4.01 | SR: 0.00 | ST: 0.539 | LR: 0.000166 | T: 0.80s
[2025-09-10 14:03:35] Ep   94 | R:  1268.48 | MS:   2.57 | SR: 0.40 | ST: 0.582 | LR: 0.000166 | T: 0.74s
[2025-09-10 14:03:36] Ep   95 | R:  1499.39 | MS:   1.99 | SR: 0.60 | ST: 0.560 | LR: 0.000166 | T: 0.77s
[2025-09-10 14:03:37] Ep   96 | R:  1612.02 | MS:   2.21 | SR: 0.20 | ST: 0.580 | LR: 0.000166 | T: 0.76s
[2025-09-10 14:03:38] Ep   97 | R:  1713.67 | MS:   2.55 | SR: 0.00 | ST: 0.618 | LR: 0.000166 | T: 0.86s
[2025-09-10 14:03:39] Ep   98 | R:  1148.29 | MS:   2.01 | SR: 0.60 | ST: 0.614 | LR: 0.000166 | T: 0.66s
[2025-09-10 14:03:39] Ep   99 | R:  1349.03 | MS:   1.82 | SR: 0.40 | ST: 0.694 | LR: 0.000166 | T: 0.73s
[2025-09-10 14:03:39] CURRICULUM Ep  100 | Phase: 2 | Workflows: 6 | Tasks: 7-11 | Level: medium
[2025-09-10 14:03:40] LR_UPDATE Ep  100 | Old: 0.000166 | New: 0.000162 | Change: -2.00%
[2025-09-10 14:03:40] Ep  100 | R:  1424.53 | MS:   2.21 | SR: 0.67 | ST: 0.704 | LR: 0.000162 | T: 0.76s
[2025-09-10 14:03:40] === Evaluation Episode 100 ===
[2025-09-10 14:03:42] Ep  101 | R:  1846.89 | MS:   2.55 | SR: 0.17 | ST: 0.931 | LR: 0.000162 | T: 0.87s
[2025-09-10 14:03:43] Ep  102 | R:  1566.29 | MS:   1.84 | SR: 0.33 | ST: 0.934 | LR: 0.000162 | T: 0.81s
[2025-09-10 14:03:44] Ep  103 | R:  1336.99 | MS:   3.96 | SR: 0.17 | ST: 0.917 | LR: 0.000162 | T: 0.92s
[2025-09-10 14:03:45] Ep  104 | R:  1195.26 | MS:   3.56 | SR: 0.00 | ST: 0.879 | LR: 0.000162 | T: 0.84s
[2025-09-10 14:03:45] LR_UPDATE Ep  105 | Old: 0.000162 | New: 0.000162 | Change: -0.50%
[2025-09-10 14:03:45] Ep  105 | R:  1455.76 | MS:   2.56 | SR: 0.17 | ST: 0.879 | LR: 0.000162 | T: 0.82s
[2025-09-10 14:03:46] Ep  106 | R:  1196.01 | MS:   2.16 | SR: 0.33 | ST: 0.886 | LR: 0.000162 | T: 0.68s
[2025-09-10 14:03:47] Ep  107 | R:  1630.52 | MS:   3.14 | SR: 0.00 | ST: 0.869 | LR: 0.000162 | T: 0.93s
[2025-09-10 14:03:48] Ep  108 | R:  2032.29 | MS:   1.67 | SR: 0.33 | ST: 0.855 | LR: 0.000162 | T: 0.84s
[2025-09-10 14:03:49] Ep  109 | R:  2134.92 | MS:   2.27 | SR: 0.33 | ST: 0.853 | LR: 0.000162 | T: 0.91s
[2025-09-10 14:03:50] Ep  110 | R:  1852.58 | MS:   1.69 | SR: 0.67 | ST: 0.835 | LR: 0.000162 | T: 0.80s
[2025-09-10 14:03:50] Ep  111 | R:  1366.20 | MS:   2.99 | SR: 0.17 | ST: 0.812 | LR: 0.000162 | T: 0.80s
[2025-09-10 14:03:51] Ep  112 | R:  1479.28 | MS:   3.31 | SR: 0.33 | ST: 0.771 | LR: 0.000162 | T: 0.81s
[2025-09-10 14:03:52] Ep  113 | R:  1701.02 | MS:   1.84 | SR: 0.50 | ST: 0.743 | LR: 0.000162 | T: 0.81s
[2025-09-10 14:03:53] Ep  114 | R:  1925.23 | MS:   2.36 | SR: 0.50 | ST: 0.748 | LR: 0.000162 | T: 0.83s
[2025-09-10 14:03:54] Ep  115 | R:  2312.40 | MS:   2.10 | SR: 0.17 | ST: 0.783 | LR: 0.000162 | T: 0.94s
[2025-09-10 14:03:55] Ep  116 | R:  1665.29 | MS:   2.76 | SR: 0.33 | ST: 0.781 | LR: 0.000162 | T: 0.87s
[2025-09-10 14:03:55] Ep  117 | R:  1429.66 | MS:   1.78 | SR: 0.67 | ST: 0.755 | LR: 0.000162 | T: 0.76s
[2025-09-10 14:03:56] Ep  118 | R:  1525.77 | MS:   3.27 | SR: 0.17 | ST: 0.780 | LR: 0.000162 | T: 0.87s
[2025-09-10 14:03:57] Ep  119 | R:  1895.78 | MS:   2.27 | SR: 0.50 | ST: 0.799 | LR: 0.000162 | T: 0.90s
[2025-09-10 14:03:58] Ep  120 | R:  1659.61 | MS:   3.17 | SR: 0.17 | ST: 0.818 | LR: 0.000162 | T: 0.84s
[2025-09-10 14:03:59] Ep  121 | R:  1806.24 | MS:   2.12 | SR: 0.50 | ST: 0.840 | LR: 0.000162 | T: 0.79s
[2025-09-10 14:04:00] Ep  122 | R:  2222.66 | MS:   1.78 | SR: 0.50 | ST: 0.807 | LR: 0.000162 | T: 0.87s
[2025-09-10 14:04:01] Ep  123 | R:  1502.77 | MS:   3.56 | SR: 0.00 | ST: 0.726 | LR: 0.000162 | T: 0.94s
[2025-09-10 14:04:01] Ep  124 | R:  1702.70 | MS:   2.51 | SR: 0.50 | ST: 0.730 | LR: 0.000162 | T: 0.85s
[2025-09-10 14:04:02] Ep  125 | R:  1586.38 | MS:   2.62 | SR: 0.17 | ST: 0.772 | LR: 0.000162 | T: 0.85s
[2025-09-10 14:04:03] Ep  126 | R:  1685.80 | MS:   2.07 | SR: 0.33 | ST: 0.762 | LR: 0.000162 | T: 0.78s
[2025-09-10 14:04:04] Ep  127 | R:  1293.48 | MS:   2.03 | SR: 0.50 | ST: 0.750 | LR: 0.000162 | T: 0.72s
[2025-09-10 14:04:05] Ep  128 | R:  2031.67 | MS:   2.14 | SR: 0.17 | ST: 0.787 | LR: 0.000162 | T: 0.92s
[2025-09-10 14:04:06] Ep  129 | R:  1548.03 | MS:   2.82 | SR: 0.33 | ST: 0.779 | LR: 0.000162 | T: 0.83s
[2025-09-10 14:04:07] LR_UPDATE Ep  130 | Old: 0.000162 | New: 0.000161 | Change: -0.50%
[2025-09-10 14:04:07] Ep  130 | R:  2099.16 | MS:   2.53 | SR: 0.00 | ST: 0.818 | LR: 0.000161 | T: 0.95s
[2025-09-10 14:04:07] Ep  131 | R:  1983.21 | MS:   2.69 | SR: 0.33 | ST: 0.925 | LR: 0.000161 | T: 0.89s
[2025-09-10 14:04:08] Ep  132 | R:  1762.67 | MS:   2.69 | SR: 0.17 | ST: 0.919 | LR: 0.000161 | T: 0.83s
[2025-09-10 14:04:09] Ep  133 | R:  1581.42 | MS:   2.94 | SR: 0.33 | ST: 0.898 | LR: 0.000161 | T: 0.88s
[2025-09-10 14:04:10] Ep  134 | R:  1894.50 | MS:   2.66 | SR: 0.33 | ST: 0.918 | LR: 0.000161 | T: 0.84s
[2025-09-10 14:04:11] Ep  135 | R:  1774.23 | MS:   1.41 | SR: 0.50 | ST: 0.950 | LR: 0.000161 | T: 0.77s
[2025-09-10 14:04:12] Ep  136 | R:  1933.54 | MS:   2.48 | SR: 0.33 | ST: 0.976 | LR: 0.000161 | T: 0.90s
[2025-09-10 14:04:12] Ep  137 | R:  1242.47 | MS:   2.94 | SR: 0.33 | ST: 0.970 | LR: 0.000161 | T: 0.77s
[2025-09-10 14:04:13] Ep  138 | R:  2014.49 | MS:   2.24 | SR: 0.67 | ST: 0.952 | LR: 0.000161 | T: 0.84s
[2025-09-10 14:04:14] Ep  139 | R:  1849.20 | MS:   2.78 | SR: 0.33 | ST: 0.950 | LR: 0.000161 | T: 0.89s
[2025-09-10 14:04:15] Ep  140 | R:  1913.56 | MS:   2.97 | SR: 0.17 | ST: 0.940 | LR: 0.000161 | T: 0.89s
[2025-09-10 14:04:16] Ep  141 | R:  1772.75 | MS:   2.74 | SR: 0.50 | ST: 0.947 | LR: 0.000161 | T: 0.84s
[2025-09-10 14:04:17] Ep  142 | R:  1477.73 | MS:   2.45 | SR: 0.17 | ST: 0.943 | LR: 0.000161 | T: 0.80s
[2025-09-10 14:04:18] Ep  143 | R:  2083.32 | MS:   2.51 | SR: 0.50 | ST: 0.945 | LR: 0.000161 | T: 0.89s
[2025-09-10 14:04:18] Ep  144 | R:  2145.63 | MS:   2.15 | SR: 0.17 | ST: 0.923 | LR: 0.000161 | T: 0.88s
[2025-09-10 14:04:19] Ep  145 | R:  1745.58 | MS:   1.38 | SR: 0.67 | ST: 0.911 | LR: 0.000161 | T: 0.77s
[2025-09-10 14:04:20] Ep  146 | R:  1654.38 | MS:   2.41 | SR: 0.33 | ST: 0.916 | LR: 0.000161 | T: 0.82s
[2025-09-10 14:04:21] Ep  147 | R:  1474.14 | MS:   2.52 | SR: 0.33 | ST: 0.925 | LR: 0.000161 | T: 0.78s
[2025-09-10 14:04:22] Ep  148 | R:  1499.82 | MS:   3.10 | SR: 0.17 | ST: 0.946 | LR: 0.000161 | T: 0.82s
[2025-09-10 14:04:23] Ep  149 | R:  2314.32 | MS:   1.42 | SR: 0.50 | ST: 0.929 | LR: 0.000161 | T: 0.87s
[2025-09-10 14:04:23] CURRICULUM Ep  150 | Phase: 3 | Workflows: 7 | Tasks: 9-13 | Level: hard
[2025-09-10 14:04:24] LR_UPDATE Ep  150 | Old: 0.000161 | New: 0.000158 | Change: -2.00%
[2025-09-10 14:04:24] Ep  150 | R:  1934.47 | MS:   3.13 | SR: 0.00 | ST: 0.871 | LR: 0.000158 | T: 1.01s
[2025-09-10 14:04:24] === Evaluation Episode 150 ===
[2025-09-10 14:04:25] Ep  151 | R:  1884.48 | MS:   3.42 | SR: 0.43 | ST: 0.793 | LR: 0.000158 | T: 0.95s
[2025-09-10 14:04:25] Ep  152 | R:  1942.83 | MS:   2.10 | SR: 0.57 | ST: 0.790 | LR: 0.000158 | T: 0.82s
[2025-09-10 14:04:26] Ep  153 | R:  1463.35 | MS:   2.51 | SR: 0.43 | ST: 0.814 | LR: 0.000158 | T: 0.79s
[2025-09-10 14:04:27] Ep  154 | R:  1920.50 | MS:   2.03 | SR: 0.29 | ST: 0.793 | LR: 0.000158 | T: 0.85s
[2025-09-10 14:04:28] LR_UPDATE Ep  155 | Old: 0.000158 | New: 0.000157 | Change: -0.50%
[2025-09-10 14:04:28] Ep  155 | R:  1794.67 | MS:   2.74 | SR: 0.29 | ST: 0.790 | LR: 0.000157 | T: 0.91s
[2025-09-10 14:04:29] Ep  156 | R:  1727.56 | MS:   3.38 | SR: 0.29 | ST: 0.747 | LR: 0.000157 | T: 0.97s
[2025-09-10 14:04:30] Ep  157 | R:  2138.03 | MS:   2.25 | SR: 0.43 | ST: 0.784 | LR: 0.000157 | T: 0.89s
[2025-09-10 14:04:31] Ep  158 | R:  1734.58 | MS:   2.56 | SR: 0.29 | ST: 0.800 | LR: 0.000157 | T: 0.91s
[2025-09-10 14:04:31] Ep  159 | R:  2042.57 | MS:   1.65 | SR: 0.43 | ST: 0.807 | LR: 0.000157 | T: 0.82s
[2025-09-10 14:04:32] Ep  160 | R:  1992.21 | MS:   2.54 | SR: 0.57 | ST: 0.815 | LR: 0.000157 | T: 0.95s
[2025-09-10 14:04:34] Ep  161 | R:  2731.00 | MS:   2.77 | SR: 0.00 | ST: 0.807 | LR: 0.000157 | T: 1.09s
[2025-09-10 14:04:35] Ep  162 | R:  2089.28 | MS:   3.22 | SR: 0.00 | ST: 0.796 | LR: 0.000157 | T: 0.99s
[2025-09-10 14:04:35] Ep  163 | R:  1893.05 | MS:   2.95 | SR: 0.00 | ST: 0.790 | LR: 0.000157 | T: 0.92s
[2025-09-10 14:04:36] Ep  164 | R:  2002.81 | MS:   2.54 | SR: 0.14 | ST: 0.837 | LR: 0.000157 | T: 0.88s
[2025-09-10 14:04:37] Ep  165 | R:  2433.35 | MS:   2.03 | SR: 0.29 | ST: 0.839 | LR: 0.000157 | T: 0.95s
[2025-09-10 14:04:38] Ep  166 | R:  2498.20 | MS:   2.53 | SR: 0.57 | ST: 0.839 | LR: 0.000157 | T: 0.96s
[2025-09-10 14:04:39] Ep  167 | R:  1926.69 | MS:   2.75 | SR: 0.43 | ST: 0.931 | LR: 0.000157 | T: 0.90s
[2025-09-10 14:04:40] Ep  168 | R:  1466.70 | MS:   1.69 | SR: 0.43 | ST: 0.906 | LR: 0.000157 | T: 0.76s
[2025-09-10 14:04:41] Ep  169 | R:  1999.78 | MS:   2.14 | SR: 0.29 | ST: 0.886 | LR: 0.000157 | T: 0.92s
[2025-09-10 14:04:42] Ep  170 | R:  1918.54 | MS:   1.67 | SR: 0.43 | ST: 0.905 | LR: 0.000157 | T: 0.82s
[2025-09-10 14:04:43] Ep  171 | R:  1948.30 | MS:   2.90 | SR: 0.29 | ST: 0.911 | LR: 0.000157 | T: 0.91s
[2025-09-10 14:04:43] Ep  172 | R:  2509.73 | MS:   1.47 | SR: 0.57 | ST: 0.843 | LR: 0.000157 | T: 0.94s
[2025-09-10 14:04:45] Ep  173 | R:  1973.70 | MS:   2.12 | SR: 0.43 | ST: 0.841 | LR: 0.000157 | T: 1.02s
[2025-09-10 14:04:46] Ep  174 | R:  2468.58 | MS:   2.32 | SR: 0.43 | ST: 0.849 | LR: 0.000157 | T: 0.99s
[2025-09-10 14:04:47] Ep  175 | R:  2389.22 | MS:   1.91 | SR: 0.43 | ST: 0.873 | LR: 0.000157 | T: 1.00s
[2025-09-10 14:04:47] Ep  176 | R:  2081.14 | MS:   3.63 | SR: 0.43 | ST: 0.801 | LR: 0.000157 | T: 0.97s
[2025-09-10 14:04:48] Ep  177 | R:  2183.90 | MS:   3.05 | SR: 0.29 | ST: 0.759 | LR: 0.000157 | T: 1.00s
[2025-09-10 14:04:49] Ep  178 | R:  2133.30 | MS:   2.26 | SR: 0.57 | ST: 0.774 | LR: 0.000157 | T: 0.87s
[2025-09-10 14:04:50] Ep  179 | R:  2055.92 | MS:   2.11 | SR: 0.29 | ST: 0.793 | LR: 0.000157 | T: 0.93s
[2025-09-10 14:04:51] LR_UPDATE Ep  180 | Old: 0.000157 | New: 0.000156 | Change: -0.50%
[2025-09-10 14:04:51] Ep  180 | R:  1832.10 | MS:   3.18 | SR: 0.14 | ST: 0.814 | LR: 0.000156 | T: 0.88s
[2025-09-10 14:04:52] Ep  181 | R:  1656.16 | MS:   2.23 | SR: 0.43 | ST: 0.820 | LR: 0.000156 | T: 0.85s
[2025-09-10 14:04:53] Ep  182 | R:  2153.20 | MS:   1.42 | SR: 0.71 | ST: 0.739 | LR: 0.000156 | T: 0.84s
[2025-09-10 14:04:54] Ep  183 | R:  1509.91 | MS:   2.65 | SR: 0.43 | ST: 0.756 | LR: 0.000156 | T: 0.84s
[2025-09-10 14:04:55] Ep  184 | R:  2134.15 | MS:   2.23 | SR: 0.14 | ST: 0.784 | LR: 0.000156 | T: 0.96s
[2025-09-10 14:04:56] Ep  185 | R:  2367.29 | MS:   1.80 | SR: 0.29 | ST: 0.805 | LR: 0.000156 | T: 0.93s
[2025-09-10 14:04:57] Ep  186 | R:  2158.78 | MS:   2.15 | SR: 0.43 | ST: 0.805 | LR: 0.000156 | T: 0.93s
[2025-09-10 14:04:57] Ep  187 | R:  2029.69 | MS:   1.62 | SR: 0.57 | ST: 0.780 | LR: 0.000156 | T: 0.86s
[2025-09-10 14:04:58] Ep  188 | R:  2124.75 | MS:   1.19 | SR: 0.86 | ST: 0.828 | LR: 0.000156 | T: 0.81s
[2025-09-10 14:04:59] Ep  189 | R:  2239.55 | MS:   1.20 | SR: 0.71 | ST: 0.805 | LR: 0.000156 | T: 0.86s
[2025-09-10 14:05:00] Ep  190 | R:  2343.23 | MS:   1.86 | SR: 0.57 | ST: 0.818 | LR: 0.000156 | T: 0.88s
[2025-09-10 14:05:01] Ep  191 | R:  2284.06 | MS:   1.51 | SR: 0.57 | ST: 0.882 | LR: 0.000156 | T: 0.91s
[2025-09-10 14:05:02] Ep  192 | R:  1919.51 | MS:   1.44 | SR: 0.71 | ST: 0.913 | LR: 0.000156 | T: 0.78s
[2025-09-10 14:05:02] Ep  193 | R:  1702.83 | MS:   2.08 | SR: 0.57 | ST: 0.894 | LR: 0.000156 | T: 0.88s
[2025-09-10 14:05:03] Ep  194 | R:  2184.25 | MS:   1.59 | SR: 0.29 | ST: 0.925 | LR: 0.000156 | T: 0.91s
[2025-09-10 14:05:04] Ep  195 | R:  1819.30 | MS:   2.56 | SR: 0.43 | ST: 0.891 | LR: 0.000156 | T: 0.89s
[2025-09-10 14:05:05] Ep  196 | R:  1715.02 | MS:   2.44 | SR: 0.29 | ST: 0.865 | LR: 0.000156 | T: 0.86s
[2025-09-10 14:05:06] Ep  197 | R:  2054.48 | MS:   2.23 | SR: 0.43 | ST: 0.893 | LR: 0.000156 | T: 0.90s
[2025-09-10 14:05:07] Ep  198 | R:  2362.94 | MS:   1.53 | SR: 0.57 | ST: 0.880 | LR: 0.000156 | T: 0.93s
[2025-09-10 14:05:08] Ep  199 | R:  2037.56 | MS:   2.04 | SR: 0.29 | ST: 0.894 | LR: 0.000156 | T: 0.90s
[2025-09-10 14:05:08] CURRICULUM Ep  200 | Phase: 4 | Workflows: 8 | Tasks: 11-15 | Level: expert
[2025-09-10 14:05:09] LR_UPDATE Ep  200 | Old: 0.000156 | New: 0.000153 | Change: -2.00%
[2025-09-10 14:05:09] Ep  200 | R:  2329.33 | MS:   2.39 | SR: 0.25 | ST: 0.910 | LR: 0.000153 | T: 1.03s
[2025-09-10 14:05:09] === Evaluation Episode 200 ===
[2025-09-10 14:05:11] Ep  201 | R:  2458.11 | MS:   1.88 | SR: 0.25 | ST: 0.907 | LR: 0.000153 | T: 0.99s
[2025-09-10 14:05:12] Ep  202 | R:  2426.76 | MS:   2.03 | SR: 0.50 | ST: 0.930 | LR: 0.000153 | T: 1.01s
[2025-09-10 14:05:13] Ep  203 | R:  2939.91 | MS:   2.71 | SR: 0.50 | ST: 0.894 | LR: 0.000153 | T: 1.07s
[2025-09-10 14:05:14] Ep  204 | R:  2116.73 | MS:   2.49 | SR: 0.25 | ST: 0.891 | LR: 0.000153 | T: 1.01s
[2025-09-10 14:05:15] LR_UPDATE Ep  205 | Old: 0.000153 | New: 0.000152 | Change: -0.50%
[2025-09-10 14:05:15] Ep  205 | R:  2458.50 | MS:   1.20 | SR: 0.62 | ST: 0.873 | LR: 0.000152 | T: 0.93s
[2025-09-10 14:05:16] Ep  206 | R:  2436.49 | MS:   2.41 | SR: 0.25 | ST: 0.905 | LR: 0.000152 | T: 1.04s
[2025-09-10 14:05:17] Ep  207 | R:  2075.11 | MS:   1.81 | SR: 0.38 | ST: 0.893 | LR: 0.000152 | T: 0.92s
[2025-09-10 14:05:18] Ep  208 | R:  2275.81 | MS:   2.18 | SR: 0.50 | ST: 0.898 | LR: 0.000152 | T: 0.97s
[2025-09-10 14:05:19] Ep  209 | R:  2248.69 | MS:   1.82 | SR: 0.50 | ST: 0.894 | LR: 0.000152 | T: 0.96s
[2025-09-10 14:05:20] Ep  210 | R:  2682.12 | MS:   1.89 | SR: 0.50 | ST: 0.889 | LR: 0.000152 | T: 1.01s
[2025-09-10 14:05:21] Ep  211 | R:  2722.51 | MS:   3.09 | SR: 0.25 | ST: 0.911 | LR: 0.000152 | T: 1.13s
[2025-09-10 14:05:22] Ep  212 | R:  2320.98 | MS:   2.17 | SR: 0.25 | ST: 0.928 | LR: 0.000152 | T: 0.97s
[2025-09-10 14:05:23] Ep  213 | R:  2031.19 | MS:   2.67 | SR: 0.38 | ST: 0.916 | LR: 0.000152 | T: 0.98s
[2025-09-10 14:05:24] Ep  214 | R:  2337.40 | MS:   2.35 | SR: 0.50 | ST: 0.918 | LR: 0.000152 | T: 0.96s
[2025-09-10 14:05:25] Ep  215 | R:  2309.05 | MS:   1.51 | SR: 0.62 | ST: 0.915 | LR: 0.000152 | T: 0.91s
[2025-09-10 14:05:26] Ep  216 | R:  2524.90 | MS:   1.49 | SR: 0.62 | ST: 0.875 | LR: 0.000152 | T: 0.91s
[2025-09-10 14:05:27] Ep  217 | R:  2205.05 | MS:   1.70 | SR: 0.50 | ST: 0.868 | LR: 0.000152 | T: 0.94s
[2025-09-10 14:05:28] Ep  218 | R:  1973.71 | MS:   3.49 | SR: 0.12 | ST: 0.823 | LR: 0.000152 | T: 1.15s
[2025-09-10 14:05:29] Ep  219 | R:  2016.89 | MS:   1.89 | SR: 0.38 | ST: 0.827 | LR: 0.000152 | T: 0.99s
[2025-09-10 14:05:30] Ep  220 | R:  2468.45 | MS:   1.46 | SR: 0.75 | ST: 0.797 | LR: 0.000152 | T: 0.90s
[2025-09-10 14:05:31] Ep  221 | R:  2444.26 | MS:   1.67 | SR: 0.38 | ST: 0.831 | LR: 0.000152 | T: 0.95s
[2025-09-10 14:05:32] Ep  222 | R:  2007.23 | MS:   2.69 | SR: 0.25 | ST: 0.797 | LR: 0.000152 | T: 1.02s
[2025-09-10 14:05:33] Ep  223 | R:  2619.70 | MS:   1.44 | SR: 0.62 | ST: 0.781 | LR: 0.000152 | T: 0.96s
[2025-09-10 14:05:33] Ep  224 | R:  2073.30 | MS:   1.99 | SR: 0.38 | ST: 0.796 | LR: 0.000152 | T: 0.93s
[2025-09-10 14:05:35] Ep  225 | R:  2332.64 | MS:   2.29 | SR: 0.38 | ST: 0.796 | LR: 0.000152 | T: 1.01s
[2025-09-10 14:05:35] Ep  226 | R:  2519.03 | MS:   1.79 | SR: 0.38 | ST: 0.864 | LR: 0.000152 | T: 0.93s
[2025-09-10 14:05:37] Ep  227 | R:  3037.02 | MS:   1.56 | SR: 0.62 | ST: 0.855 | LR: 0.000152 | T: 1.08s
[2025-09-10 14:05:38] Ep  228 | R:  2534.79 | MS:   2.72 | SR: 0.50 | ST: 0.821 | LR: 0.000152 | T: 1.04s
[2025-09-10 14:05:38] Ep  229 | R:  2294.30 | MS:   2.12 | SR: 0.50 | ST: 0.833 | LR: 0.000152 | T: 0.92s
[2025-09-10 14:05:40] LR_UPDATE Ep  230 | Old: 0.000152 | New: 0.000151 | Change: -0.50%
[2025-09-10 14:05:40] Ep  230 | R:  2766.18 | MS:   1.96 | SR: 0.50 | ST: 0.872 | LR: 0.000151 | T: 1.05s
[2025-09-10 14:05:40] Ep  231 | R:  2203.42 | MS:   1.58 | SR: 0.75 | ST: 0.885 | LR: 0.000151 | T: 0.88s
[2025-09-10 14:05:41] Ep  232 | R:  2634.50 | MS:   1.85 | SR: 0.25 | ST: 0.883 | LR: 0.000151 | T: 1.00s
[2025-09-10 14:05:42] Ep  233 | R:  2415.51 | MS:   1.92 | SR: 0.38 | ST: 0.893 | LR: 0.000151 | T: 0.98s
[2025-09-10 14:05:43] Ep  234 | R:  2353.82 | MS:   2.81 | SR: 0.25 | ST: 0.889 | LR: 0.000151 | T: 1.09s
[2025-09-10 14:05:44] Ep  235 | R:  2768.58 | MS:   1.41 | SR: 0.62 | ST: 0.875 | LR: 0.000151 | T: 1.01s
[2025-09-10 14:05:45] Ep  236 | R:  2786.55 | MS:   1.51 | SR: 0.50 | ST: 0.929 | LR: 0.000151 | T: 1.00s
[2025-09-10 14:05:47] Ep  237 | R:  2465.73 | MS:   2.00 | SR: 0.50 | ST: 0.935 | LR: 0.000151 | T: 1.01s
[2025-09-10 14:05:47] Ep  238 | R:  2524.44 | MS:   1.95 | SR: 0.25 | ST: 0.935 | LR: 0.000151 | T: 0.98s
[2025-09-10 14:05:49] Ep  239 | R:  2287.03 | MS:   2.94 | SR: 0.25 | ST: 0.907 | LR: 0.000151 | T: 1.16s
[2025-09-10 14:05:50] Ep  240 | R:  2348.84 | MS:   1.61 | SR: 0.62 | ST: 0.899 | LR: 0.000151 | T: 0.89s
[2025-09-10 14:05:51] Ep  241 | R:  2925.98 | MS:   1.04 | SR: 0.75 | ST: 0.841 | LR: 0.000151 | T: 0.96s
[2025-09-10 14:05:51] Ep  242 | R:  2115.58 | MS:   1.76 | SR: 0.50 | ST: 0.863 | LR: 0.000151 | T: 0.90s
[2025-09-10 14:05:52] Ep  243 | R:  2547.97 | MS:   2.36 | SR: 0.62 | ST: 0.844 | LR: 0.000151 | T: 1.05s
[2025-09-10 14:05:53] Ep  244 | R:  2816.44 | MS:   1.34 | SR: 0.75 | ST: 0.832 | LR: 0.000151 | T: 1.00s
[2025-09-10 14:05:55] Ep  245 | R:  2398.02 | MS:   2.43 | SR: 0.25 | ST: 0.804 | LR: 0.000151 | T: 1.04s
[2025-09-10 14:05:56] Ep  246 | R:  2599.32 | MS:   2.09 | SR: 0.75 | ST: 0.801 | LR: 0.000151 | T: 1.01s
[2025-09-10 14:05:56] Ep  247 | R:  2205.03 | MS:   2.40 | SR: 0.12 | ST: 0.805 | LR: 0.000151 | T: 0.98s
[2025-09-10 14:05:57] Ep  248 | R:  2384.95 | MS:   1.49 | SR: 0.75 | ST: 0.799 | LR: 0.000151 | T: 0.90s
[2025-09-10 14:05:58] Ep  249 | R:  2748.13 | MS:   1.42 | SR: 0.62 | ST: 0.840 | LR: 0.000151 | T: 0.97s
[2025-09-10 14:05:58] CURRICULUM Ep  250 | Phase: 4 | Workflows: 8 | Tasks: 11-15 | Level: expert
[2025-09-10 14:05:59] LR_UPDATE Ep  250 | Old: 0.000151 | New: 0.000148 | Change: -2.00%
[2025-09-10 14:05:59] Ep  250 | R:  2523.23 | MS:   1.81 | SR: 0.62 | ST: 0.841 | LR: 0.000148 | T: 0.97s
[2025-09-10 14:05:59] === Evaluation Episode 250 ===
[2025-09-10 14:06:00] Ep  251 | R:  1978.23 | MS:   2.17 | SR: 0.12 | ST: 0.854 | LR: 0.000148 | T: 1.04s
[2025-09-10 14:06:01] Ep  252 | R:  2591.57 | MS:   2.39 | SR: 0.38 | ST: 0.872 | LR: 0.000148 | T: 1.07s
[2025-09-10 14:06:02] Ep  253 | R:  2407.30 | MS:   1.73 | SR: 0.62 | ST: 0.886 | LR: 0.000148 | T: 0.92s
[2025-09-10 14:06:03] Ep  254 | R:  2693.44 | MS:   1.79 | SR: 0.62 | ST: 0.888 | LR: 0.000148 | T: 1.02s
[2025-09-10 14:06:04] Ep  255 | R:  2495.91 | MS:   1.42 | SR: 0.75 | ST: 0.901 | LR: 0.000148 | T: 0.96s
[2025-09-10 14:06:05] Ep  256 | R:  2438.86 | MS:   1.90 | SR: 0.50 | ST: 0.910 | LR: 0.000148 | T: 0.98s
[2025-09-10 14:06:06] Ep  257 | R:  2650.75 | MS:   1.25 | SR: 0.62 | ST: 0.894 | LR: 0.000148 | T: 0.97s
[2025-09-10 14:06:07] Ep  258 | R:  2845.94 | MS:   2.45 | SR: 0.38 | ST: 0.887 | LR: 0.000148 | T: 1.11s
[2025-09-10 14:06:09] Ep  259 | R:  2864.89 | MS:   2.00 | SR: 0.38 | ST: 0.895 | LR: 0.000148 | T: 1.13s
[2025-09-10 14:06:10] Ep  260 | R:  2501.77 | MS:   2.71 | SR: 0.25 | ST: 0.852 | LR: 0.000148 | T: 1.10s
[2025-09-10 14:06:11] Ep  261 | R:  2858.51 | MS:   1.61 | SR: 0.62 | ST: 0.848 | LR: 0.000148 | T: 1.02s
[2025-09-10 14:06:12] Ep  262 | R:  2493.10 | MS:   1.18 | SR: 0.75 | ST: 0.814 | LR: 0.000148 | T: 0.94s
[2025-09-10 14:06:13] Ep  263 | R:  2431.97 | MS:   1.39 | SR: 0.62 | ST: 0.812 | LR: 0.000148 | T: 0.91s
[2025-09-10 14:06:14] Ep  264 | R:  2394.61 | MS:   2.06 | SR: 0.50 | ST: 0.806 | LR: 0.000148 | T: 1.00s
[2025-09-10 14:06:15] Ep  265 | R:  2805.89 | MS:   1.26 | SR: 0.88 | ST: 0.807 | LR: 0.000148 | T: 0.97s
[2025-09-10 14:06:15] LR_UPDATE Ep  266 | Old: 0.000148 | New: 0.000148 | Change: -0.50%
[2025-09-10 14:06:15] Ep  266 | R:  2435.15 | MS:   1.90 | SR: 0.62 | ST: 0.815 | LR: 0.000148 | T: 0.97s
[2025-09-10 14:06:16] Ep  267 | R:  2514.84 | MS:   1.09 | SR: 0.88 | ST: 0.791 | LR: 0.000148 | T: 0.94s
[2025-09-10 14:06:17] Ep  268 | R:  2319.69 | MS:   1.42 | SR: 0.62 | ST: 0.906 | LR: 0.000148 | T: 0.94s
[2025-09-10 14:06:18] Ep  269 | R:  2599.53 | MS:   1.73 | SR: 0.88 | ST: 0.902 | LR: 0.000148 | T: 0.99s
[2025-09-10 14:06:19] Ep  270 | R:  2584.47 | MS:   1.85 | SR: 0.50 | ST: 0.905 | LR: 0.000148 | T: 0.99s
[2025-09-10 14:06:20] Ep  271 | R:  2648.30 | MS:   1.17 | SR: 0.88 | ST: 0.893 | LR: 0.000148 | T: 0.93s
[2025-09-10 14:06:21] Ep  272 | R:  2474.38 | MS:   1.60 | SR: 0.62 | ST: 0.921 | LR: 0.000148 | T: 0.95s
[2025-09-10 14:06:22] Ep  273 | R:  2018.24 | MS:   1.67 | SR: 0.62 | ST: 0.927 | LR: 0.000148 | T: 0.91s
[2025-09-10 14:06:23] Ep  274 | R:  2431.75 | MS:   1.92 | SR: 0.50 | ST: 0.925 | LR: 0.000148 | T: 1.00s
[2025-09-10 14:06:24] Ep  275 | R:  2661.24 | MS:   0.98 | SR: 1.00 | ST: 0.913 | LR: 0.000148 | T: 0.92s
[2025-09-10 14:06:26] Ep  276 | R:  2920.85 | MS:   1.73 | SR: 0.62 | ST: 0.912 | LR: 0.000148 | T: 1.49s
[2025-09-10 14:06:27] Ep  277 | R:  2366.95 | MS:   1.19 | SR: 0.75 | ST: 0.902 | LR: 0.000148 | T: 1.33s
[2025-09-10 14:06:29] Ep  278 | R:  2396.27 | MS:   1.43 | SR: 0.62 | ST: 0.915 | LR: 0.000148 | T: 1.64s
[2025-09-10 14:06:30] Ep  279 | R:  3051.11 | MS:   1.80 | SR: 0.62 | ST: 0.918 | LR: 0.000148 | T: 1.61s
[2025-09-10 14:06:31] Ep  280 | R:  2582.27 | MS:   1.03 | SR: 1.00 | ST: 0.895 | LR: 0.000148 | T: 1.37s
[2025-09-10 14:06:33] Ep  281 | R:  2656.02 | MS:   1.72 | SR: 0.62 | ST: 0.893 | LR: 0.000148 | T: 1.44s
[2025-09-10 14:06:34] Ep  282 | R:  2861.70 | MS:   1.54 | SR: 0.50 | ST: 0.915 | LR: 0.000148 | T: 1.55s
[2025-09-10 14:06:36] Ep  283 | R:  2556.11 | MS:   1.36 | SR: 0.75 | ST: 0.938 | LR: 0.000148 | T: 1.34s
[2025-09-10 14:06:37] Ep  284 | R:  2901.16 | MS:   1.42 | SR: 0.62 | ST: 0.946 | LR: 0.000148 | T: 1.39s
[2025-09-10 14:06:39] Ep  285 | R:  2650.78 | MS:   1.20 | SR: 0.75 | ST: 0.947 | LR: 0.000148 | T: 1.42s
[2025-09-10 14:06:40] Ep  286 | R:  2320.24 | MS:   1.49 | SR: 0.75 | ST: 0.946 | LR: 0.000148 | T: 1.26s
[2025-09-10 14:06:41] Ep  287 | R:  3073.31 | MS:   1.21 | SR: 0.88 | ST: 0.959 | LR: 0.000148 | T: 1.40s
[2025-09-10 14:06:43] Ep  288 | R:  3017.77 | MS:   1.30 | SR: 0.62 | ST: 0.974 | LR: 0.000148 | T: 1.24s
[2025-09-10 14:06:44] Ep  289 | R:  2816.71 | MS:   1.19 | SR: 0.75 | ST: 0.984 | LR: 0.000148 | T: 1.90s
[2025-09-10 14:06:46] Ep  290 | R:  2390.02 | MS:   1.34 | SR: 0.88 | ST: 0.989 | LR: 0.000148 | T: 1.81s
[2025-09-10 14:06:47] Ep  291 | R:  2272.44 | MS:   1.22 | SR: 0.62 | ST: 0.989 | LR: 0.000148 | T: 1.13s
[2025-09-10 14:06:49] Ep  292 | R:  2636.81 | MS:   1.22 | SR: 0.75 | ST: 0.991 | LR: 0.000148 | T: 1.17s
[2025-09-10 14:06:50] Ep  293 | R:  3274.65 | MS:   1.45 | SR: 0.75 | ST: 0.991 | LR: 0.000148 | T: 1.16s
[2025-09-10 14:06:51] Ep  294 | R:  3107.93 | MS:   1.61 | SR: 0.62 | ST: 0.994 | LR: 0.000148 | T: 1.18s
[2025-09-10 14:06:52] Ep  295 | R:  2567.55 | MS:   1.36 | SR: 0.62 | ST: 0.994 | LR: 0.000148 | T: 1.08s
[2025-09-10 14:06:53] Ep  296 | R:  2723.04 | MS:   1.62 | SR: 0.88 | ST: 0.991 | LR: 0.000148 | T: 1.11s
[2025-09-10 14:06:54] Ep  297 | R:  2981.01 | MS:   1.81 | SR: 0.50 | ST: 0.989 | LR: 0.000148 | T: 1.38s
[2025-09-10 14:06:56] Ep  298 | R:  2901.94 | MS:   1.29 | SR: 0.62 | ST: 0.989 | LR: 0.000148 | T: 1.10s
[2025-09-10 14:06:57] Ep  299 | R:  2290.00 | MS:   1.61 | SR: 0.62 | ST: 0.986 | LR: 0.000148 | T: 1.01s
[2025-09-10 14:06:57] CURRICULUM Ep  300 | Phase: 4 | Workflows: 8 | Tasks: 11-15 | Level: expert
[2025-09-10 14:06:58] LR_UPDATE Ep  300 | Old: 0.000148 | New: 0.000147 | Change: -0.50%
[2025-09-10 14:06:58] Ep  300 | R:  2483.47 | MS:   1.69 | SR: 0.75 | ST: 0.984 | LR: 0.000147 | T: 1.04s
[2025-09-10 14:06:58] === Evaluation Episode 300 ===
[2025-09-10 14:07:00] Ep  301 | R:  2642.59 | MS:   1.10 | SR: 0.75 | ST: 0.979 | LR: 0.000147 | T: 1.10s
[2025-09-10 14:07:01] Ep  302 | R:  2613.47 | MS:   1.51 | SR: 0.62 | ST: 0.979 | LR: 0.000147 | T: 1.04s
[2025-09-10 14:07:02] Ep  303 | R:  2892.29 | MS:   1.65 | SR: 0.75 | ST: 0.978 | LR: 0.000147 | T: 1.24s
[2025-09-10 14:07:03] Ep  304 | R:  2041.30 | MS:   1.51 | SR: 0.75 | ST: 0.978 | LR: 0.000147 | T: 1.00s
[2025-09-10 14:07:04] Ep  305 | R:  3434.05 | MS:   1.92 | SR: 0.62 | ST: 0.960 | LR: 0.000147 | T: 1.26s
[2025-09-10 14:07:06] Ep  306 | R:  3448.83 | MS:   1.35 | SR: 0.50 | ST: 0.963 | LR: 0.000147 | T: 1.25s
[2025-09-10 14:07:07] Ep  307 | R:  2757.59 | MS:   1.26 | SR: 0.88 | ST: 0.955 | LR: 0.000147 | T: 1.09s
[2025-09-10 14:07:09] Ep  308 | R:  3185.75 | MS:   1.53 | SR: 0.62 | ST: 0.959 | LR: 0.000147 | T: 2.23s
[2025-09-10 14:07:10] Ep  309 | R:  2390.57 | MS:   1.63 | SR: 0.50 | ST: 0.966 | LR: 0.000147 | T: 1.41s
[2025-09-10 14:07:12] Ep  310 | R:  2761.18 | MS:   1.82 | SR: 0.38 | ST: 0.958 | LR: 0.000147 | T: 1.22s
[2025-09-10 14:07:13] Ep  311 | R:  3290.18 | MS:   1.91 | SR: 0.62 | ST: 0.948 | LR: 0.000147 | T: 1.25s
[2025-09-10 14:07:14] Ep  312 | R:  2608.74 | MS:   1.07 | SR: 0.88 | ST: 0.918 | LR: 0.000147 | T: 0.99s
[2025-09-10 14:07:15] Ep  313 | R:  2708.33 | MS:   1.51 | SR: 0.75 | ST: 0.934 | LR: 0.000147 | T: 1.14s
[2025-09-10 14:07:16] Ep  314 | R:  2923.84 | MS:   1.38 | SR: 0.75 | ST: 0.935 | LR: 0.000147 | T: 1.16s
[2025-09-10 14:07:17] Ep  315 | R:  1884.37 | MS:   1.42 | SR: 0.75 | ST: 0.942 | LR: 0.000147 | T: 0.99s
[2025-09-10 14:07:18] Ep  316 | R:  2879.69 | MS:   1.12 | SR: 0.88 | ST: 0.925 | LR: 0.000147 | T: 1.09s
[2025-09-10 14:07:19] Ep  317 | R:  2667.66 | MS:   1.12 | SR: 1.00 | ST: 0.917 | LR: 0.000147 | T: 1.01s
[2025-09-10 14:07:20] Ep  318 | R:  3049.25 | MS:   1.43 | SR: 0.88 | ST: 0.937 | LR: 0.000147 | T: 1.12s
[2025-09-10 14:07:21] Ep  319 | R:  2296.34 | MS:   1.09 | SR: 0.75 | ST: 0.971 | LR: 0.000147 | T: 0.98s
[2025-09-10 14:07:22] Ep  320 | R:  2896.41 | MS:   1.33 | SR: 0.88 | ST: 0.976 | LR: 0.000147 | T: 1.15s
[2025-09-10 14:07:24] Ep  321 | R:  3362.78 | MS:   1.29 | SR: 0.88 | ST: 0.982 | LR: 0.000147 | T: 1.25s
[2025-09-10 14:07:25] Ep  322 | R:  3050.72 | MS:   1.31 | SR: 0.88 | ST: 0.983 | LR: 0.000147 | T: 1.12s
[2025-09-10 14:07:26] Ep  323 | R:  2765.98 | MS:   1.44 | SR: 0.50 | ST: 0.983 | LR: 0.000147 | T: 1.24s
[2025-09-10 14:07:27] Ep  324 | R:  3012.01 | MS:   1.63 | SR: 0.88 | ST: 0.974 | LR: 0.000147 | T: 1.35s
[2025-09-10 14:07:29] LR_UPDATE Ep  325 | Old: 0.000147 | New: 0.000146 | Change: -0.50%
[2025-09-10 14:07:29] Ep  325 | R:  2549.05 | MS:   1.23 | SR: 0.75 | ST: 0.978 | LR: 0.000146 | T: 1.10s
[2025-09-10 14:07:30] Ep  326 | R:  2499.83 | MS:   1.39 | SR: 0.75 | ST: 0.979 | LR: 0.000146 | T: 1.05s
[2025-09-10 14:07:31] Ep  327 | R:  2567.48 | MS:   0.93 | SR: 1.00 | ST: 0.981 | LR: 0.000146 | T: 1.03s
[2025-09-10 14:07:32] Ep  328 | R:  2898.86 | MS:   1.47 | SR: 0.75 | ST: 0.979 | LR: 0.000146 | T: 1.21s
[2025-09-10 14:07:33] Ep  329 | R:  2767.21 | MS:   1.27 | SR: 0.75 | ST: 0.979 | LR: 0.000146 | T: 1.13s
[2025-09-10 14:07:34] Ep  330 | R:  2658.88 | MS:   1.47 | SR: 0.75 | ST: 0.978 | LR: 0.000146 | T: 1.15s
[2025-09-10 14:07:35] Ep  331 | R:  2529.08 | MS:   1.07 | SR: 0.88 | ST: 0.969 | LR: 0.000146 | T: 1.10s
[2025-09-10 14:07:36] Ep  332 | R:  2769.45 | MS:   1.19 | SR: 0.62 | ST: 0.980 | LR: 0.000146 | T: 1.07s
[2025-09-10 14:07:37] Ep  333 | R:  2813.99 | MS:   1.77 | SR: 0.50 | ST: 0.956 | LR: 0.000146 | T: 1.19s
[2025-09-10 14:07:38] Ep  334 | R:  2742.65 | MS:   1.11 | SR: 1.00 | ST: 0.951 | LR: 0.000146 | T: 1.02s
[2025-09-10 14:07:40] Ep  335 | R:  2625.53 | MS:   1.36 | SR: 0.75 | ST: 0.955 | LR: 0.000146 | T: 1.03s
[2025-09-10 14:07:41] Ep  336 | R:  2810.51 | MS:   1.04 | SR: 0.88 | ST: 0.950 | LR: 0.000146 | T: 1.02s
[2025-09-10 14:07:42] Ep  337 | R:  2708.85 | MS:   1.41 | SR: 0.75 | ST: 0.948 | LR: 0.000146 | T: 1.06s
[2025-09-10 14:07:43] Ep  338 | R:  2780.11 | MS:   0.95 | SR: 1.00 | ST: 0.942 | LR: 0.000146 | T: 1.00s
[2025-09-10 14:07:44] Ep  339 | R:  3188.86 | MS:   1.41 | SR: 0.75 | ST: 0.943 | LR: 0.000146 | T: 1.19s
[2025-09-10 14:07:45] Ep  340 | R:  2456.28 | MS:   1.39 | SR: 0.62 | ST: 0.943 | LR: 0.000146 | T: 0.99s
[2025-09-10 14:07:46] Ep  341 | R:  2900.84 | MS:   1.12 | SR: 1.00 | ST: 0.970 | LR: 0.000146 | T: 1.04s
[2025-09-10 14:07:47] Ep  342 | R:  2622.92 | MS:   1.53 | SR: 0.75 | ST: 0.964 | LR: 0.000146 | T: 1.05s
[2025-09-10 14:07:48] Ep  343 | R:  2504.26 | MS:   0.83 | SR: 1.00 | ST: 0.946 | LR: 0.000146 | T: 0.91s
[2025-09-10 14:07:49] Ep  344 | R:  2634.99 | MS:   0.94 | SR: 1.00 | ST: 0.941 | LR: 0.000146 | T: 0.93s
[2025-09-10 14:07:50] Ep  345 | R:  3170.69 | MS:   1.23 | SR: 0.88 | ST: 0.946 | LR: 0.000146 | T: 1.10s
[2025-09-10 14:07:51] Ep  346 | R:  2737.26 | MS:   1.36 | SR: 0.62 | ST: 0.950 | LR: 0.000146 | T: 1.03s
[2025-09-10 14:07:52] Ep  347 | R:  2867.05 | MS:   1.21 | SR: 0.88 | ST: 0.955 | LR: 0.000146 | T: 1.02s
[2025-09-10 14:07:53] Ep  348 | R:  3197.64 | MS:   1.54 | SR: 0.62 | ST: 0.946 | LR: 0.000146 | T: 1.17s
[2025-09-10 14:07:54] Ep  349 | R:  2568.35 | MS:   1.27 | SR: 0.88 | ST: 0.947 | LR: 0.000146 | T: 0.95s
[2025-09-10 14:07:54] CURRICULUM Ep  350 | Phase: 4 | Workflows: 8 | Tasks: 11-15 | Level: expert
[2025-09-10 14:07:55] LR_UPDATE Ep  350 | Old: 0.000146 | New: 0.000143 | Change: -2.00%
[2025-09-10 14:07:55] Ep  350 | R:  2653.43 | MS:   1.15 | SR: 0.88 | ST: 0.957 | LR: 0.000143 | T: 0.97s
[2025-09-10 14:07:55] === Evaluation Episode 350 ===
[2025-09-10 14:07:56] Ep  351 | R:  2615.23 | MS:   1.34 | SR: 0.75 | ST: 0.974 | LR: 0.000143 | T: 1.02s
[2025-09-10 14:07:57] Ep  352 | R:  2523.94 | MS:   1.27 | SR: 0.88 | ST: 0.987 | LR: 0.000143 | T: 1.00s
[2025-09-10 14:07:58] Ep  353 | R:  3193.29 | MS:   1.48 | SR: 0.88 | ST: 0.985 | LR: 0.000143 | T: 1.10s
[2025-09-10 14:07:59] Ep  354 | R:  3143.28 | MS:   1.20 | SR: 0.88 | ST: 0.983 | LR: 0.000143 | T: 1.05s
[2025-09-10 14:08:00] Ep  355 | R:  3171.47 | MS:   1.26 | SR: 0.75 | ST: 0.984 | LR: 0.000143 | T: 1.09s
[2025-09-10 14:08:01] Ep  356 | R:  2934.11 | MS:   1.65 | SR: 0.75 | ST: 0.987 | LR: 0.000143 | T: 1.09s
[2025-09-10 14:08:02] Ep  357 | R:  2308.37 | MS:   0.91 | SR: 0.75 | ST: 0.982 | LR: 0.000143 | T: 0.87s
[2025-09-10 14:08:03] Ep  358 | R:  2723.03 | MS:   1.57 | SR: 0.75 | ST: 0.977 | LR: 0.000143 | T: 1.04s
[2025-09-10 14:08:04] Ep  359 | R:  2936.28 | MS:   1.06 | SR: 1.00 | ST: 0.968 | LR: 0.000143 | T: 1.00s
[2025-09-10 14:08:05] Ep  360 | R:  2540.73 | MS:   1.32 | SR: 0.62 | ST: 0.969 | LR: 0.000143 | T: 0.98s
[2025-09-10 14:08:06] Ep  361 | R:  2809.52 | MS:   1.50 | SR: 0.75 | ST: 0.968 | LR: 0.000143 | T: 1.06s
[2025-09-10 14:08:07] Ep  362 | R:  2430.73 | MS:   1.20 | SR: 0.88 | ST: 0.968 | LR: 0.000143 | T: 0.96s
[2025-09-10 14:08:08] Ep  363 | R:  3383.84 | MS:   1.43 | SR: 0.75 | ST: 0.967 | LR: 0.000143 | T: 1.18s
[2025-09-10 14:08:09] Ep  364 | R:  3027.62 | MS:   1.27 | SR: 0.88 | ST: 0.970 | LR: 0.000143 | T: 1.08s
[2025-09-10 14:08:10] Ep  365 | R:  2951.76 | MS:   1.09 | SR: 1.00 | ST: 0.970 | LR: 0.000143 | T: 1.00s
[2025-09-10 14:08:11] Ep  366 | R:  2473.20 | MS:   1.10 | SR: 0.88 | ST: 0.977 | LR: 0.000143 | T: 0.91s
[2025-09-10 14:08:12] Ep  367 | R:  3111.39 | MS:   1.46 | SR: 0.88 | ST: 0.979 | LR: 0.000143 | T: 1.09s
[2025-09-10 14:08:14] LR_UPDATE Ep  368 | Old: 0.000143 | New: 0.000143 | Change: -0.50%
[2025-09-10 14:08:14] Ep  368 | R:  3279.15 | MS:   1.26 | SR: 1.00 | ST: 0.979 | LR: 0.000143 | T: 1.09s
[2025-09-10 14:08:15] Ep  369 | R:  2803.18 | MS:   0.97 | SR: 1.00 | ST: 0.976 | LR: 0.000143 | T: 0.98s
[2025-09-10 14:08:16] Ep  370 | R:  2723.63 | MS:   1.16 | SR: 0.88 | ST: 0.976 | LR: 0.000143 | T: 0.97s
[2025-09-10 14:08:16] Ep  371 | R:  2743.43 | MS:   0.98 | SR: 1.00 | ST: 0.977 | LR: 0.000143 | T: 0.95s
[2025-09-10 14:08:17] Ep  372 | R:  2850.44 | MS:   1.06 | SR: 0.88 | ST: 0.978 | LR: 0.000143 | T: 0.97s
[2025-09-10 14:08:18] Ep  373 | R:  2789.26 | MS:   1.01 | SR: 1.00 | ST: 0.977 | LR: 0.000143 | T: 0.97s
[2025-09-10 14:08:19] Ep  374 | R:  2973.01 | MS:   1.04 | SR: 1.00 | ST: 0.976 | LR: 0.000143 | T: 0.99s
[2025-09-10 14:08:20] Ep  375 | R:  2937.06 | MS:   1.07 | SR: 0.88 | ST: 0.992 | LR: 0.000143 | T: 1.00s
[2025-09-10 14:08:21] Ep  376 | R:  2410.56 | MS:   1.16 | SR: 0.88 | ST: 0.997 | LR: 0.000143 | T: 0.91s
[2025-09-10 14:08:22] Ep  377 | R:  2797.79 | MS:   1.04 | SR: 1.00 | ST: 0.997 | LR: 0.000143 | T: 0.97s
[2025-09-10 14:08:23] Ep  378 | R:  2692.77 | MS:   1.04 | SR: 0.88 | ST: 0.999 | LR: 0.000143 | T: 0.93s
[2025-09-10 14:08:24] Ep  379 | R:  3118.72 | MS:   1.13 | SR: 1.00 | ST: 0.999 | LR: 0.000143 | T: 1.05s
[2025-09-10 14:08:25] Ep  380 | R:  2792.70 | MS:   1.20 | SR: 0.75 | ST: 0.998 | LR: 0.000143 | T: 1.01s
[2025-09-10 14:08:26] Ep  381 | R:  2657.89 | MS:   1.14 | SR: 0.88 | ST: 0.998 | LR: 0.000143 | T: 1.05s
[2025-09-10 14:08:27] Ep  382 | R:  3183.80 | MS:   1.20 | SR: 0.88 | ST: 0.997 | LR: 0.000143 | T: 1.14s
[2025-09-10 14:08:28] Ep  383 | R:  2875.96 | MS:   1.06 | SR: 1.00 | ST: 0.997 | LR: 0.000143 | T: 1.00s
[2025-09-10 14:08:29] Ep  384 | R:  3089.48 | MS:   1.10 | SR: 1.00 | ST: 0.997 | LR: 0.000143 | T: 1.02s
[2025-09-10 14:08:30] Ep  385 | R:  2797.67 | MS:   0.99 | SR: 1.00 | ST: 0.997 | LR: 0.000143 | T: 0.95s
[2025-09-10 14:08:31] Ep  386 | R:  2689.18 | MS:   0.91 | SR: 1.00 | ST: 0.996 | LR: 0.000143 | T: 0.91s
[2025-09-10 14:08:32] Ep  387 | R:  2886.50 | MS:   1.13 | SR: 0.88 | ST: 0.996 | LR: 0.000143 | T: 1.03s
[2025-09-10 14:08:33] Ep  388 | R:  2693.95 | MS:   0.95 | SR: 0.88 | ST: 0.994 | LR: 0.000143 | T: 0.94s
[2025-09-10 14:08:34] Ep  389 | R:  2779.64 | MS:   1.00 | SR: 0.88 | ST: 0.994 | LR: 0.000143 | T: 0.97s
[2025-09-10 14:08:35] Ep  390 | R:  2796.50 | MS:   1.10 | SR: 0.88 | ST: 0.997 | LR: 0.000143 | T: 1.02s
[2025-09-10 14:08:36] Ep  391 | R:  3102.43 | MS:   1.27 | SR: 0.75 | ST: 0.995 | LR: 0.000143 | T: 1.08s
[2025-09-10 14:08:37] Ep  392 | R:  2422.42 | MS:   0.85 | SR: 1.00 | ST: 0.991 | LR: 0.000143 | T: 0.87s
[2025-09-10 14:08:38] LR_UPDATE Ep  393 | Old: 0.000143 | New: 0.000142 | Change: -0.50%
[2025-09-10 14:08:38] Ep  393 | R:  2941.88 | MS:   1.37 | SR: 0.88 | ST: 0.986 | LR: 0.000142 | T: 1.03s
[2025-09-10 14:08:40] Ep  394 | R:  3074.28 | MS:   1.22 | SR: 0.88 | ST: 0.984 | LR: 0.000142 | T: 1.20s
[2025-09-10 14:08:40] Ep  395 | R:  2584.45 | MS:   1.06 | SR: 0.88 | ST: 0.985 | LR: 0.000142 | T: 0.95s
[2025-09-10 14:08:41] Ep  396 | R:  3012.67 | MS:   1.09 | SR: 1.00 | ST: 0.987 | LR: 0.000142 | T: 1.00s
[2025-09-10 14:08:42] Ep  397 | R:  2767.44 | MS:   1.07 | SR: 0.88 | ST: 0.988 | LR: 0.000142 | T: 0.98s
[2025-09-10 14:08:44] Ep  398 | R:  3244.31 | MS:   1.29 | SR: 0.88 | ST: 0.984 | LR: 0.000142 | T: 1.07s
[2025-09-10 14:08:44] Ep  399 | R:  2461.58 | MS:   1.11 | SR: 0.88 | ST: 0.984 | LR: 0.000142 | T: 0.91s
[2025-09-10 14:08:44] CURRICULUM Ep  400 | Phase: 4 | Workflows: 8 | Tasks: 11-15 | Level: expert
[2025-09-10 14:08:45] LR_UPDATE Ep  400 | Old: 0.000142 | New: 0.000139 | Change: -2.00%
[2025-09-10 14:08:45] Ep  400 | R:  2768.82 | MS:   1.26 | SR: 0.88 | ST: 0.993 | LR: 0.000139 | T: 0.97s
[2025-09-10 14:08:45] === Evaluation Episode 400 ===
[2025-09-10 14:08:47] Ep  401 | R:  2270.60 | MS:   0.89 | SR: 0.88 | ST: 0.986 | LR: 0.000139 | T: 0.84s
[2025-09-10 14:08:48] Ep  402 | R:  3086.65 | MS:   1.52 | SR: 0.75 | ST: 0.970 | LR: 0.000139 | T: 1.08s
[2025-09-10 14:08:49] Ep  403 | R:  2408.69 | MS:   0.92 | SR: 1.00 | ST: 0.964 | LR: 0.000139 | T: 0.88s
[2025-09-10 14:08:50] Ep  404 | R:  2981.52 | MS:   1.06 | SR: 1.00 | ST: 0.964 | LR: 0.000139 | T: 1.02s
[2025-09-10 14:08:51] Ep  405 | R:  2948.16 | MS:   1.09 | SR: 0.88 | ST: 0.964 | LR: 0.000139 | T: 1.01s
[2025-09-10 14:08:52] Ep  406 | R:  2687.63 | MS:   1.05 | SR: 0.88 | ST: 0.966 | LR: 0.000139 | T: 0.97s
[2025-09-10 14:08:53] Ep  407 | R:  2977.89 | MS:   1.45 | SR: 0.75 | ST: 0.955 | LR: 0.000139 | T: 1.05s
[2025-09-10 14:08:54] Ep  408 | R:  2799.37 | MS:   0.96 | SR: 1.00 | ST: 0.953 | LR: 0.000139 | T: 0.94s
[2025-09-10 14:08:55] Ep  409 | R:  2844.16 | MS:   1.19 | SR: 0.88 | ST: 0.960 | LR: 0.000139 | T: 0.98s
[2025-09-10 14:08:56] Ep  410 | R:  2862.28 | MS:   1.15 | SR: 0.88 | ST: 0.977 | LR: 0.000139 | T: 0.98s
[2025-09-10 14:08:57] Ep  411 | R:  2776.35 | MS:   1.05 | SR: 0.88 | ST: 0.981 | LR: 0.000139 | T: 0.98s
[2025-09-10 14:08:58] Ep  412 | R:  2382.58 | MS:   1.20 | SR: 0.88 | ST: 0.981 | LR: 0.000139 | T: 0.92s
[2025-09-10 14:08:59] Ep  413 | R:  2800.77 | MS:   1.26 | SR: 0.88 | ST: 0.981 | LR: 0.000139 | T: 0.98s
[2025-09-10 14:09:00] Ep  414 | R:  2918.54 | MS:   1.26 | SR: 0.88 | ST: 0.982 | LR: 0.000139 | T: 1.01s
[2025-09-10 14:09:01] Ep  415 | R:  2994.10 | MS:   1.03 | SR: 1.00 | ST: 0.989 | LR: 0.000139 | T: 0.98s
[2025-09-10 14:09:02] Ep  416 | R:  2583.19 | MS:   1.01 | SR: 1.00 | ST: 0.991 | LR: 0.000139 | T: 0.91s
[2025-09-10 14:09:03] Ep  417 | R:  2963.55 | MS:   1.03 | SR: 1.00 | ST: 0.990 | LR: 0.000139 | T: 0.98s
[2025-09-10 14:09:04] LR_UPDATE Ep  418 | Old: 0.000139 | New: 0.000138 | Change: -0.50%
[2025-09-10 14:09:04] Ep  418 | R:  2903.00 | MS:   1.04 | SR: 1.00 | ST: 0.990 | LR: 0.000138 | T: 0.97s
[2025-09-10 14:09:05] Ep  419 | R:  2691.23 | MS:   1.02 | SR: 0.88 | ST: 0.989 | LR: 0.000138 | T: 0.96s
[2025-09-10 14:09:06] Ep  420 | R:  2516.40 | MS:   0.92 | SR: 0.88 | ST: 0.990 | LR: 0.000138 | T: 0.89s
[2025-09-10 14:09:07] Ep  421 | R:  2002.06 | MS:   1.01 | SR: 0.88 | ST: 0.994 | LR: 0.000138 | T: 0.78s
[2025-09-10 14:09:07] Ep  422 | R:  2513.76 | MS:   0.87 | SR: 1.00 | ST: 1.000 | LR: 0.000138 | T: 0.89s
[2025-09-10 14:09:08] Ep  423 | R:  2789.44 | MS:   1.05 | SR: 0.88 | ST: 1.000 | LR: 0.000138 | T: 0.98s
[2025-09-10 14:09:09] Ep  424 | R:  2238.52 | MS:   0.97 | SR: 0.88 | ST: 0.999 | LR: 0.000138 | T: 0.84s
[2025-09-10 14:09:10] Ep  425 | R:  3001.10 | MS:   1.11 | SR: 0.88 | ST: 0.999 | LR: 0.000138 | T: 1.02s
[2025-09-10 14:09:11] Ep  426 | R:  2534.67 | MS:   0.93 | SR: 0.88 | ST: 0.998 | LR: 0.000138 | T: 0.90s
[2025-09-10 14:09:12] Ep  427 | R:  2698.48 | MS:   1.11 | SR: 0.88 | ST: 0.997 | LR: 0.000138 | T: 0.97s
[2025-09-10 14:09:13] Ep  428 | R:  2756.67 | MS:   0.99 | SR: 1.00 | ST: 0.997 | LR: 0.000138 | T: 0.94s
[2025-09-10 14:09:14] Ep  429 | R:  3171.42 | MS:   1.64 | SR: 0.88 | ST: 0.995 | LR: 0.000138 | T: 1.05s
[2025-09-10 14:09:15] Ep  430 | R:  2375.27 | MS:   0.86 | SR: 1.00 | ST: 0.992 | LR: 0.000138 | T: 0.88s
[2025-09-10 14:09:16] Ep  431 | R:  3088.94 | MS:   1.19 | SR: 1.00 | ST: 0.989 | LR: 0.000138 | T: 1.05s
[2025-09-10 14:09:17] Ep  432 | R:  2881.07 | MS:   1.02 | SR: 1.00 | ST: 0.989 | LR: 0.000138 | T: 0.96s
[2025-09-10 14:09:18] Ep  433 | R:  2966.39 | MS:   1.06 | SR: 1.00 | ST: 0.989 | LR: 0.000138 | T: 1.00s
[2025-09-10 14:09:19] Ep  434 | R:  3147.44 | MS:   1.16 | SR: 1.00 | ST: 0.990 | LR: 0.000138 | T: 1.05s
[2025-09-10 14:09:20] Ep  435 | R:  3002.61 | MS:   1.08 | SR: 1.00 | ST: 0.990 | LR: 0.000138 | T: 1.01s
[2025-09-10 14:09:21] Ep  436 | R:  2626.81 | MS:   1.30 | SR: 0.88 | ST: 0.988 | LR: 0.000138 | T: 0.95s
[2025-09-10 14:09:22] Ep  437 | R:  2763.71 | MS:   1.19 | SR: 0.62 | ST: 0.988 | LR: 0.000138 | T: 1.01s
[2025-09-10 14:09:23] Ep  438 | R:  3128.29 | MS:   1.16 | SR: 1.00 | ST: 0.996 | LR: 0.000138 | T: 1.02s
[2025-09-10 14:09:24] Ep  439 | R:  3022.79 | MS:   1.04 | SR: 1.00 | ST: 0.995 | LR: 0.000138 | T: 1.01s
[2025-09-10 14:09:25] Ep  440 | R:  3188.81 | MS:   1.19 | SR: 1.00 | ST: 0.996 | LR: 0.000138 | T: 1.07s
[2025-09-10 14:09:26] Ep  441 | R:  2597.99 | MS:   0.95 | SR: 0.88 | ST: 0.995 | LR: 0.000138 | T: 0.93s
[2025-09-10 14:09:27] Ep  442 | R:  2546.78 | MS:   0.89 | SR: 1.00 | ST: 0.993 | LR: 0.000138 | T: 0.90s
[2025-09-10 14:09:28] LR_UPDATE Ep  443 | Old: 0.000138 | New: 0.000138 | Change: -0.50%
[2025-09-10 14:09:28] Ep  443 | R:  3079.38 | MS:   1.08 | SR: 1.00 | ST: 0.993 | LR: 0.000138 | T: 1.02s
[2025-09-10 14:09:29] Ep  444 | R:  2915.11 | MS:   1.09 | SR: 1.00 | ST: 0.995 | LR: 0.000138 | T: 0.99s
[2025-09-10 14:09:30] Ep  445 | R:  2693.75 | MS:   1.13 | SR: 0.75 | ST: 0.996 | LR: 0.000138 | T: 0.97s
[2025-09-10 14:09:31] Ep  446 | R:  2847.69 | MS:   1.39 | SR: 0.75 | ST: 0.996 | LR: 0.000138 | T: 0.99s
[2025-09-10 14:09:32] Ep  447 | R:  3128.86 | MS:   1.22 | SR: 0.88 | ST: 0.995 | LR: 0.000138 | T: 1.04s
[2025-09-10 14:09:33] Ep  448 | R:  2841.21 | MS:   1.00 | SR: 1.00 | ST: 0.994 | LR: 0.000138 | T: 0.95s
[2025-09-10 14:09:34] Ep  449 | R:  3249.35 | MS:   1.40 | SR: 0.88 | ST: 0.991 | LR: 0.000138 | T: 1.12s
[2025-09-10 14:09:34] CURRICULUM Ep  450 | Phase: 4 | Workflows: 8 | Tasks: 11-15 | Level: expert
[2025-09-10 14:09:35] LR_UPDATE Ep  450 | Old: 0.000138 | New: 0.000135 | Change: -2.00%
[2025-09-10 14:09:35] Ep  450 | R:  3119.17 | MS:   1.12 | SR: 1.00 | ST: 0.994 | LR: 0.000135 | T: 1.04s
[2025-09-10 14:09:35] === Evaluation Episode 450 ===
[2025-09-10 14:09:36] Ep  451 | R:  2255.33 | MS:   0.75 | SR: 1.00 | ST: 0.991 | LR: 0.000135 | T: 0.83s
[2025-09-10 14:09:37] Ep  452 | R:  2893.29 | MS:   1.05 | SR: 1.00 | ST: 0.990 | LR: 0.000135 | T: 1.00s
[2025-09-10 14:09:38] Ep  453 | R:  2477.27 | MS:   0.93 | SR: 0.88 | ST: 0.987 | LR: 0.000135 | T: 0.90s
[2025-09-10 14:09:39] Ep  454 | R:  2786.39 | MS:   1.05 | SR: 0.88 | ST: 0.988 | LR: 0.000135 | T: 0.98s
[2025-09-10 14:09:40] Ep  455 | R:  3140.92 | MS:   1.31 | SR: 0.88 | ST: 0.989 | LR: 0.000135 | T: 1.07s
[2025-09-10 14:09:41] Ep  456 | R:  2846.81 | MS:   1.25 | SR: 0.88 | ST: 0.987 | LR: 0.000135 | T: 1.00s
[2025-09-10 14:09:42] Ep  457 | R:  3022.34 | MS:   1.12 | SR: 1.00 | ST: 0.991 | LR: 0.000135 | T: 1.01s
[2025-09-10 14:09:43] Ep  458 | R:  2556.13 | MS:   0.95 | SR: 0.88 | ST: 0.989 | LR: 0.000135 | T: 0.91s
[2025-09-10 14:09:44] Ep  459 | R:  2729.26 | MS:   1.01 | SR: 1.00 | ST: 0.990 | LR: 0.000135 | T: 0.95s
[2025-09-10 14:09:45] Ep  460 | R:  3173.29 | MS:   1.21 | SR: 0.88 | ST: 0.988 | LR: 0.000135 | T: 1.09s
[2025-09-10 14:09:46] Ep  461 | R:  2656.31 | MS:   0.94 | SR: 1.00 | ST: 0.988 | LR: 0.000135 | T: 0.94s
[2025-09-10 14:09:47] Ep  462 | R:  2575.64 | MS:   0.89 | SR: 1.00 | ST: 0.984 | LR: 0.000135 | T: 0.90s
[2025-09-10 14:09:48] Ep  463 | R:  2855.97 | MS:   1.06 | SR: 1.00 | ST: 0.986 | LR: 0.000135 | T: 1.01s
[2025-09-10 14:09:49] Ep  464 | R:  2439.74 | MS:   0.91 | SR: 0.88 | ST: 0.989 | LR: 0.000135 | T: 0.90s
[2025-09-10 14:09:50] Ep  465 | R:  2822.05 | MS:   1.01 | SR: 1.00 | ST: 0.991 | LR: 0.000135 | T: 0.99s
[2025-09-10 14:09:51] Ep  466 | R:  2612.11 | MS:   1.18 | SR: 0.75 | ST: 0.991 | LR: 0.000135 | T: 0.96s
[2025-09-10 14:09:52] Ep  467 | R:  2870.35 | MS:   1.12 | SR: 0.88 | ST: 0.989 | LR: 0.000135 | T: 1.00s
[2025-09-10 14:09:53] Ep  468 | R:  2956.28 | MS:   1.03 | SR: 1.00 | ST: 0.994 | LR: 0.000135 | T: 0.99s
[2025-09-10 14:09:54] Ep  469 | R:  2819.33 | MS:   1.06 | SR: 0.88 | ST: 0.994 | LR: 0.000135 | T: 0.99s
[2025-09-10 14:09:55] Ep  470 | R:  3121.66 | MS:   1.12 | SR: 1.00 | ST: 0.996 | LR: 0.000135 | T: 1.05s
[2025-09-10 14:09:56] Ep  471 | R:  2926.45 | MS:   1.05 | SR: 1.00 | ST: 0.996 | LR: 0.000135 | T: 1.01s
[2025-09-10 14:09:57] Ep  472 | R:  2689.01 | MS:   0.97 | SR: 1.00 | ST: 0.998 | LR: 0.000135 | T: 0.93s
[2025-09-10 14:09:58] Ep  473 | R:  3359.46 | MS:   1.28 | SR: 1.00 | ST: 0.998 | LR: 0.000135 | T: 1.13s
[2025-09-10 14:09:59] Ep  474 | R:  2529.74 | MS:   0.88 | SR: 1.00 | ST: 0.998 | LR: 0.000135 | T: 0.90s
[2025-09-10 14:10:00] Ep  475 | R:  2620.90 | MS:   0.95 | SR: 1.00 | ST: 0.997 | LR: 0.000135 | T: 0.94s
[2025-09-10 14:10:01] LR_UPDATE Ep  476 | Old: 0.000135 | New: 0.000134 | Change: -0.50%
[2025-09-10 14:10:01] Ep  476 | R:  3049.81 | MS:   1.19 | SR: 0.88 | ST: 0.994 | LR: 0.000134 | T: 1.03s
[2025-09-10 14:10:01] Ep  477 | R:  2574.11 | MS:   0.95 | SR: 1.00 | ST: 0.993 | LR: 0.000134 | T: 0.92s
[2025-09-10 14:10:03] Ep  478 | R:  3236.41 | MS:   1.44 | SR: 0.75 | ST: 0.989 | LR: 0.000134 | T: 1.10s
[2025-09-10 14:10:04] Ep  479 | R:  2784.00 | MS:   1.60 | SR: 0.75 | ST: 0.983 | LR: 0.000134 | T: 1.03s
[2025-09-10 14:10:05] Ep  480 | R:  2800.39 | MS:   1.25 | SR: 0.88 | ST: 0.982 | LR: 0.000134 | T: 0.97s
[2025-09-10 14:10:06] Ep  481 | R:  3461.57 | MS:   1.28 | SR: 1.00 | ST: 0.979 | LR: 0.000134 | T: 1.12s
[2025-09-10 14:10:07] Ep  482 | R:  2838.84 | MS:   1.02 | SR: 1.00 | ST: 0.980 | LR: 0.000134 | T: 0.95s
[2025-09-10 14:10:08] Ep  483 | R:  3178.45 | MS:   1.16 | SR: 1.00 | ST: 0.986 | LR: 0.000134 | T: 1.05s
[2025-09-10 14:10:09] Ep  484 | R:  2414.60 | MS:   0.88 | SR: 1.00 | ST: 0.982 | LR: 0.000134 | T: 0.87s
[2025-09-10 14:10:10] Ep  485 | R:  2763.76 | MS:   0.99 | SR: 1.00 | ST: 0.984 | LR: 0.000134 | T: 0.95s
[2025-09-10 14:10:10] Ep  486 | R:  2589.78 | MS:   0.94 | SR: 1.00 | ST: 0.981 | LR: 0.000134 | T: 0.91s
[2025-09-10 14:10:11] Ep  487 | R:  2857.09 | MS:   1.09 | SR: 1.00 | ST: 0.986 | LR: 0.000134 | T: 1.00s
[2025-09-10 14:10:12] Ep  488 | R:  2815.08 | MS:   0.99 | SR: 1.00 | ST: 0.989 | LR: 0.000134 | T: 0.96s
[2025-09-10 14:10:13] Ep  489 | R:  2615.88 | MS:   0.95 | SR: 0.88 | ST: 0.995 | LR: 0.000134 | T: 0.93s
[2025-09-10 14:10:14] Ep  490 | R:  3088.98 | MS:   1.14 | SR: 1.00 | ST: 0.994 | LR: 0.000134 | T: 1.03s
[2025-09-10 14:10:15] Ep  491 | R:  2937.96 | MS:   1.15 | SR: 0.88 | ST: 0.994 | LR: 0.000134 | T: 1.03s
[2025-09-10 14:10:16] Ep  492 | R:  2492.51 | MS:   0.89 | SR: 1.00 | ST: 0.992 | LR: 0.000134 | T: 0.90s
[2025-09-10 14:10:17] Ep  493 | R:  2740.37 | MS:   0.99 | SR: 1.00 | ST: 0.992 | LR: 0.000134 | T: 0.98s
[2025-09-10 14:10:19] Ep  494 | R:  2980.41 | MS:   1.13 | SR: 0.75 | ST: 0.992 | LR: 0.000134 | T: 1.30s
[2025-09-10 14:10:20] Ep  495 | R:  2492.08 | MS:   0.90 | SR: 1.00 | ST: 0.990 | LR: 0.000134 | T: 1.69s
[2025-09-10 14:10:21] Ep  496 | R:  3168.04 | MS:   1.17 | SR: 1.00 | ST: 0.987 | LR: 0.000134 | T: 1.15s
[2025-09-10 14:10:22] Ep  497 | R:  2732.84 | MS:   0.99 | SR: 1.00 | ST: 0.988 | LR: 0.000134 | T: 0.98s
[2025-09-10 14:10:23] Ep  498 | R:  2653.97 | MS:   0.95 | SR: 0.88 | ST: 0.989 | LR: 0.000134 | T: 1.11s
[2025-09-10 14:10:25] Ep  499 | R:  2827.66 | MS:   1.12 | SR: 1.00 | ST: 0.990 | LR: 0.000134 | T: 1.28s
[2025-09-10 14:10:25] CURRICULUM Ep  500 | Phase: 4 | Workflows: 8 | Tasks: 11-15 | Level: expert
[2025-09-10 14:10:26] LR_UPDATE Ep  500 | Old: 0.000134 | New: 0.000131 | Change: -2.00%
[2025-09-10 14:10:26] Ep  500 | R:  3334.44 | MS:   1.23 | SR: 1.00 | ST: 0.988 | LR: 0.000131 | T: 1.50s
[2025-09-10 14:10:26] === Evaluation Episode 500 ===
[2025-09-10 14:10:29] LR_UPDATE Ep  501 | Old: 0.000131 | New: 0.000131 | Change: -0.50%
[2025-09-10 14:10:29] Ep  501 | R:  2846.87 | MS:   1.12 | SR: 0.88 | ST: 0.988 | LR: 0.000131 | T: 1.22s
[2025-09-10 14:10:30] Ep  502 | R:  2644.96 | MS:   0.91 | SR: 1.00 | ST: 0.986 | LR: 0.000131 | T: 1.20s
[2025-09-10 14:10:31] Ep  503 | R:  2606.25 | MS:   0.98 | SR: 0.88 | ST: 0.988 | LR: 0.000131 | T: 1.27s
[2025-09-10 14:10:33] Ep  504 | R:  3220.83 | MS:   1.15 | SR: 1.00 | ST: 0.989 | LR: 0.000131 | T: 1.37s
[2025-09-10 14:10:34] Ep  505 | R:  3023.86 | MS:   1.11 | SR: 1.00 | ST: 0.989 | LR: 0.000131 | T: 1.31s
[2025-09-10 14:10:35] Ep  506 | R:  2619.77 | MS:   0.98 | SR: 0.88 | ST: 0.990 | LR: 0.000131 | T: 1.11s
[2025-09-10 14:10:36] Ep  507 | R:  2847.35 | MS:   1.17 | SR: 0.88 | ST: 0.989 | LR: 0.000131 | T: 1.24s
[2025-09-10 14:10:38] Ep  508 | R:  3351.22 | MS:   1.35 | SR: 0.62 | ST: 0.988 | LR: 0.000131 | T: 1.52s
[2025-09-10 14:10:39] Ep  509 | R:  2799.40 | MS:   1.00 | SR: 1.00 | ST: 0.988 | LR: 0.000131 | T: 1.38s
[2025-09-10 14:10:40] Ep  510 | R:  2833.23 | MS:   0.99 | SR: 1.00 | ST: 0.990 | LR: 0.000131 | T: 1.30s
[2025-09-10 14:10:42] Ep  511 | R:  2683.84 | MS:   0.99 | SR: 0.88 | ST: 0.990 | LR: 0.000131 | T: 1.21s
[2025-09-10 14:10:43] Ep  512 | R:  3074.87 | MS:   1.18 | SR: 0.75 | ST: 0.990 | LR: 0.000131 | T: 1.23s
[2025-09-10 14:10:44] Ep  513 | R:  3245.28 | MS:   1.23 | SR: 1.00 | ST: 0.988 | LR: 0.000131 | T: 1.31s
[2025-09-10 14:10:45] Ep  514 | R:  2881.93 | MS:   1.03 | SR: 1.00 | ST: 0.989 | LR: 0.000131 | T: 1.15s
[2025-09-10 14:10:47] Ep  515 | R:  3135.05 | MS:   1.15 | SR: 0.88 | ST: 0.989 | LR: 0.000131 | T: 1.25s
[2025-09-10 14:10:48] Ep  516 | R:  3066.17 | MS:   1.10 | SR: 1.00 | ST: 0.992 | LR: 0.000131 | T: 1.21s
[2025-09-10 14:10:49] Ep  517 | R:  2598.84 | MS:   0.88 | SR: 1.00 | ST: 0.992 | LR: 0.000131 | T: 1.13s
[2025-09-10 14:10:50] Ep  518 | R:  2614.72 | MS:   0.94 | SR: 1.00 | ST: 0.991 | LR: 0.000131 | T: 1.09s
[2025-09-10 14:10:51] Ep  519 | R:  3016.81 | MS:   1.17 | SR: 1.00 | ST: 0.992 | LR: 0.000131 | T: 1.31s
[2025-09-10 14:10:52] Ep  520 | R:  2712.39 | MS:   0.96 | SR: 1.00 | ST: 0.991 | LR: 0.000131 | T: 1.07s
[2025-09-10 14:10:54] Ep  521 | R:  2979.74 | MS:   1.12 | SR: 1.00 | ST: 0.994 | LR: 0.000131 | T: 1.26s
[2025-09-10 14:10:55] Ep  522 | R:  3383.11 | MS:   1.26 | SR: 1.00 | ST: 0.990 | LR: 0.000131 | T: 1.33s
[2025-09-10 14:10:56] Ep  523 | R:  2960.69 | MS:   1.10 | SR: 1.00 | ST: 0.990 | LR: 0.000131 | T: 1.32s
[2025-09-10 14:10:58] Ep  524 | R:  3471.23 | MS:   1.37 | SR: 0.88 | ST: 0.981 | LR: 0.000131 | T: 1.60s
[2025-09-10 14:10:59] Ep  525 | R:  2451.14 | MS:   0.84 | SR: 1.00 | ST: 0.974 | LR: 0.000131 | T: 1.16s
[2025-09-10 14:11:00] LR_UPDATE Ep  526 | Old: 0.000131 | New: 0.000130 | Change: -0.50%
[2025-09-10 14:11:00] Ep  526 | R:  2947.79 | MS:   1.06 | SR: 1.00 | ST: 0.977 | LR: 0.000130 | T: 1.27s
[2025-09-10 14:11:02] Ep  527 | R:  3391.76 | MS:   1.24 | SR: 1.00 | ST: 0.975 | LR: 0.000130 | T: 1.35s
[2025-09-10 14:11:03] Ep  528 | R:  2624.70 | MS:   0.99 | SR: 0.88 | ST: 0.976 | LR: 0.000130 | T: 1.09s
[2025-09-10 14:11:04] Ep  529 | R:  3231.10 | MS:   1.20 | SR: 0.88 | ST: 0.976 | LR: 0.000130 | T: 1.28s
[2025-09-10 14:11:05] Ep  530 | R:  3036.79 | MS:   1.12 | SR: 1.00 | ST: 0.978 | LR: 0.000130 | T: 1.38s
[2025-09-10 14:11:07] Ep  531 | R:  2566.15 | MS:   0.90 | SR: 1.00 | ST: 0.973 | LR: 0.000130 | T: 1.12s
[2025-09-10 14:11:08] Ep  532 | R:  2877.35 | MS:   1.01 | SR: 1.00 | ST: 0.983 | LR: 0.000130 | T: 1.13s
[2025-09-10 14:11:09] Ep  533 | R:  3362.09 | MS:   1.22 | SR: 1.00 | ST: 0.987 | LR: 0.000130 | T: 1.34s
[2025-09-10 14:11:10] Ep  534 | R:  2867.86 | MS:   1.03 | SR: 1.00 | ST: 0.986 | LR: 0.000130 | T: 1.36s
[2025-09-10 14:11:12] Ep  535 | R:  3043.93 | MS:   1.13 | SR: 0.88 | ST: 0.989 | LR: 0.000130 | T: 1.27s
[2025-09-10 14:11:13] Ep  536 | R:  2725.18 | MS:   0.98 | SR: 1.00 | ST: 0.989 | LR: 0.000130 | T: 1.17s
[2025-09-10 14:11:14] Ep  537 | R:  2872.19 | MS:   1.06 | SR: 1.00 | ST: 0.991 | LR: 0.000130 | T: 1.16s
[2025-09-10 14:11:15] Ep  538 | R:  2523.75 | MS:   0.87 | SR: 1.00 | ST: 0.988 | LR: 0.000130 | T: 1.09s
[2025-09-10 14:11:16] Ep  539 | R:  2892.81 | MS:   1.08 | SR: 0.88 | ST: 0.990 | LR: 0.000130 | T: 1.20s
[2025-09-10 14:11:18] Ep  540 | R:  2822.88 | MS:   1.40 | SR: 0.75 | ST: 0.988 | LR: 0.000130 | T: 1.17s
[2025-09-10 14:11:19] Ep  541 | R:  2785.94 | MS:   1.00 | SR: 0.88 | ST: 0.991 | LR: 0.000130 | T: 1.18s
[2025-09-10 14:11:20] Ep  542 | R:  3269.96 | MS:   1.18 | SR: 1.00 | ST: 0.989 | LR: 0.000130 | T: 1.32s
[2025-09-10 14:11:21] Ep  543 | R:  3033.56 | MS:   1.06 | SR: 1.00 | ST: 0.990 | LR: 0.000130 | T: 1.26s
[2025-09-10 14:11:22] Ep  544 | R:  2646.49 | MS:   0.93 | SR: 1.00 | ST: 0.988 | LR: 0.000130 | T: 1.12s
[2025-09-10 14:11:24] Ep  545 | R:  2744.79 | MS:   1.01 | SR: 0.88 | ST: 0.988 | LR: 0.000130 | T: 1.20s
[2025-09-10 14:11:25] Ep  546 | R:  2658.57 | MS:   0.95 | SR: 1.00 | ST: 0.991 | LR: 0.000130 | T: 1.11s
[2025-09-10 14:11:26] Ep  547 | R:  3303.40 | MS:   1.41 | SR: 0.88 | ST: 0.989 | LR: 0.000130 | T: 1.45s
[2025-09-10 14:11:27] Ep  548 | R:  2735.60 | MS:   0.99 | SR: 1.00 | ST: 0.991 | LR: 0.000130 | T: 1.10s
[2025-09-10 14:11:28] Ep  549 | R:  2673.69 | MS:   0.92 | SR: 1.00 | ST: 0.990 | LR: 0.000130 | T: 1.15s
[2025-09-10 14:11:28] CURRICULUM Ep  550 | Phase: 4 | Workflows: 8 | Tasks: 11-15 | Level: expert
[2025-09-10 14:11:30] LR_UPDATE Ep  550 | Old: 0.000130 | New: 0.000128 | Change: -2.00%
[2025-09-10 14:11:30] Ep  550 | R:  2653.19 | MS:   0.95 | SR: 1.00 | ST: 0.992 | LR: 0.000128 | T: 1.13s
[2025-09-10 14:11:30] === Evaluation Episode 550 ===
[2025-09-10 14:11:31] LR_UPDATE Ep  551 | Old: 0.000128 | New: 0.000127 | Change: -0.50%
[2025-09-10 14:11:31] Ep  551 | R:  2292.75 | MS:   0.82 | SR: 1.00 | ST: 0.990 | LR: 0.000127 | T: 1.01s
[2025-09-10 14:11:32] Ep  552 | R:  3130.22 | MS:   1.16 | SR: 1.00 | ST: 0.986 | LR: 0.000127 | T: 1.22s
[2025-09-10 14:11:33] Ep  553 | R:  2800.88 | MS:   0.97 | SR: 1.00 | ST: 0.986 | LR: 0.000127 | T: 1.17s
[2025-09-10 14:11:34] Ep  554 | R:  2918.08 | MS:   1.12 | SR: 1.00 | ST: 0.985 | LR: 0.000127 | T: 1.29s
[2025-09-10 14:11:36] Ep  555 | R:  3016.81 | MS:   1.09 | SR: 1.00 | ST: 0.989 | LR: 0.000127 | T: 1.33s
[2025-09-10 14:11:37] Ep  556 | R:  2714.16 | MS:   1.03 | SR: 0.88 | ST: 0.989 | LR: 0.000127 | T: 1.30s
[2025-09-10 14:11:38] Ep  557 | R:  2449.18 | MS:   1.13 | SR: 0.88 | ST: 0.989 | LR: 0.000127 | T: 1.17s
[2025-09-10 14:11:39] Ep  558 | R:  2753.95 | MS:   1.03 | SR: 0.88 | ST: 0.990 | LR: 0.000127 | T: 1.32s
[2025-09-10 14:11:41] Ep  559 | R:  2817.56 | MS:   1.05 | SR: 0.88 | ST: 0.997 | LR: 0.000127 | T: 1.23s
[2025-09-10 14:11:42] Ep  560 | R:  3381.02 | MS:   1.26 | SR: 1.00 | ST: 0.997 | LR: 0.000127 | T: 1.34s
[2025-09-10 14:11:43] Ep  561 | R:  2976.02 | MS:   1.11 | SR: 1.00 | ST: 0.998 | LR: 0.000127 | T: 1.27s
[2025-09-10 14:11:44] Ep  562 | R:  2830.61 | MS:   1.01 | SR: 1.00 | ST: 0.998 | LR: 0.000127 | T: 1.15s
[2025-09-10 14:11:45] Ep  563 | R:  2497.91 | MS:   0.87 | SR: 1.00 | ST: 0.997 | LR: 0.000127 | T: 1.02s
[2025-09-10 14:11:47] Ep  564 | R:  2998.31 | MS:   1.12 | SR: 1.00 | ST: 0.997 | LR: 0.000127 | T: 1.22s
[2025-09-10 14:11:48] Ep  565 | R:  2919.60 | MS:   1.09 | SR: 1.00 | ST: 0.997 | LR: 0.000127 | T: 1.25s
[2025-09-10 14:11:49] Ep  566 | R:  2880.33 | MS:   1.07 | SR: 0.88 | ST: 0.997 | LR: 0.000127 | T: 1.20s
[2025-09-10 14:11:50] Ep  567 | R:  3022.22 | MS:   1.08 | SR: 1.00 | ST: 0.997 | LR: 0.000127 | T: 1.22s
[2025-09-10 14:11:51] Ep  568 | R:  3056.76 | MS:   1.11 | SR: 0.88 | ST: 0.998 | LR: 0.000127 | T: 1.16s
[2025-09-10 14:11:53] Ep  569 | R:  2914.70 | MS:   1.05 | SR: 1.00 | ST: 0.998 | LR: 0.000127 | T: 1.28s
[2025-09-10 14:11:54] Ep  570 | R:  2519.15 | MS:   0.92 | SR: 1.00 | ST: 0.998 | LR: 0.000127 | T: 1.06s
[2025-09-10 14:11:55] Ep  571 | R:  3201.94 | MS:   1.19 | SR: 1.00 | ST: 0.999 | LR: 0.000127 | T: 1.33s
[2025-09-10 14:11:56] Ep  572 | R:  2953.39 | MS:   1.07 | SR: 1.00 | ST: 0.999 | LR: 0.000127 | T: 1.27s
[2025-09-10 14:11:58] Ep  573 | R:  3030.84 | MS:   1.08 | SR: 1.00 | ST: 0.999 | LR: 0.000127 | T: 1.38s
[2025-09-10 14:11:59] Ep  574 | R:  2896.00 | MS:   1.02 | SR: 1.00 | ST: 0.999 | LR: 0.000127 | T: 1.21s
[2025-09-10 14:12:00] Ep  575 | R:  2764.74 | MS:   0.98 | SR: 1.00 | ST: 0.998 | LR: 0.000127 | T: 1.26s
[2025-09-10 14:12:01] LR_UPDATE Ep  576 | Old: 0.000127 | New: 0.000126 | Change: -0.50%
[2025-09-10 14:12:01] Ep  576 | R:  2538.54 | MS:   1.01 | SR: 0.88 | ST: 0.998 | LR: 0.000126 | T: 1.17s
[2025-09-10 14:12:02] Ep  577 | R:  2415.76 | MS:   0.85 | SR: 1.00 | ST: 0.997 | LR: 0.000126 | T: 1.08s
[2025-09-10 14:12:04] Ep  578 | R:  2668.05 | MS:   1.02 | SR: 0.88 | ST: 0.997 | LR: 0.000126 | T: 1.17s
[2025-09-10 14:12:05] Ep  579 | R:  2809.08 | MS:   1.10 | SR: 0.88 | ST: 0.998 | LR: 0.000126 | T: 1.54s
[2025-09-10 14:12:06] Ep  580 | R:  3042.13 | MS:   1.11 | SR: 1.00 | ST: 0.998 | LR: 0.000126 | T: 1.22s
[2025-09-10 14:12:08] Ep  581 | R:  2904.50 | MS:   1.07 | SR: 0.88 | ST: 0.999 | LR: 0.000126 | T: 1.25s
[2025-09-10 14:12:09] Ep  582 | R:  2649.18 | MS:   0.90 | SR: 1.00 | ST: 0.998 | LR: 0.000126 | T: 1.10s
[2025-09-10 14:12:10] Ep  583 | R:  2879.10 | MS:   1.07 | SR: 1.00 | ST: 0.998 | LR: 0.000126 | T: 1.35s
[2025-09-10 14:12:11] Ep  584 | R:  3025.65 | MS:   1.16 | SR: 1.00 | ST: 0.996 | LR: 0.000126 | T: 1.25s
[2025-09-10 14:12:13] Ep  585 | R:  2818.43 | MS:   1.05 | SR: 0.88 | ST: 0.997 | LR: 0.000126 | T: 1.44s
[2025-09-10 14:12:14] Ep  586 | R:  2932.46 | MS:   1.08 | SR: 1.00 | ST: 0.997 | LR: 0.000126 | T: 1.18s
[2025-09-10 14:12:15] Ep  587 | R:  2686.76 | MS:   0.99 | SR: 0.88 | ST: 0.997 | LR: 0.000126 | T: 1.17s
[2025-09-10 14:12:16] Ep  588 | R:  3283.08 | MS:   1.21 | SR: 1.00 | ST: 0.994 | LR: 0.000126 | T: 1.27s
[2025-09-10 14:12:18] Ep  589 | R:  2803.17 | MS:   1.02 | SR: 1.00 | ST: 0.994 | LR: 0.000126 | T: 1.11s
[2025-09-10 14:12:19] Ep  590 | R:  2522.99 | MS:   0.95 | SR: 0.88 | ST: 0.994 | LR: 0.000126 | T: 1.12s
[2025-09-10 14:12:20] Ep  591 | R:  3039.83 | MS:   1.14 | SR: 1.00 | ST: 0.993 | LR: 0.000126 | T: 1.33s
[2025-09-10 14:12:22] Ep  592 | R:  3135.34 | MS:   1.42 | SR: 0.88 | ST: 0.990 | LR: 0.000126 | T: 1.63s
[2025-09-10 14:12:23] Ep  593 | R:  2986.22 | MS:   1.12 | SR: 0.88 | ST: 0.990 | LR: 0.000126 | T: 1.27s
[2025-09-10 14:12:24] Ep  594 | R:  2890.70 | MS:   1.44 | SR: 0.88 | ST: 0.985 | LR: 0.000126 | T: 1.17s
[2025-09-10 14:12:25] Ep  595 | R:  2809.13 | MS:   1.04 | SR: 1.00 | ST: 0.987 | LR: 0.000126 | T: 1.21s
[2025-09-10 14:12:26] Ep  596 | R:  3011.33 | MS:   1.13 | SR: 0.88 | ST: 0.988 | LR: 0.000126 | T: 1.15s
[2025-09-10 14:12:28] Ep  597 | R:  2616.44 | MS:   0.92 | SR: 1.00 | ST: 0.984 | LR: 0.000126 | T: 1.13s
[2025-09-10 14:12:29] Ep  598 | R:  2854.11 | MS:   1.02 | SR: 1.00 | ST: 0.987 | LR: 0.000126 | T: 1.22s
[2025-09-10 14:12:30] Ep  599 | R:  2833.26 | MS:   1.04 | SR: 1.00 | ST: 0.986 | LR: 0.000126 | T: 1.25s
[2025-09-10 14:12:30] CURRICULUM Ep  600 | Phase: 4 | Workflows: 8 | Tasks: 11-15 | Level: expert
[2025-09-10 14:12:31] LR_UPDATE Ep  600 | Old: 0.000126 | New: 0.000124 | Change: -2.00%
[2025-09-10 14:12:31] Ep  600 | R:  2783.96 | MS:   1.01 | SR: 1.00 | ST: 0.989 | LR: 0.000124 | T: 1.16s
[2025-09-10 14:12:31] === Evaluation Episode 600 ===
[2025-09-10 14:12:34] LR_UPDATE Ep  601 | Old: 0.000124 | New: 0.000123 | Change: -0.50%
[2025-09-10 14:12:34] Ep  601 | R:  2622.48 | MS:   0.95 | SR: 0.88 | ST: 0.987 | LR: 0.000123 | T: 1.14s
[2025-09-10 14:12:35] Ep  602 | R:  2969.76 | MS:   1.13 | SR: 0.88 | ST: 0.996 | LR: 0.000123 | T: 1.17s
[2025-09-10 14:12:36] Ep  603 | R:  3156.81 | MS:   1.20 | SR: 1.00 | ST: 0.995 | LR: 0.000123 | T: 1.37s
[2025-09-10 14:12:37] Ep  604 | R:  3158.12 | MS:   1.22 | SR: 1.00 | ST: 0.995 | LR: 0.000123 | T: 1.29s
[2025-09-10 14:12:39] Ep  605 | R:  2966.17 | MS:   1.06 | SR: 1.00 | ST: 0.997 | LR: 0.000123 | T: 1.20s
[2025-09-10 14:12:40] Ep  606 | R:  2993.08 | MS:   1.07 | SR: 1.00 | ST: 0.997 | LR: 0.000123 | T: 1.30s
[2025-09-10 14:12:41] Ep  607 | R:  3171.04 | MS:   1.16 | SR: 1.00 | ST: 0.996 | LR: 0.000123 | T: 1.32s
[2025-09-10 14:12:42] Ep  608 | R:  2743.57 | MS:   1.02 | SR: 1.00 | ST: 0.996 | LR: 0.000123 | T: 1.19s
[2025-09-10 14:12:44] Ep  609 | R:  2625.49 | MS:   0.93 | SR: 1.00 | ST: 0.997 | LR: 0.000123 | T: 1.27s
[2025-09-10 14:12:45] Ep  610 | R:  3202.48 | MS:   1.18 | SR: 1.00 | ST: 0.996 | LR: 0.000123 | T: 1.62s
[2025-09-10 14:12:47] Ep  611 | R:  2852.77 | MS:   1.03 | SR: 1.00 | ST: 0.995 | LR: 0.000123 | T: 1.43s
[2025-09-10 14:12:48] Ep  612 | R:  3101.38 | MS:   1.20 | SR: 1.00 | ST: 0.994 | LR: 0.000123 | T: 1.47s
[2025-09-10 14:12:50] Ep  613 | R:  3282.64 | MS:   1.22 | SR: 1.00 | ST: 0.992 | LR: 0.000123 | T: 1.66s
[2025-09-10 14:12:51] Ep  614 | R:  2490.36 | MS:   0.88 | SR: 1.00 | ST: 0.987 | LR: 0.000123 | T: 1.34s
[2025-09-10 14:12:53] Ep  615 | R:  3141.29 | MS:   1.17 | SR: 1.00 | ST: 0.987 | LR: 0.000123 | T: 1.69s
[2025-09-10 14:12:54] Ep  616 | R:  2960.45 | MS:   1.07 | SR: 1.00 | ST: 0.987 | LR: 0.000123 | T: 1.46s
[2025-09-10 14:12:56] Ep  617 | R:  2656.12 | MS:   0.96 | SR: 1.00 | ST: 0.987 | LR: 0.000123 | T: 1.48s
[2025-09-10 14:12:57] Ep  618 | R:  2866.40 | MS:   1.02 | SR: 1.00 | ST: 0.988 | LR: 0.000123 | T: 1.61s
[2025-09-10 14:12:59] Ep  619 | R:  3045.40 | MS:   1.13 | SR: 1.00 | ST: 0.987 | LR: 0.000123 | T: 1.56s
[2025-09-10 14:13:00] Ep  620 | R:  2931.66 | MS:   1.06 | SR: 1.00 | ST: 0.990 | LR: 0.000123 | T: 1.47s
[2025-09-10 14:13:02] Ep  621 | R:  2608.18 | MS:   0.95 | SR: 0.88 | ST: 0.992 | LR: 0.000123 | T: 1.44s
[2025-09-10 14:13:03] Ep  622 | R:  2853.32 | MS:   1.02 | SR: 0.88 | ST: 0.995 | LR: 0.000123 | T: 1.58s
[2025-09-10 14:13:05] Ep  623 | R:  2837.98 | MS:   1.00 | SR: 1.00 | ST: 0.997 | LR: 0.000123 | T: 1.47s
[2025-09-10 14:13:07] Ep  624 | R:  2903.14 | MS:   1.08 | SR: 1.00 | ST: 0.997 | LR: 0.000123 | T: 1.63s
[2025-09-10 14:13:08] Ep  625 | R:  3264.15 | MS:   1.22 | SR: 1.00 | ST: 0.997 | LR: 0.000123 | T: 1.75s
[2025-09-10 14:13:10] LR_UPDATE Ep  626 | Old: 0.000123 | New: 0.000123 | Change: -0.50%
[2025-09-10 14:13:10] Ep  626 | R:  3313.83 | MS:   1.17 | SR: 1.00 | ST: 0.995 | LR: 0.000123 | T: 1.62s
[2025-09-10 14:13:11] Ep  627 | R:  2532.53 | MS:   0.85 | SR: 1.00 | ST: 0.995 | LR: 0.000123 | T: 1.29s
[2025-09-10 14:13:13] Ep  628 | R:  2349.80 | MS:   0.83 | SR: 1.00 | ST: 0.993 | LR: 0.000123 | T: 1.39s
[2025-09-10 14:13:14] Ep  629 | R:  2787.81 | MS:   1.06 | SR: 1.00 | ST: 0.994 | LR: 0.000123 | T: 1.54s
[2025-09-10 14:13:16] Ep  630 | R:  3096.74 | MS:   1.19 | SR: 1.00 | ST: 0.991 | LR: 0.000123 | T: 1.70s
[2025-09-10 14:13:18] Ep  631 | R:  2646.91 | MS:   0.98 | SR: 0.88 | ST: 0.991 | LR: 0.000123 | T: 1.62s
[2025-09-10 14:13:19] Ep  632 | R:  2754.43 | MS:   0.99 | SR: 1.00 | ST: 0.991 | LR: 0.000123 | T: 1.60s
[2025-09-10 14:13:21] Ep  633 | R:  2835.39 | MS:   1.08 | SR: 1.00 | ST: 0.991 | LR: 0.000123 | T: 1.65s
[2025-09-10 14:13:22] Ep  634 | R:  2378.21 | MS:   0.83 | SR: 1.00 | ST: 0.989 | LR: 0.000123 | T: 1.47s
[2025-09-10 14:13:24] Ep  635 | R:  2474.72 | MS:   0.91 | SR: 0.88 | ST: 0.989 | LR: 0.000123 | T: 1.54s
[2025-09-10 14:13:25] Ep  636 | R:  2565.22 | MS:   0.97 | SR: 0.88 | ST: 0.990 | LR: 0.000123 | T: 1.57s
[2025-09-10 14:13:27] Ep  637 | R:  2553.94 | MS:   0.88 | SR: 1.00 | ST: 0.989 | LR: 0.000123 | T: 1.46s
[2025-09-10 14:13:28] Ep  638 | R:  2920.65 | MS:   1.08 | SR: 1.00 | ST: 0.993 | LR: 0.000123 | T: 1.64s
[2025-09-10 14:13:30] Ep  639 | R:  2764.16 | MS:   0.95 | SR: 1.00 | ST: 0.993 | LR: 0.000123 | T: 1.64s
[2025-09-10 14:13:32] Ep  640 | R:  3034.46 | MS:   1.08 | SR: 1.00 | ST: 0.992 | LR: 0.000123 | T: 1.75s
[2025-09-10 14:13:34] Ep  641 | R:  3149.45 | MS:   1.19 | SR: 1.00 | ST: 0.988 | LR: 0.000123 | T: 1.92s
[2025-09-10 14:13:35] Ep  642 | R:  2750.63 | MS:   0.98 | SR: 1.00 | ST: 0.991 | LR: 0.000123 | T: 1.63s
[2025-09-10 14:13:37] Ep  643 | R:  3227.96 | MS:   1.16 | SR: 1.00 | ST: 0.990 | LR: 0.000123 | T: 1.84s
[2025-09-10 14:13:39] Ep  644 | R:  3262.15 | MS:   1.19 | SR: 1.00 | ST: 0.988 | LR: 0.000123 | T: 1.90s
[2025-09-10 14:13:41] Ep  645 | R:  2893.73 | MS:   1.10 | SR: 1.00 | ST: 0.993 | LR: 0.000123 | T: 1.79s
[2025-09-10 14:13:42] Ep  646 | R:  2562.70 | MS:   0.88 | SR: 1.00 | ST: 0.991 | LR: 0.000123 | T: 1.49s
[2025-09-10 14:13:44] Ep  647 | R:  2815.14 | MS:   1.00 | SR: 1.00 | ST: 0.993 | LR: 0.000123 | T: 1.62s
[2025-09-10 14:13:46] Ep  648 | R:  2951.02 | MS:   1.10 | SR: 1.00 | ST: 0.993 | LR: 0.000123 | T: 1.53s
[2025-09-10 14:13:47] Ep  649 | R:  2687.74 | MS:   0.99 | SR: 1.00 | ST: 0.993 | LR: 0.000123 | T: 1.28s
[2025-09-10 14:13:47] CURRICULUM Ep  650 | Phase: 4 | Workflows: 8 | Tasks: 11-15 | Level: expert
[2025-09-10 14:13:48] LR_UPDATE Ep  650 | Old: 0.000123 | New: 0.000120 | Change: -2.00%
[2025-09-10 14:13:48] Ep  650 | R:  2625.77 | MS:   0.92 | SR: 1.00 | ST: 0.992 | LR: 0.000120 | T: 1.38s
[2025-09-10 14:13:48] === Evaluation Episode 650 ===
[2025-09-10 14:13:50] LR_UPDATE Ep  651 | Old: 0.000120 | New: 0.000119 | Change: -0.50%
[2025-09-10 14:13:50] Ep  651 | R:  2924.95 | MS:   1.08 | SR: 1.00 | ST: 0.993 | LR: 0.000119 | T: 1.45s
[2025-09-10 14:13:51] Ep  652 | R:  2699.96 | MS:   1.00 | SR: 1.00 | ST: 0.996 | LR: 0.000119 | T: 1.47s
[2025-09-10 14:13:53] Ep  653 | R:  2533.54 | MS:   0.88 | SR: 1.00 | ST: 0.995 | LR: 0.000119 | T: 1.51s
[2025-09-10 14:13:54] Ep  654 | R:  2983.26 | MS:   1.11 | SR: 0.88 | ST: 0.994 | LR: 0.000119 | T: 1.64s
[2025-09-10 14:13:56] Ep  655 | R:  2511.31 | MS:   0.90 | SR: 1.00 | ST: 0.993 | LR: 0.000119 | T: 1.72s
[2025-09-10 14:13:58] Ep  656 | R:  2332.29 | MS:   0.80 | SR: 1.00 | ST: 0.990 | LR: 0.000119 | T: 1.67s
[2025-09-10 14:13:59] Ep  657 | R:  2660.35 | MS:   0.98 | SR: 0.88 | ST: 0.990 | LR: 0.000119 | T: 1.75s
[2025-09-10 14:14:02] Ep  658 | R:  2891.73 | MS:   1.53 | SR: 0.88 | ST: 0.987 | LR: 0.000119 | T: 2.14s
[2025-09-10 14:14:04] Ep  659 | R:  2998.69 | MS:   1.17 | SR: 0.88 | ST: 0.984 | LR: 0.000119 | T: 1.92s
[2025-09-10 14:14:05] Ep  660 | R:  2983.51 | MS:   1.12 | SR: 0.88 | ST: 0.982 | LR: 0.000119 | T: 1.88s
[2025-09-10 14:14:07] Ep  661 | R:  2876.21 | MS:   1.03 | SR: 1.00 | ST: 0.985 | LR: 0.000119 | T: 1.70s
[2025-09-10 14:14:09] Ep  662 | R:  2043.63 | MS:   0.68 | SR: 1.00 | ST: 0.985 | LR: 0.000119 | T: 1.49s
[2025-09-10 14:14:11] Ep  663 | R:  2942.11 | MS:   1.13 | SR: 0.75 | ST: 0.986 | LR: 0.000119 | T: 2.77s
[2025-09-10 14:14:13] Ep  664 | R:  3088.80 | MS:   1.19 | SR: 0.75 | ST: 0.992 | LR: 0.000119 | T: 1.82s
[2025-09-10 14:14:14] Ep  665 | R:  2887.30 | MS:   1.06 | SR: 1.00 | ST: 0.994 | LR: 0.000119 | T: 1.06s
[2025-09-10 14:14:15] Ep  666 | R:  3117.86 | MS:   1.18 | SR: 0.88 | ST: 0.993 | LR: 0.000119 | T: 1.12s
[2025-09-10 14:14:16] Ep  667 | R:  2889.59 | MS:   1.56 | SR: 0.88 | ST: 0.990 | LR: 0.000119 | T: 1.09s
[2025-09-10 14:14:17] Ep  668 | R:  2662.88 | MS:   1.01 | SR: 0.88 | ST: 0.989 | LR: 0.000119 | T: 0.99s
[2025-09-10 14:14:19] Ep  669 | R:  2736.48 | MS:   1.05 | SR: 1.00 | ST: 0.989 | LR: 0.000119 | T: 1.03s
[2025-09-10 14:14:20] Ep  670 | R:  2960.39 | MS:   1.12 | SR: 0.88 | ST: 0.993 | LR: 0.000119 | T: 1.07s
[2025-09-10 14:14:21] Ep  671 | R:  2840.13 | MS:   1.03 | SR: 1.00 | ST: 0.992 | LR: 0.000119 | T: 1.03s
[2025-09-10 14:14:22] Ep  672 | R:  2627.37 | MS:   0.93 | SR: 1.00 | ST: 0.989 | LR: 0.000119 | T: 0.98s
[2025-09-10 14:14:22] Ep  673 | R:  2285.82 | MS:   0.78 | SR: 1.00 | ST: 0.986 | LR: 0.000119 | T: 0.88s
[2025-09-10 14:14:24] Ep  674 | R:  2954.19 | MS:   1.08 | SR: 1.00 | ST: 0.988 | LR: 0.000119 | T: 1.05s
[2025-09-10 14:14:25] Ep  675 | R:  3385.75 | MS:   1.28 | SR: 0.88 | ST: 0.993 | LR: 0.000119 | T: 1.18s
[2025-09-10 14:14:26] Ep  676 | R:  2861.67 | MS:   1.02 | SR: 1.00 | ST: 0.993 | LR: 0.000119 | T: 1.00s
[2025-09-10 14:14:27] Ep  677 | R:  2865.15 | MS:   1.07 | SR: 0.88 | ST: 0.993 | LR: 0.000119 | T: 1.04s
[2025-09-10 14:14:28] Ep  678 | R:  3306.62 | MS:   1.23 | SR: 1.00 | ST: 0.989 | LR: 0.000119 | T: 1.16s
[2025-09-10 14:14:29] Ep  679 | R:  3592.68 | MS:   1.39 | SR: 0.75 | ST: 0.985 | LR: 0.000119 | T: 1.24s
[2025-09-10 14:14:30] Ep  680 | R:  2487.65 | MS:   0.87 | SR: 1.00 | ST: 0.986 | LR: 0.000119 | T: 0.91s
[2025-09-10 14:14:31] Ep  681 | R:  2686.86 | MS:   0.96 | SR: 1.00 | ST: 0.988 | LR: 0.000119 | T: 0.99s
[2025-09-10 14:14:32] Ep  682 | R:  2485.94 | MS:   0.90 | SR: 1.00 | ST: 0.984 | LR: 0.000119 | T: 0.91s
[2025-09-10 14:14:33] Ep  683 | R:  3012.64 | MS:   1.09 | SR: 1.00 | ST: 0.985 | LR: 0.000119 | T: 1.06s
[2025-09-10 14:14:34] Ep  684 | R:  3153.56 | MS:   1.19 | SR: 1.00 | ST: 0.984 | LR: 0.000119 | T: 1.09s
[2025-09-10 14:14:35] Ep  685 | R:  3342.50 | MS:   1.26 | SR: 1.00 | ST: 0.981 | LR: 0.000119 | T: 1.16s
[2025-09-10 14:14:36] Ep  686 | R:  2781.31 | MS:   1.01 | SR: 1.00 | ST: 0.982 | LR: 0.000119 | T: 1.00s
[2025-09-10 14:14:37] LR_UPDATE Ep  687 | Old: 0.000119 | New: 0.000119 | Change: -0.50%
[2025-09-10 14:14:37] Ep  687 | R:  3353.65 | MS:   1.23 | SR: 0.88 | ST: 0.983 | LR: 0.000119 | T: 1.14s
[2025-09-10 14:14:39] Ep  688 | R:  3354.43 | MS:   1.27 | SR: 1.00 | ST: 0.982 | LR: 0.000119 | T: 1.17s
[2025-09-10 14:14:40] Ep  689 | R:  2698.86 | MS:   0.98 | SR: 1.00 | ST: 0.983 | LR: 0.000119 | T: 1.00s
[2025-09-10 14:14:41] Ep  690 | R:  2888.47 | MS:   1.08 | SR: 1.00 | ST: 0.988 | LR: 0.000119 | T: 1.01s
[2025-09-10 14:14:42] Ep  691 | R:  2986.39 | MS:   1.08 | SR: 0.88 | ST: 0.988 | LR: 0.000119 | T: 1.04s
[2025-09-10 14:14:43] Ep  692 | R:  2965.07 | MS:   1.06 | SR: 1.00 | ST: 0.988 | LR: 0.000119 | T: 1.03s
[2025-09-10 14:14:44] Ep  693 | R:  3088.53 | MS:   1.15 | SR: 1.00 | ST: 0.991 | LR: 0.000119 | T: 1.08s
[2025-09-10 14:14:45] Ep  694 | R:  3014.89 | MS:   1.10 | SR: 1.00 | ST: 0.992 | LR: 0.000119 | T: 1.06s
[2025-09-10 14:14:46] Ep  695 | R:  2964.54 | MS:   1.13 | SR: 0.88 | ST: 0.994 | LR: 0.000119 | T: 1.09s
[2025-09-10 14:14:47] Ep  696 | R:  2990.22 | MS:   1.08 | SR: 1.00 | ST: 0.998 | LR: 0.000119 | T: 1.06s
[2025-09-10 14:14:48] Ep  697 | R:  2234.09 | MS:   0.78 | SR: 1.00 | ST: 0.999 | LR: 0.000119 | T: 0.89s
[2025-09-10 14:14:49] Ep  698 | R:  3043.87 | MS:   1.17 | SR: 1.00 | ST: 0.998 | LR: 0.000119 | T: 1.10s
[2025-09-10 14:14:50] Ep  699 | R:  3016.85 | MS:   1.16 | SR: 1.00 | ST: 0.998 | LR: 0.000119 | T: 1.08s
[2025-09-10 14:14:50] CURRICULUM Ep  700 | Phase: 4 | Workflows: 8 | Tasks: 11-15 | Level: expert
[2025-09-10 14:14:51] LR_UPDATE Ep  700 | Old: 0.000119 | New: 0.000116 | Change: -2.00%
[2025-09-10 14:14:51] Ep  700 | R:  2978.58 | MS:   1.14 | SR: 1.00 | ST: 0.998 | LR: 0.000116 | T: 1.10s
[2025-09-10 14:14:51] === Evaluation Episode 700 ===
