
================================================================================
Ultra-Optimized HD-DDPG Medical Workflow Scheduling Training Log
Training Start Time: 2025-07-28 16:05:44
Experiment Directory: stabilized_model_result\makespan_1_4_long_term_conservative
Training Mode: ULTRA_OPTIMIZED_CPU
Loss Tracking: ENABLED
================================================================================
[2025-07-28 16:05:48] Episode    1 | Reward:  1424.82 | Makespan:   1.94 | LoadBalance: 1.946 | Success: 1.00 | Stability: 1.000 | Quality: 0.924 | LR: 0.000001 | Duration: 1.90s
[2025-07-28 16:05:49] Episode    2 | Reward:  1144.09 | Makespan:   1.37 | LoadBalance: 1.951 | Success: 1.00 | Stability: 1.000 | Quality: 0.934 | LR: 0.000001 | Duration: 1.37s
[2025-07-28 16:05:51] Episode    3 | Reward:  1057.47 | Makespan:   1.60 | LoadBalance: 1.934 | Success: 1.00 | Stability: 1.000 | Quality: 0.881 | LR: 0.000001 | Duration: 1.39s
[2025-07-28 16:05:52] Episode    4 | Reward:   938.67 | Makespan:   1.45 | LoadBalance: 1.938 | Success: 1.00 | Stability: 1.000 | Quality: 0.856 | LR: 0.000001 | Duration: 1.29s
[2025-07-28 16:05:54] Episode    5 | Reward:  1276.10 | Makespan:   1.78 | LoadBalance: 1.948 | Success: 1.00 | Stability: 1.000 | Quality: 0.903 | LR: 0.000001 | Duration: 1.47s
[2025-07-28 16:05:55] Episode    6 | Reward:  1252.80 | Makespan:   1.84 | LoadBalance: 1.937 | Success: 1.00 | Stability: 1.000 | Quality: 0.890 | LR: 0.000001 | Duration: 1.49s
[2025-07-28 16:05:57] Episode    7 | Reward:  1257.62 | Makespan:   1.47 | LoadBalance: 1.941 | Success: 1.00 | Stability: 1.000 | Quality: 0.903 | LR: 0.000001 | Duration: 1.46s
[2025-07-28 16:05:58] Episode    8 | Reward:  1044.95 | Makespan:   1.63 | LoadBalance: 1.920 | Success: 1.00 | Stability: 1.000 | Quality: 0.863 | LR: 0.000001 | Duration: 1.47s
[2025-07-28 16:06:00] Episode    9 | Reward:  1180.99 | Makespan:   2.00 | LoadBalance: 1.909 | Success: 1.00 | Stability: 0.986 | Quality: 0.863 | LR: 0.000001 | Duration: 1.58s
[2025-07-28 16:06:01] Episode   10 | Reward:  1142.72 | Makespan:   1.59 | LoadBalance: 1.931 | Success: 1.00 | Stability: 0.992 | Quality: 0.886 | LR: 0.000001 | Duration: 1.43s
[2025-07-28 16:06:02] Episode   11 | Reward:  1080.77 | Makespan:   1.71 | LoadBalance: 1.927 | Success: 1.00 | Stability: 0.996 | Quality: 0.896 | LR: 0.000001 | Duration: 1.31s
[2025-07-28 16:06:04] Episode   12 | Reward:  1302.55 | Makespan:   1.59 | LoadBalance: 1.933 | Success: 1.00 | Stability: 0.995 | Quality: 0.875 | LR: 0.000001 | Duration: 1.50s
[2025-07-28 16:06:05] Episode   13 | Reward:  1087.15 | Makespan:   1.55 | LoadBalance: 1.927 | Success: 1.00 | Stability: 0.992 | Quality: 0.872 | LR: 0.000001 | Duration: 1.40s
[2025-07-28 16:06:07] Episode   14 | Reward:  1203.94 | Makespan:   1.84 | LoadBalance: 1.937 | Success: 1.00 | Stability: 0.990 | Quality: 0.921 | LR: 0.000001 | Duration: 1.37s
[2025-07-28 16:06:08] Episode   15 | Reward:  1110.80 | Makespan:   1.64 | LoadBalance: 1.924 | Success: 1.00 | Stability: 0.990 | Quality: 0.864 | LR: 0.000001 | Duration: 1.39s
[2025-07-28 16:06:10] Episode   16 | Reward:  1348.46 | Makespan:   2.39 | LoadBalance: 1.938 | Success: 1.00 | Stability: 0.978 | Quality: 0.889 | LR: 0.000001 | Duration: 1.56s
[2025-07-28 16:06:11] Episode   17 | Reward:  1139.10 | Makespan:   1.91 | LoadBalance: 1.928 | Success: 1.00 | Stability: 0.973 | Quality: 0.878 | LR: 0.000001 | Duration: 1.48s
[2025-07-28 16:06:13] Episode   18 | Reward:  1235.32 | Makespan:   2.03 | LoadBalance: 1.917 | Success: 1.00 | Stability: 0.963 | Quality: 0.846 | LR: 0.000001 | Duration: 1.59s
[2025-07-28 16:06:14] Episode   19 | Reward:  1076.85 | Makespan:   1.86 | LoadBalance: 1.928 | Success: 1.00 | Stability: 0.959 | Quality: 0.863 | LR: 0.000001 | Duration: 1.48s
[2025-07-28 16:06:16] Episode   20 | Reward:  1143.70 | Makespan:   1.52 | LoadBalance: 1.937 | Success: 1.00 | Stability: 0.963 | Quality: 0.890 | LR: 0.000001 | Duration: 1.42s
[2025-07-28 16:06:16] === Episode 20 Performance Evaluation ===
  avg_reward: 1172.4440101768578
  std_reward: 113.45590885988724
  avg_makespan: 1.7348300632686748
  std_makespan: 0.2383598455386367
  avg_load_balance: 1.9324641206766113
  reward_trend: -1.1692261193395235
  makespan_stability: 0.9462390355904181
=== Evaluation Completed ===
[2025-07-28 16:06:17] Episode   21 | Reward:  1213.41 | Makespan:   1.74 | LoadBalance: 1.936 | Success: 1.00 | Stability: 0.967 | Quality: 0.887 | LR: 0.000001 | Duration: 1.42s
[2025-07-28 16:06:18] Episode   22 | Reward:  1195.20 | Makespan:   1.59 | LoadBalance: 1.928 | Success: 1.00 | Stability: 0.960 | Quality: 0.863 | LR: 0.000001 | Duration: 1.45s
[2025-07-28 16:06:20] Episode   23 | Reward:  1201.45 | Makespan:   1.60 | LoadBalance: 1.925 | Success: 1.00 | Stability: 0.952 | Quality: 0.878 | LR: 0.000001 | Duration: 1.38s
[2025-07-28 16:06:21] Episode   24 | Reward:  1316.03 | Makespan:   1.80 | LoadBalance: 1.923 | Success: 1.00 | Stability: 0.956 | Quality: 0.881 | LR: 0.000001 | Duration: 1.51s
[2025-07-28 16:06:23] Episode   25 | Reward:  1218.13 | Makespan:   1.46 | LoadBalance: 1.922 | Success: 1.00 | Stability: 0.972 | Quality: 0.883 | LR: 0.000001 | Duration: 1.41s
[2025-07-28 16:06:25] Episode   26 | Reward:  1132.54 | Makespan:   1.38 | LoadBalance: 1.931 | Success: 1.00 | Stability: 0.983 | Quality: 0.889 | LR: 0.000001 | Duration: 1.47s
[2025-07-28 16:06:27] Episode   27 | Reward:  1321.19 | Makespan:   1.55 | LoadBalance: 1.932 | Success: 1.00 | Stability: 0.982 | Quality: 0.858 | LR: 0.000001 | Duration: 1.46s
[2025-07-28 16:06:28] Episode   28 | Reward:  1098.75 | Makespan:   1.50 | LoadBalance: 1.932 | Success: 1.00 | Stability: 0.977 | Quality: 0.900 | LR: 0.000001 | Duration: 1.34s
[2025-07-28 16:06:29] Episode   29 | Reward:  1282.50 | Makespan:   1.71 | LoadBalance: 1.925 | Success: 1.00 | Stability: 0.975 | Quality: 0.889 | LR: 0.000001 | Duration: 1.43s
[2025-07-28 16:06:31] Episode   30 | Reward:  1062.24 | Makespan:   1.62 | LoadBalance: 1.914 | Success: 1.00 | Stability: 0.977 | Quality: 0.862 | LR: 0.000001 | Duration: 1.42s
[2025-07-28 16:06:32] Episode   31 | Reward:  1219.29 | Makespan:   1.52 | LoadBalance: 1.917 | Success: 1.00 | Stability: 0.979 | Quality: 0.880 | LR: 0.000001 | Duration: 1.39s
[2025-07-28 16:06:34] Episode   32 | Reward:  1366.89 | Makespan:   1.97 | LoadBalance: 1.924 | Success: 1.00 | Stability: 0.969 | Quality: 0.882 | LR: 0.000001 | Duration: 1.47s
[2025-07-28 16:06:35] Episode   33 | Reward:  1303.85 | Makespan:   2.02 | LoadBalance: 1.937 | Success: 1.00 | Stability: 0.960 | Quality: 0.904 | LR: 0.000001 | Duration: 1.51s
[2025-07-28 16:06:37] Episode   34 | Reward:  1101.25 | Makespan:   1.55 | LoadBalance: 1.929 | Success: 1.00 | Stability: 0.961 | Quality: 0.871 | LR: 0.000001 | Duration: 1.40s
[2025-07-28 16:06:38] Episode   35 | Reward:  1345.63 | Makespan:   1.76 | LoadBalance: 1.930 | Success: 1.00 | Stability: 0.962 | Quality: 0.856 | LR: 0.000001 | Duration: 1.46s
[2025-07-28 16:06:39] Episode   36 | Reward:  1045.21 | Makespan:   1.69 | LoadBalance: 1.916 | Success: 1.00 | Stability: 0.963 | Quality: 0.856 | LR: 0.000001 | Duration: 1.41s
[2025-07-28 16:06:41] Episode   37 | Reward:  1118.24 | Makespan:   1.85 | LoadBalance: 1.919 | Success: 1.00 | Stability: 0.965 | Quality: 0.840 | LR: 0.000001 | Duration: 1.51s
[2025-07-28 16:06:42] Episode   38 | Reward:  1065.15 | Makespan:   1.94 | LoadBalance: 1.925 | Success: 1.00 | Stability: 0.965 | Quality: 0.831 | LR: 0.000001 | Duration: 1.40s
[2025-07-28 16:06:44] Episode   39 | Reward:  1095.97 | Makespan:   1.69 | LoadBalance: 1.910 | Success: 1.00 | Stability: 0.962 | Quality: 0.858 | LR: 0.000001 | Duration: 1.35s
[2025-07-28 16:06:45] Episode   40 | Reward:  1048.20 | Makespan:   1.76 | LoadBalance: 1.903 | Success: 1.00 | Stability: 0.960 | Quality: 0.834 | LR: 0.000001 | Duration: 1.37s
[2025-07-28 16:06:45] === Episode 40 Performance Evaluation ===
  avg_reward: 1182.6587985177928
  std_reward: 100.61262324288005
  avg_makespan: 1.7239850211380037
  std_makespan: 0.20799764808130092
  avg_load_balance: 1.9258060576252014
  reward_trend: -1.5175013707103149
  makespan_stability: 0.9585310504529362
=== Evaluation Completed ===
[2025-07-28 16:06:47] Episode   41 | Reward:  1114.60 | Makespan:   1.97 | LoadBalance: 1.919 | Success: 1.00 | Stability: 0.962 | Quality: 0.883 | LR: 0.000001 | Duration: 1.47s
[2025-07-28 16:06:48] Episode   42 | Reward:  1164.77 | Makespan:   1.78 | LoadBalance: 1.918 | Success: 1.00 | Stability: 0.966 | Quality: 0.852 | LR: 0.000001 | Duration: 1.41s
[2025-07-28 16:06:49] Episode   43 | Reward:  1237.71 | Makespan:   1.74 | LoadBalance: 1.930 | Success: 1.00 | Stability: 0.969 | Quality: 0.855 | LR: 0.000001 | Duration: 1.47s
[2025-07-28 16:06:51] Episode   44 | Reward:  1108.56 | Makespan:   1.82 | LoadBalance: 1.914 | Success: 1.00 | Stability: 0.969 | Quality: 0.872 | LR: 0.000001 | Duration: 1.46s
[2025-07-28 16:06:52] Episode   45 | Reward:  1110.51 | Makespan:   1.85 | LoadBalance: 1.917 | Success: 1.00 | Stability: 0.969 | Quality: 0.877 | LR: 0.000001 | Duration: 1.47s
[2025-07-28 16:06:54] Episode   46 | Reward:  1264.73 | Makespan:   1.64 | LoadBalance: 1.923 | Success: 1.00 | Stability: 0.969 | Quality: 0.875 | LR: 0.000001 | Duration: 1.38s
[2025-07-28 16:06:55] Episode   47 | Reward:  1115.75 | Makespan:   1.75 | LoadBalance: 1.915 | Success: 1.00 | Stability: 0.968 | Quality: 0.845 | LR: 0.000001 | Duration: 1.46s
[2025-07-28 16:06:57] Episode   48 | Reward:  1132.12 | Makespan:   1.58 | LoadBalance: 1.927 | Success: 1.00 | Stability: 0.966 | Quality: 0.873 | LR: 0.000001 | Duration: 1.39s
[2025-07-28 16:06:58] Episode   49 | Reward:  1261.53 | Makespan:   1.78 | LoadBalance: 1.914 | Success: 1.00 | Stability: 0.964 | Quality: 0.852 | LR: 0.000001 | Duration: 1.51s
[2025-07-28 16:06:59] Episode   50 | Reward:  1098.59 | Makespan:   1.57 | LoadBalance: 1.926 | Success: 1.00 | Stability: 0.963 | Quality: 0.886 | LR: 0.000001 | Duration: 1.36s
[2025-07-28 16:07:02] Episode   51 | Reward:   985.39 | Makespan:   1.52 | LoadBalance: 1.919 | Success: 1.00 | Stability: 0.964 | Quality: 0.880 | LR: 0.000001 | Duration: 1.26s
[2025-07-28 16:07:03] Episode   52 | Reward:  1128.09 | Makespan:   1.71 | LoadBalance: 1.923 | Success: 1.00 | Stability: 0.965 | Quality: 0.897 | LR: 0.000001 | Duration: 1.34s
[2025-07-28 16:07:05] Episode   53 | Reward:  1286.63 | Makespan:   1.57 | LoadBalance: 1.920 | Success: 1.00 | Stability: 0.966 | Quality: 0.880 | LR: 0.000001 | Duration: 1.41s
[2025-07-28 16:07:06] Episode   54 | Reward:  1122.76 | Makespan:   1.41 | LoadBalance: 1.923 | Success: 1.00 | Stability: 0.967 | Quality: 0.872 | LR: 0.000001 | Duration: 1.40s
[2025-07-28 16:07:07] Episode   55 | Reward:  1223.04 | Makespan:   1.66 | LoadBalance: 1.925 | Success: 1.00 | Stability: 0.967 | Quality: 0.879 | LR: 0.000001 | Duration: 1.43s
[2025-07-28 16:07:09] Episode   56 | Reward:  1273.07 | Makespan:   1.44 | LoadBalance: 1.930 | Success: 1.00 | Stability: 0.967 | Quality: 0.938 | LR: 0.000001 | Duration: 1.36s
[2025-07-28 16:07:10] Episode   57 | Reward:  1288.44 | Makespan:   1.77 | LoadBalance: 1.924 | Success: 1.00 | Stability: 0.966 | Quality: 0.883 | LR: 0.000001 | Duration: 1.47s
[2025-07-28 16:07:12] Episode   58 | Reward:  1372.91 | Makespan:   1.83 | LoadBalance: 1.936 | Success: 1.00 | Stability: 0.963 | Quality: 0.881 | LR: 0.000001 | Duration: 1.47s
[2025-07-28 16:07:13] Episode   59 | Reward:  1053.58 | Makespan:   1.36 | LoadBalance: 1.925 | Success: 1.00 | Stability: 0.960 | Quality: 0.875 | LR: 0.000001 | Duration: 1.36s
[2025-07-28 16:07:15] Episode   60 | Reward:  1530.93 | Makespan:   1.72 | LoadBalance: 1.931 | Success: 1.00 | Stability: 0.958 | Quality: 0.910 | LR: 0.000001 | Duration: 1.58s
[2025-07-28 16:07:15] === Episode 60 Performance Evaluation ===
  avg_reward: 1186.11341201622
  std_reward: 121.43726070204714
  avg_makespan: 1.7075110751761318
  std_makespan: 0.1642287809945535
  avg_load_balance: 1.9222489731565464
  reward_trend: 2.618799338018296
  makespan_stability: 0.9737372427483646
=== Evaluation Completed ===
[2025-07-28 16:07:16] Episode   61 | Reward:  1264.44 | Makespan:   1.60 | LoadBalance: 1.923 | Success: 1.00 | Stability: 0.960 | Quality: 0.879 | LR: 0.000001 | Duration: 1.46s
[2025-07-28 16:07:17] Episode   62 | Reward:  1108.77 | Makespan:   2.11 | LoadBalance: 1.923 | Success: 1.00 | Stability: 0.951 | Quality: 0.878 | LR: 0.000001 | Duration: 1.37s
[2025-07-28 16:07:19] Episode   63 | Reward:  1371.59 | Makespan:   1.62 | LoadBalance: 1.926 | Success: 1.00 | Stability: 0.951 | Quality: 0.877 | LR: 0.000001 | Duration: 1.48s
[2025-07-28 16:07:20] Episode   64 | Reward:  1275.26 | Makespan:   1.36 | LoadBalance: 1.926 | Success: 1.00 | Stability: 0.949 | Quality: 0.917 | LR: 0.000001 | Duration: 1.43s
[2025-07-28 16:07:22] Episode   65 | Reward:  1279.76 | Makespan:   1.82 | LoadBalance: 1.916 | Success: 1.00 | Stability: 0.948 | Quality: 0.886 | LR: 0.000001 | Duration: 1.47s
[2025-07-28 16:07:23] Episode   66 | Reward:  1214.74 | Makespan:   1.63 | LoadBalance: 1.919 | Success: 1.00 | Stability: 0.948 | Quality: 0.875 | LR: 0.000001 | Duration: 1.49s
[2025-07-28 16:07:25] Episode   67 | Reward:  1247.08 | Makespan:   1.61 | LoadBalance: 1.922 | Success: 1.00 | Stability: 0.950 | Quality: 0.899 | LR: 0.000001 | Duration: 1.42s
[2025-07-28 16:07:26] Episode   68 | Reward:  1074.70 | Makespan:   1.61 | LoadBalance: 1.923 | Success: 1.00 | Stability: 0.954 | Quality: 0.915 | LR: 0.000001 | Duration: 1.37s
[2025-07-28 16:07:28] Episode   69 | Reward:  1197.78 | Makespan:   1.71 | LoadBalance: 1.921 | Success: 1.00 | Stability: 0.956 | Quality: 0.858 | LR: 0.000001 | Duration: 1.47s
[2025-07-28 16:07:29] Episode   70 | Reward:  1287.39 | Makespan:   1.69 | LoadBalance: 1.923 | Success: 1.00 | Stability: 0.957 | Quality: 0.845 | LR: 0.000001 | Duration: 1.51s
[2025-07-28 16:07:31] Episode   71 | Reward:  1260.53 | Makespan:   1.59 | LoadBalance: 1.924 | Success: 1.00 | Stability: 0.957 | Quality: 0.886 | LR: 0.000001 | Duration: 1.55s
[2025-07-28 16:07:32] Episode   72 | Reward:  1211.78 | Makespan:   1.52 | LoadBalance: 1.922 | Success: 1.00 | Stability: 0.958 | Quality: 0.869 | LR: 0.000001 | Duration: 1.45s
[2025-07-28 16:07:34] Episode   73 | Reward:  1303.79 | Makespan:   1.79 | LoadBalance: 1.931 | Success: 1.00 | Stability: 0.958 | Quality: 0.892 | LR: 0.000001 | Duration: 1.45s
[2025-07-28 16:07:35] Episode   74 | Reward:  1275.58 | Makespan:   1.63 | LoadBalance: 1.931 | Success: 1.00 | Stability: 0.958 | Quality: 0.907 | LR: 0.000001 | Duration: 1.45s
[2025-07-28 16:07:36] Episode   75 | Reward:  1121.79 | Makespan:   1.97 | LoadBalance: 1.925 | Success: 1.00 | Stability: 0.946 | Quality: 0.876 | LR: 0.000001 | Duration: 1.44s
[2025-07-28 16:07:39] Episode   76 | Reward:  1356.44 | Makespan:   1.74 | LoadBalance: 1.934 | Success: 1.00 | Stability: 0.944 | Quality: 0.926 | LR: 0.000001 | Duration: 1.48s
[2025-07-28 16:07:40] Episode   77 | Reward:  1209.29 | Makespan:   1.53 | LoadBalance: 1.927 | Success: 1.00 | Stability: 0.942 | Quality: 0.898 | LR: 0.000001 | Duration: 1.44s
[2025-07-28 16:07:42] Episode   78 | Reward:  1163.03 | Makespan:   1.25 | LoadBalance: 1.936 | Success: 1.00 | Stability: 0.931 | Quality: 0.909 | LR: 0.000001 | Duration: 1.38s
[2025-07-28 16:07:43] Episode   79 | Reward:  1100.97 | Makespan:   1.57 | LoadBalance: 1.925 | Success: 1.00 | Stability: 0.926 | Quality: 0.887 | LR: 0.000001 | Duration: 1.45s
[2025-07-28 16:07:45] Episode   80 | Reward:  1183.79 | Makespan:   1.48 | LoadBalance: 1.925 | Success: 1.00 | Stability: 0.920 | Quality: 0.844 | LR: 0.000001 | Duration: 1.44s
[2025-07-28 16:07:45] === Episode 80 Performance Evaluation ===
  avg_reward: 1225.7774799985739
  std_reward: 109.7610940499272
  avg_makespan: 1.6277547094889933
  std_makespan: 0.17759523891056334
  avg_load_balance: 1.9253350428509455
  reward_trend: 0.19378465627474467
  makespan_stability: 0.9694242910817495
=== Evaluation Completed ===
[2025-07-28 16:07:46] Episode   81 | Reward:  1266.25 | Makespan:   1.48 | LoadBalance: 1.933 | Success: 1.00 | Stability: 0.919 | Quality: 0.914 | LR: 0.000001 | Duration: 1.46s
[2025-07-28 16:07:48] Episode   82 | Reward:  1263.68 | Makespan:   1.76 | LoadBalance: 1.920 | Success: 1.00 | Stability: 0.926 | Quality: 0.875 | LR: 0.000001 | Duration: 1.47s
[2025-07-28 16:07:49] Episode   83 | Reward:  1097.15 | Makespan:   1.55 | LoadBalance: 1.928 | Success: 1.00 | Stability: 0.933 | Quality: 0.895 | LR: 0.000001 | Duration: 1.36s
[2025-07-28 16:07:50] Episode   84 | Reward:  1310.68 | Makespan:   1.59 | LoadBalance: 1.922 | Success: 1.00 | Stability: 0.935 | Quality: 0.917 | LR: 0.000001 | Duration: 1.49s
[2025-07-28 16:07:52] Episode   85 | Reward:  1149.87 | Makespan:   1.54 | LoadBalance: 1.915 | Success: 1.00 | Stability: 0.935 | Quality: 0.868 | LR: 0.000001 | Duration: 1.48s
[2025-07-28 16:07:53] Episode   86 | Reward:  1214.44 | Makespan:   1.62 | LoadBalance: 1.921 | Success: 1.00 | Stability: 0.935 | Quality: 0.882 | LR: 0.000001 | Duration: 1.43s
[2025-07-28 16:07:55] Episode   87 | Reward:  1223.84 | Makespan:   1.76 | LoadBalance: 1.923 | Success: 1.00 | Stability: 0.937 | Quality: 0.882 | LR: 0.000001 | Duration: 1.58s
[2025-07-28 16:07:56] Episode   88 | Reward:  1281.02 | Makespan:   1.55 | LoadBalance: 1.910 | Success: 1.00 | Stability: 0.937 | Quality: 0.849 | LR: 0.000001 | Duration: 1.52s
[2025-07-28 16:07:58] Episode   89 | Reward:  1320.02 | Makespan:   1.52 | LoadBalance: 1.928 | Success: 1.00 | Stability: 0.937 | Quality: 0.912 | LR: 0.000001 | Duration: 1.43s
[2025-07-28 16:07:59] Episode   90 | Reward:  1347.35 | Makespan:   1.75 | LoadBalance: 1.931 | Success: 1.00 | Stability: 0.938 | Quality: 0.901 | LR: 0.000001 | Duration: 1.51s
[2025-07-28 16:08:01] Episode   91 | Reward:  1139.10 | Makespan:   1.54 | LoadBalance: 1.938 | Success: 1.00 | Stability: 0.938 | Quality: 0.927 | LR: 0.000001 | Duration: 1.45s
[2025-07-28 16:08:02] Episode   92 | Reward:  1425.40 | Makespan:   1.72 | LoadBalance: 1.920 | Success: 1.00 | Stability: 0.939 | Quality: 0.855 | LR: 0.000001 | Duration: 1.53s
[2025-07-28 16:08:04] Episode   93 | Reward:  1321.98 | Makespan:   1.58 | LoadBalance: 1.927 | Success: 1.00 | Stability: 0.939 | Quality: 0.864 | LR: 0.000001 | Duration: 1.48s
[2025-07-28 16:08:05] Episode   94 | Reward:  1195.54 | Makespan:   1.73 | LoadBalance: 1.922 | Success: 1.00 | Stability: 0.938 | Quality: 0.857 | LR: 0.000001 | Duration: 1.55s
[2025-07-28 16:08:07] Episode   95 | Reward:  1414.93 | Makespan:   1.76 | LoadBalance: 1.929 | Success: 1.00 | Stability: 0.937 | Quality: 0.904 | LR: 0.000001 | Duration: 1.61s
[2025-07-28 16:08:09] Episode   96 | Reward:  1384.81 | Makespan:   1.84 | LoadBalance: 1.930 | Success: 1.00 | Stability: 0.935 | Quality: 0.874 | LR: 0.000001 | Duration: 1.52s
[2025-07-28 16:08:10] Episode   97 | Reward:  1359.69 | Makespan:   1.78 | LoadBalance: 1.918 | Success: 1.00 | Stability: 0.932 | Quality: 0.880 | LR: 0.000001 | Duration: 1.52s
[2025-07-28 16:08:11] Episode   98 | Reward:  1120.18 | Makespan:   1.33 | LoadBalance: 1.928 | Success: 1.00 | Stability: 0.921 | Quality: 0.902 | LR: 0.000001 | Duration: 1.37s
[2025-07-28 16:08:13] Episode   99 | Reward:  1199.60 | Makespan:   1.87 | LoadBalance: 1.929 | Success: 1.00 | Stability: 0.921 | Quality: 0.893 | LR: 0.000001 | Duration: 1.42s
[2025-07-28 16:08:14] Episode  100 | Reward:  1483.46 | Makespan:   1.72 | LoadBalance: 1.926 | Success: 1.00 | Stability: 0.924 | Quality: 0.859 | LR: 0.000001 | Duration: 1.60s
[2025-07-28 16:08:14] === Episode 100 Performance Evaluation ===
  avg_reward: 1256.8658610178923
  std_reward: 100.76651490229838
  avg_makespan: 1.6353686679906712
  std_makespan: 0.15554806108739594
  avg_load_balance: 1.9259432812627246
  reward_trend: 3.9686432801313067
  makespan_stability: 0.9763763789125406
=== Evaluation Completed ===
[2025-07-28 16:08:17] Episode  101 | Reward:  1394.38 | Makespan:   1.63 | LoadBalance: 1.922 | Success: 1.00 | Stability: 0.924 | Quality: 0.906 | LR: 0.000001 | Duration: 1.50s
[2025-07-28 16:08:18] Episode  102 | Reward:  1247.94 | Makespan:   1.58 | LoadBalance: 1.929 | Success: 1.00 | Stability: 0.925 | Quality: 0.897 | LR: 0.000001 | Duration: 1.44s
[2025-07-28 16:08:20] Episode  103 | Reward:  1130.94 | Makespan:   1.40 | LoadBalance: 1.929 | Success: 1.00 | Stability: 0.923 | Quality: 0.903 | LR: 0.000001 | Duration: 1.33s
[2025-07-28 16:08:21] Episode  104 | Reward:  1322.92 | Makespan:   1.60 | LoadBalance: 1.913 | Success: 1.00 | Stability: 0.918 | Quality: 0.869 | LR: 0.000001 | Duration: 1.47s
[2025-07-28 16:08:23] Episode  105 | Reward:  1349.78 | Makespan:   1.44 | LoadBalance: 1.927 | Success: 1.00 | Stability: 0.911 | Quality: 0.914 | LR: 0.000001 | Duration: 1.46s
[2025-07-28 16:08:24] Episode  106 | Reward:  1438.18 | Makespan:   1.93 | LoadBalance: 1.927 | Success: 1.00 | Stability: 0.911 | Quality: 0.904 | LR: 0.000001 | Duration: 1.56s
[2025-07-28 16:08:26] Episode  107 | Reward:  1220.02 | Makespan:   1.84 | LoadBalance: 1.921 | Success: 1.00 | Stability: 0.909 | Quality: 0.868 | LR: 0.000001 | Duration: 1.57s
[2025-07-28 16:08:27] Episode  108 | Reward:  1099.07 | Makespan:   1.47 | LoadBalance: 1.923 | Success: 1.00 | Stability: 0.906 | Quality: 0.878 | LR: 0.000001 | Duration: 1.39s
[2025-07-28 16:08:29] Episode  109 | Reward:  1294.21 | Makespan:   1.52 | LoadBalance: 1.930 | Success: 1.00 | Stability: 0.902 | Quality: 0.894 | LR: 0.000001 | Duration: 1.44s
[2025-07-28 16:08:30] Episode  110 | Reward:  1213.28 | Makespan:   1.56 | LoadBalance: 1.925 | Success: 1.00 | Stability: 0.904 | Quality: 0.906 | LR: 0.000001 | Duration: 1.40s
[2025-07-28 16:08:31] Episode  111 | Reward:  1299.71 | Makespan:   1.42 | LoadBalance: 1.934 | Success: 1.00 | Stability: 0.905 | Quality: 0.914 | LR: 0.000001 | Duration: 1.46s
[2025-07-28 16:08:33] Episode  112 | Reward:  1324.25 | Makespan:   1.51 | LoadBalance: 1.933 | Success: 1.00 | Stability: 0.905 | Quality: 0.912 | LR: 0.000001 | Duration: 1.42s
[2025-07-28 16:08:34] Episode  113 | Reward:  1426.46 | Makespan:   1.61 | LoadBalance: 1.933 | Success: 1.00 | Stability: 0.910 | Quality: 0.908 | LR: 0.000001 | Duration: 1.51s
[2025-07-28 16:08:36] Episode  114 | Reward:  1213.37 | Makespan:   1.70 | LoadBalance: 1.927 | Success: 1.00 | Stability: 0.918 | Quality: 0.900 | LR: 0.000001 | Duration: 1.54s
[2025-07-28 16:08:37] Episode  115 | Reward:  1160.04 | Makespan:   1.53 | LoadBalance: 1.931 | Success: 1.00 | Stability: 0.924 | Quality: 0.912 | LR: 0.000001 | Duration: 1.36s
[2025-07-28 16:08:39] Episode  116 | Reward:  1214.64 | Makespan:   1.47 | LoadBalance: 1.919 | Success: 1.00 | Stability: 0.924 | Quality: 0.883 | LR: 0.000001 | Duration: 1.45s
[2025-07-28 16:08:40] Episode  117 | Reward:  1332.78 | Makespan:   1.63 | LoadBalance: 1.929 | Success: 1.00 | Stability: 0.924 | Quality: 0.919 | LR: 0.000001 | Duration: 1.45s
[2025-07-28 16:08:42] Episode  118 | Reward:  1269.65 | Makespan:   1.44 | LoadBalance: 1.925 | Success: 1.00 | Stability: 0.925 | Quality: 0.916 | LR: 0.000001 | Duration: 1.45s
[2025-07-28 16:08:43] Episode  119 | Reward:  1460.29 | Makespan:   1.55 | LoadBalance: 1.918 | Success: 1.00 | Stability: 0.926 | Quality: 0.891 | LR: 0.000001 | Duration: 1.57s
[2025-07-28 16:08:45] Episode  120 | Reward:  1443.52 | Makespan:   1.77 | LoadBalance: 1.917 | Success: 1.00 | Stability: 0.927 | Quality: 0.897 | LR: 0.000001 | Duration: 1.63s
[2025-07-28 16:08:45] === Episode 120 Performance Evaluation ===
  avg_reward: 1296.6698321562362
  std_reward: 110.84193230968366
  avg_makespan: 1.6157023681135911
  std_makespan: 0.15302222962665402
  avg_load_balance: 1.9259748375532355
  reward_trend: 0.7034757032871162
  makespan_stability: 0.9771199519327671
=== Evaluation Completed ===
[2025-07-28 16:08:46] Episode  121 | Reward:  1212.80 | Makespan:   1.50 | LoadBalance: 1.932 | Success: 1.00 | Stability: 0.927 | Quality: 0.912 | LR: 0.000001 | Duration: 1.41s
[2025-07-28 16:08:48] Episode  122 | Reward:  1433.81 | Makespan:   1.79 | LoadBalance: 1.920 | Success: 1.00 | Stability: 0.925 | Quality: 0.887 | LR: 0.000001 | Duration: 1.61s
[2025-07-28 16:08:49] Episode  123 | Reward:  1297.68 | Makespan:   1.46 | LoadBalance: 1.935 | Success: 1.00 | Stability: 0.923 | Quality: 0.922 | LR: 0.000001 | Duration: 1.45s
[2025-07-28 16:08:51] Episode  124 | Reward:  1358.31 | Makespan:   1.53 | LoadBalance: 1.928 | Success: 1.00 | Stability: 0.923 | Quality: 0.919 | LR: 0.000001 | Duration: 1.50s
[2025-07-28 16:08:52] Episode  125 | Reward:  1440.76 | Makespan:   1.57 | LoadBalance: 1.923 | Success: 1.00 | Stability: 0.924 | Quality: 0.909 | LR: 0.000001 | Duration: 1.49s
[2025-07-28 16:08:55] Episode  126 | Reward:  1292.02 | Makespan:   1.50 | LoadBalance: 1.936 | Success: 1.00 | Stability: 0.923 | Quality: 0.912 | LR: 0.000001 | Duration: 1.47s
[2025-07-28 16:08:56] Episode  127 | Reward:  1411.84 | Makespan:   1.55 | LoadBalance: 1.924 | Success: 1.00 | Stability: 0.923 | Quality: 0.885 | LR: 0.000001 | Duration: 1.57s
[2025-07-28 16:08:58] Episode  128 | Reward:  1088.49 | Makespan:   1.59 | LoadBalance: 1.922 | Success: 1.00 | Stability: 0.925 | Quality: 0.916 | LR: 0.000001 | Duration: 1.38s
[2025-07-28 16:08:59] Episode  129 | Reward:  1275.28 | Makespan:   1.42 | LoadBalance: 1.925 | Success: 1.00 | Stability: 0.929 | Quality: 0.885 | LR: 0.000001 | Duration: 1.53s
[2025-07-28 16:09:01] Episode  130 | Reward:  1416.01 | Makespan:   1.77 | LoadBalance: 1.922 | Success: 1.00 | Stability: 0.929 | Quality: 0.882 | LR: 0.000001 | Duration: 1.62s
[2025-07-28 16:09:02] Episode  131 | Reward:  1245.33 | Makespan:   1.43 | LoadBalance: 1.927 | Success: 1.00 | Stability: 0.929 | Quality: 0.901 | LR: 0.000001 | Duration: 1.45s
[2025-07-28 16:09:04] Episode  132 | Reward:  1178.25 | Makespan:   1.21 | LoadBalance: 1.927 | Success: 1.00 | Stability: 0.928 | Quality: 0.906 | LR: 0.000001 | Duration: 1.36s
[2025-07-28 16:09:05] Episode  133 | Reward:  1388.77 | Makespan:   1.50 | LoadBalance: 1.924 | Success: 1.00 | Stability: 0.923 | Quality: 0.917 | LR: 0.000001 | Duration: 1.48s
[2025-07-28 16:09:07] Episode  134 | Reward:  1503.25 | Makespan:   1.83 | LoadBalance: 1.920 | Success: 1.00 | Stability: 0.919 | Quality: 0.890 | LR: 0.000001 | Duration: 1.62s
[2025-07-28 16:09:08] Episode  135 | Reward:  1345.83 | Makespan:   1.58 | LoadBalance: 1.913 | Success: 1.00 | Stability: 0.914 | Quality: 0.875 | LR: 0.000001 | Duration: 1.53s
[2025-07-28 16:09:10] Episode  136 | Reward:  1238.94 | Makespan:   1.20 | LoadBalance: 1.921 | Success: 1.00 | Stability: 0.912 | Quality: 0.895 | LR: 0.000001 | Duration: 1.48s
[2025-07-28 16:09:11] Episode  137 | Reward:  1236.93 | Makespan:   1.37 | LoadBalance: 1.916 | Success: 1.00 | Stability: 0.908 | Quality: 0.880 | LR: 0.000001 | Duration: 1.46s
[2025-07-28 16:09:13] Episode  138 | Reward:  1385.47 | Makespan:   1.50 | LoadBalance: 1.934 | Success: 1.00 | Stability: 0.905 | Quality: 0.930 | LR: 0.000001 | Duration: 1.53s
[2025-07-28 16:09:14] Episode  139 | Reward:  1391.15 | Makespan:   1.59 | LoadBalance: 1.917 | Success: 1.00 | Stability: 0.902 | Quality: 0.897 | LR: 0.000001 | Duration: 1.49s
[2025-07-28 16:09:16] Episode  140 | Reward:  1480.05 | Makespan:   1.45 | LoadBalance: 1.918 | Success: 1.00 | Stability: 0.906 | Quality: 0.878 | LR: 0.000001 | Duration: 1.58s
[2025-07-28 16:09:16] === Episode 140 Performance Evaluation ===
  avg_reward: 1325.522576689665
  std_reward: 104.02707840224923
  avg_makespan: 1.5329291739936481
  std_makespan: 0.14467906282779489
  avg_load_balance: 1.9250037069884984
  reward_trend: 2.0525686843510598
  makespan_stability: 0.9794971353815781
=== Evaluation Completed ===
[2025-07-28 16:09:17] Episode  141 | Reward:  1230.94 | Makespan:   1.60 | LoadBalance: 1.928 | Success: 1.00 | Stability: 0.911 | Quality: 0.893 | LR: 0.000001 | Duration: 1.42s
[2025-07-28 16:09:19] Episode  142 | Reward:  1292.55 | Makespan:   1.41 | LoadBalance: 1.933 | Success: 1.00 | Stability: 0.917 | Quality: 0.912 | LR: 0.000001 | Duration: 1.44s
[2025-07-28 16:09:20] Episode  143 | Reward:  1379.71 | Makespan:   1.55 | LoadBalance: 1.930 | Success: 1.00 | Stability: 0.921 | Quality: 0.935 | LR: 0.000001 | Duration: 1.47s
[2025-07-28 16:09:22] Episode  144 | Reward:  1266.01 | Makespan:   1.61 | LoadBalance: 1.928 | Success: 1.00 | Stability: 0.925 | Quality: 0.927 | LR: 0.000001 | Duration: 1.48s
[2025-07-28 16:09:23] Episode  145 | Reward:  1472.72 | Makespan:   1.71 | LoadBalance: 1.925 | Success: 1.00 | Stability: 0.927 | Quality: 0.898 | LR: 0.000001 | Duration: 1.58s
[2025-07-28 16:09:25] Episode  146 | Reward:  1277.41 | Makespan:   1.31 | LoadBalance: 1.926 | Success: 1.00 | Stability: 0.926 | Quality: 0.916 | LR: 0.000001 | Duration: 1.45s
[2025-07-28 16:09:26] Episode  147 | Reward:  1269.42 | Makespan:   1.41 | LoadBalance: 1.942 | Success: 1.00 | Stability: 0.924 | Quality: 0.916 | LR: 0.000001 | Duration: 1.43s
[2025-07-28 16:09:28] Episode  148 | Reward:  1284.07 | Makespan:   1.35 | LoadBalance: 1.937 | Success: 1.00 | Stability: 0.919 | Quality: 0.929 | LR: 0.000001 | Duration: 1.41s
[2025-07-28 16:09:29] Episode  149 | Reward:  1489.68 | Makespan:   1.49 | LoadBalance: 1.937 | Success: 1.00 | Stability: 0.913 | Quality: 0.937 | LR: 0.000001 | Duration: 1.53s
[2025-07-28 16:09:31] Episode  150 | Reward:  1269.67 | Makespan:   1.60 | LoadBalance: 1.929 | Success: 1.00 | Stability: 0.912 | Quality: 0.889 | LR: 0.000001 | Duration: 1.54s
[2025-07-28 16:09:33] Episode  151 | Reward:  1254.96 | Makespan:   1.66 | LoadBalance: 1.927 | Success: 1.00 | Stability: 0.914 | Quality: 0.906 | LR: 0.000001 | Duration: 1.49s
[2025-07-28 16:09:35] Episode  152 | Reward:  1295.46 | Makespan:   1.35 | LoadBalance: 1.929 | Success: 1.00 | Stability: 0.915 | Quality: 0.883 | LR: 0.000001 | Duration: 1.45s
[2025-07-28 16:09:36] Episode  153 | Reward:  1413.04 | Makespan:   1.52 | LoadBalance: 1.926 | Success: 1.00 | Stability: 0.916 | Quality: 0.895 | LR: 0.000001 | Duration: 1.53s
[2025-07-28 16:09:38] Episode  154 | Reward:  1187.15 | Makespan:   1.21 | LoadBalance: 1.940 | Success: 1.00 | Stability: 0.916 | Quality: 0.925 | LR: 0.000001 | Duration: 1.37s
[2025-07-28 16:09:39] Episode  155 | Reward:  1348.36 | Makespan:   1.57 | LoadBalance: 1.933 | Success: 1.00 | Stability: 0.916 | Quality: 0.910 | LR: 0.000001 | Duration: 1.49s
[2025-07-28 16:09:41] Episode  156 | Reward:  1267.66 | Makespan:   1.34 | LoadBalance: 1.933 | Success: 1.00 | Stability: 0.914 | Quality: 0.935 | LR: 0.000001 | Duration: 1.47s
[2025-07-28 16:09:42] Episode  157 | Reward:  1285.13 | Makespan:   1.55 | LoadBalance: 1.928 | Success: 1.00 | Stability: 0.916 | Quality: 0.937 | LR: 0.000001 | Duration: 1.42s
[2025-07-28 16:09:44] Episode  158 | Reward:  1406.26 | Makespan:   1.64 | LoadBalance: 1.932 | Success: 1.00 | Stability: 0.919 | Quality: 0.915 | LR: 0.000001 | Duration: 1.53s
[2025-07-28 16:09:45] Episode  159 | Reward:  1188.79 | Makespan:   1.26 | LoadBalance: 1.931 | Success: 1.00 | Stability: 0.921 | Quality: 0.902 | LR: 0.000001 | Duration: 1.36s
[2025-07-28 16:09:46] Episode  160 | Reward:  1409.90 | Makespan:   1.51 | LoadBalance: 1.929 | Success: 1.00 | Stability: 0.923 | Quality: 0.945 | LR: 0.000001 | Duration: 1.51s
[2025-07-28 16:09:46] === Episode 160 Performance Evaluation ===
  avg_reward: 1322.7628467488971
  std_reward: 92.54969462697183
  avg_makespan: 1.478061254309285
  std_makespan: 0.1523498813638204
  avg_load_balance: 1.927972517021476
  reward_trend: -0.48334250415450153
  makespan_stability: 0.9773160198598717
=== Evaluation Completed ===
[2025-07-28 16:09:48] Episode  161 | Reward:  1290.50 | Makespan:   1.47 | LoadBalance: 1.938 | Success: 1.00 | Stability: 0.925 | Quality: 0.923 | LR: 0.000001 | Duration: 1.43s
[2025-07-28 16:09:49] Episode  162 | Reward:  1171.24 | Makespan:   1.45 | LoadBalance: 1.933 | Success: 1.00 | Stability: 0.926 | Quality: 0.900 | LR: 0.000001 | Duration: 1.41s
[2025-07-28 16:09:51] Episode  163 | Reward:  1380.89 | Makespan:   1.48 | LoadBalance: 1.925 | Success: 1.00 | Stability: 0.927 | Quality: 0.872 | LR: 0.000001 | Duration: 1.50s
[2025-07-28 16:09:52] Episode  164 | Reward:  1302.83 | Makespan:   1.65 | LoadBalance: 1.940 | Success: 1.00 | Stability: 0.927 | Quality: 0.892 | LR: 0.000001 | Duration: 1.46s
[2025-07-28 16:09:54] Episode  165 | Reward:  1217.47 | Makespan:   1.35 | LoadBalance: 1.933 | Success: 1.00 | Stability: 0.927 | Quality: 0.938 | LR: 0.000001 | Duration: 1.39s
[2025-07-28 16:09:55] Episode  166 | Reward:  1389.53 | Makespan:   1.65 | LoadBalance: 1.926 | Success: 1.00 | Stability: 0.927 | Quality: 0.911 | LR: 0.000001 | Duration: 1.54s
[2025-07-28 16:09:57] Episode  167 | Reward:  1242.98 | Makespan:   1.48 | LoadBalance: 1.914 | Success: 1.00 | Stability: 0.927 | Quality: 0.885 | LR: 0.000001 | Duration: 1.45s
[2025-07-28 16:09:58] Episode  168 | Reward:  1341.26 | Makespan:   1.55 | LoadBalance: 1.914 | Success: 1.00 | Stability: 0.928 | Quality: 0.890 | LR: 0.000001 | Duration: 1.46s
[2025-07-28 16:09:59] Episode  169 | Reward:  1122.18 | Makespan:   1.13 | LoadBalance: 1.923 | Success: 1.00 | Stability: 0.917 | Quality: 0.918 | LR: 0.000001 | Duration: 1.32s
[2025-07-28 16:10:01] Episode  170 | Reward:  1345.18 | Makespan:   1.29 | LoadBalance: 1.922 | Success: 1.00 | Stability: 0.913 | Quality: 0.917 | LR: 0.000001 | Duration: 1.48s
[2025-07-28 16:10:02] Episode  171 | Reward:  1320.09 | Makespan:   1.44 | LoadBalance: 1.908 | Success: 1.00 | Stability: 0.907 | Quality: 0.883 | LR: 0.000001 | Duration: 1.46s
[2025-07-28 16:10:04] Episode  172 | Reward:  1362.81 | Makespan:   1.65 | LoadBalance: 1.918 | Success: 1.00 | Stability: 0.903 | Quality: 0.888 | LR: 0.000005 | Duration: 1.49s
[2025-07-28 16:10:05] Episode  173 | Reward:  1143.94 | Makespan:   1.11 | LoadBalance: 1.926 | Success: 1.00 | Stability: 0.906 | Quality: 0.918 | LR: 0.000005 | Duration: 1.35s
[2025-07-28 16:10:07] Episode  174 | Reward:  1374.71 | Makespan:   1.69 | LoadBalance: 1.912 | Success: 1.00 | Stability: 0.909 | Quality: 0.896 | LR: 0.000005 | Duration: 1.58s
[2025-07-28 16:10:08] Episode  175 | Reward:  1375.43 | Makespan:   1.67 | LoadBalance: 1.914 | Success: 1.00 | Stability: 0.912 | Quality: 0.889 | LR: 0.000005 | Duration: 1.51s
[2025-07-28 16:10:11] Episode  176 | Reward:  1239.84 | Makespan:   1.66 | LoadBalance: 1.915 | Success: 1.00 | Stability: 0.906 | Quality: 0.890 | LR: 0.000005 | Duration: 1.49s
[2025-07-28 16:10:12] Episode  177 | Reward:  1334.22 | Makespan:   1.36 | LoadBalance: 1.929 | Success: 1.00 | Stability: 0.902 | Quality: 0.938 | LR: 0.000005 | Duration: 1.52s
[2025-07-28 16:10:14] Episode  178 | Reward:  1428.96 | Makespan:   1.52 | LoadBalance: 1.929 | Success: 1.00 | Stability: 0.901 | Quality: 0.932 | LR: 0.000005 | Duration: 1.50s
[2025-07-28 16:10:15] Episode  179 | Reward:  1417.20 | Makespan:   1.43 | LoadBalance: 1.936 | Success: 1.00 | Stability: 0.903 | Quality: 0.929 | LR: 0.000005 | Duration: 1.52s
[2025-07-28 16:10:17] Episode  180 | Reward:  1409.64 | Makespan:   1.70 | LoadBalance: 1.926 | Success: 1.00 | Stability: 0.905 | Quality: 0.901 | LR: 0.000005 | Duration: 1.57s
[2025-07-28 16:10:17] === Episode 180 Performance Evaluation ===
  avg_reward: 1308.9199922775142
  std_reward: 87.2415443701872
  avg_makespan: 1.4784290910037219
  std_makespan: 0.16509744541641141
  avg_load_balance: 1.9262277131876968
  reward_trend: 2.252992015256922
  makespan_stability: 0.9734660731778156
=== Evaluation Completed ===
[2025-07-28 16:10:18] Episode  181 | Reward:  1283.43 | Makespan:   1.42 | LoadBalance: 1.933 | Success: 1.00 | Stability: 0.908 | Quality: 0.907 | LR: 0.000005 | Duration: 1.45s
[2025-07-28 16:10:20] Episode  182 | Reward:  1389.58 | Makespan:   1.59 | LoadBalance: 1.931 | Success: 1.00 | Stability: 0.911 | Quality: 0.907 | LR: 0.000005 | Duration: 1.50s
[2025-07-28 16:10:22] Episode  183 | Reward:  1538.88 | Makespan:   1.75 | LoadBalance: 1.924 | Success: 1.00 | Stability: 0.914 | Quality: 0.931 | LR: 0.000005 | Duration: 1.60s
[2025-07-28 16:10:23] Episode  184 | Reward:  1489.68 | Makespan:   1.66 | LoadBalance: 1.935 | Success: 1.00 | Stability: 0.913 | Quality: 0.916 | LR: 0.000005 | Duration: 1.54s
[2025-07-28 16:10:25] Episode  185 | Reward:  1401.11 | Makespan:   1.57 | LoadBalance: 1.933 | Success: 1.00 | Stability: 0.912 | Quality: 0.905 | LR: 0.000005 | Duration: 1.50s
[2025-07-28 16:10:26] Episode  186 | Reward:  1374.88 | Makespan:   1.63 | LoadBalance: 1.923 | Success: 1.00 | Stability: 0.914 | Quality: 0.913 | LR: 0.000005 | Duration: 1.59s
[2025-07-28 16:10:28] Episode  187 | Reward:  1431.52 | Makespan:   1.35 | LoadBalance: 1.937 | Success: 1.00 | Stability: 0.913 | Quality: 0.921 | LR: 0.000005 | Duration: 1.50s
[2025-07-28 16:10:29] Episode  188 | Reward:  1205.85 | Makespan:   1.38 | LoadBalance: 1.932 | Success: 1.00 | Stability: 0.910 | Quality: 0.934 | LR: 0.000005 | Duration: 1.41s
[2025-07-28 16:10:31] Episode  189 | Reward:  1386.47 | Makespan:   1.46 | LoadBalance: 1.927 | Success: 1.00 | Stability: 0.902 | Quality: 0.925 | LR: 0.000005 | Duration: 1.50s
[2025-07-28 16:10:32] Episode  190 | Reward:  1250.44 | Makespan:   1.22 | LoadBalance: 1.928 | Success: 1.00 | Stability: 0.897 | Quality: 0.909 | LR: 0.000005 | Duration: 1.43s
[2025-07-28 16:10:33] Episode  191 | Reward:  1391.47 | Makespan:   1.53 | LoadBalance: 1.940 | Success: 1.00 | Stability: 0.901 | Quality: 0.950 | LR: 0.000005 | Duration: 1.46s
[2025-07-28 16:10:35] Episode  192 | Reward:  1374.33 | Makespan:   1.29 | LoadBalance: 1.930 | Success: 1.00 | Stability: 0.908 | Quality: 0.924 | LR: 0.000005 | Duration: 1.48s
[2025-07-28 16:10:37] Episode  193 | Reward:  1378.23 | Makespan:   1.55 | LoadBalance: 1.927 | Success: 1.00 | Stability: 0.914 | Quality: 0.883 | LR: 0.000005 | Duration: 1.60s
[2025-07-28 16:10:38] Episode  194 | Reward:  1200.79 | Makespan:   1.57 | LoadBalance: 1.926 | Success: 1.00 | Stability: 0.915 | Quality: 0.884 | LR: 0.000005 | Duration: 1.43s
[2025-07-28 16:10:40] Episode  195 | Reward:  1415.29 | Makespan:   1.58 | LoadBalance: 1.921 | Success: 1.00 | Stability: 0.911 | Quality: 0.893 | LR: 0.000005 | Duration: 1.57s
[2025-07-28 16:10:41] Episode  196 | Reward:  1407.72 | Makespan:   1.56 | LoadBalance: 1.925 | Success: 1.00 | Stability: 0.907 | Quality: 0.915 | LR: 0.000005 | Duration: 1.54s
[2025-07-28 16:10:43] Episode  197 | Reward:  1448.57 | Makespan:   1.34 | LoadBalance: 1.930 | Success: 1.00 | Stability: 0.907 | Quality: 0.917 | LR: 0.000005 | Duration: 1.53s
[2025-07-28 16:10:44] Episode  198 | Reward:  1187.52 | Makespan:   1.04 | LoadBalance: 1.939 | Success: 1.00 | Stability: 0.897 | Quality: 0.962 | LR: 0.000005 | Duration: 1.37s
[2025-07-28 16:10:45] Episode  199 | Reward:  1322.72 | Makespan:   1.25 | LoadBalance: 1.922 | Success: 1.00 | Stability: 0.890 | Quality: 0.938 | LR: 0.000005 | Duration: 1.48s
[2025-07-28 16:10:47] Episode  200 | Reward:  1355.50 | Makespan:   1.54 | LoadBalance: 1.925 | Success: 1.00 | Stability: 0.882 | Quality: 0.895 | LR: 0.000005 | Duration: 1.49s
[2025-07-28 16:10:47] === Episode 200 Performance Evaluation ===
  avg_reward: 1354.6938658176923
  std_reward: 90.13842259464553
  avg_makespan: 1.484533308799547
  std_makespan: 0.17627693218064514
  avg_load_balance: 1.926626438902287
  reward_trend: 0.1720232739510279
  makespan_stability: 0.9698629097667045
=== Evaluation Completed ===
[2025-07-28 16:10:49] Episode  201 | Reward:  1332.29 | Makespan:   1.31 | LoadBalance: 1.926 | Success: 1.00 | Stability: 0.882 | Quality: 0.924 | LR: 0.000005 | Duration: 1.44s
[2025-07-28 16:10:51] Episode  202 | Reward:  1369.95 | Makespan:   1.38 | LoadBalance: 1.926 | Success: 1.00 | Stability: 0.892 | Quality: 0.915 | LR: 0.000005 | Duration: 1.49s
[2025-07-28 16:10:52] Episode  203 | Reward:  1263.66 | Makespan:   1.16 | LoadBalance: 1.923 | Success: 1.00 | Stability: 0.900 | Quality: 0.903 | LR: 0.000005 | Duration: 1.41s
[2025-07-28 16:10:54] Episode  204 | Reward:  1388.91 | Makespan:   1.67 | LoadBalance: 1.935 | Success: 1.00 | Stability: 0.903 | Quality: 0.935 | LR: 0.000005 | Duration: 1.57s
[2025-07-28 16:10:55] Episode  205 | Reward:  1357.73 | Makespan:   1.51 | LoadBalance: 1.926 | Success: 1.00 | Stability: 0.903 | Quality: 0.913 | LR: 0.000005 | Duration: 1.51s
[2025-07-28 16:10:57] Episode  206 | Reward:  1286.97 | Makespan:   1.37 | LoadBalance: 1.924 | Success: 1.00 | Stability: 0.900 | Quality: 0.926 | LR: 0.000005 | Duration: 1.46s
[2025-07-28 16:10:58] Episode  207 | Reward:  1372.76 | Makespan:   1.29 | LoadBalance: 1.929 | Success: 1.00 | Stability: 0.897 | Quality: 0.916 | LR: 0.000005 | Duration: 1.45s
[2025-07-28 16:11:00] Episode  208 | Reward:  1380.30 | Makespan:   1.59 | LoadBalance: 1.930 | Success: 1.00 | Stability: 0.898 | Quality: 0.913 | LR: 0.000005 | Duration: 1.50s
[2025-07-28 16:11:01] Episode  209 | Reward:  1261.43 | Makespan:   1.37 | LoadBalance: 1.929 | Success: 1.00 | Stability: 0.902 | Quality: 0.929 | LR: 0.000005 | Duration: 1.42s
[2025-07-28 16:11:03] Episode  210 | Reward:  1262.96 | Makespan:   1.33 | LoadBalance: 1.922 | Success: 1.00 | Stability: 0.905 | Quality: 0.874 | LR: 0.000005 | Duration: 1.42s
[2025-07-28 16:11:04] Episode  211 | Reward:  1283.07 | Makespan:   1.18 | LoadBalance: 1.936 | Success: 1.00 | Stability: 0.905 | Quality: 0.937 | LR: 0.000005 | Duration: 1.40s
[2025-07-28 16:11:06] Episode  212 | Reward:  1322.06 | Makespan:   1.14 | LoadBalance: 1.934 | Success: 1.00 | Stability: 0.900 | Quality: 0.926 | LR: 0.000005 | Duration: 1.45s
[2025-07-28 16:11:07] Episode  213 | Reward:  1444.12 | Makespan:   1.56 | LoadBalance: 1.928 | Success: 1.00 | Stability: 0.895 | Quality: 0.921 | LR: 0.000005 | Duration: 1.51s
[2025-07-28 16:11:09] Episode  214 | Reward:  1361.72 | Makespan:   1.29 | LoadBalance: 1.933 | Success: 1.00 | Stability: 0.893 | Quality: 0.935 | LR: 0.000005 | Duration: 1.48s
[2025-07-28 16:11:10] Episode  215 | Reward:  1314.64 | Makespan:   1.53 | LoadBalance: 1.919 | Success: 1.00 | Stability: 0.894 | Quality: 0.891 | LR: 0.000005 | Duration: 1.51s
[2025-07-28 16:11:12] Episode  216 | Reward:  1440.80 | Makespan:   1.39 | LoadBalance: 1.936 | Success: 1.00 | Stability: 0.894 | Quality: 0.932 | LR: 0.000005 | Duration: 1.55s
[2025-07-28 16:11:13] Episode  217 | Reward:  1202.28 | Makespan:   1.17 | LoadBalance: 1.933 | Success: 1.00 | Stability: 0.895 | Quality: 0.936 | LR: 0.000005 | Duration: 1.39s
[2025-07-28 16:11:14] Episode  218 | Reward:  1178.80 | Makespan:   1.17 | LoadBalance: 1.907 | Success: 1.00 | Stability: 0.896 | Quality: 0.878 | LR: 0.000005 | Duration: 1.47s
[2025-07-28 16:11:16] Episode  219 | Reward:  1356.91 | Makespan:   1.50 | LoadBalance: 1.918 | Success: 1.00 | Stability: 0.896 | Quality: 0.886 | LR: 0.000005 | Duration: 1.55s
[2025-07-28 16:11:18] Episode  220 | Reward:  1388.02 | Makespan:   1.50 | LoadBalance: 1.939 | Success: 1.00 | Stability: 0.896 | Quality: 0.935 | LR: 0.000005 | Duration: 1.49s
[2025-07-28 16:11:18] === Episode 220 Performance Evaluation ===
  avg_reward: 1335.0507567533066
  std_reward: 75.29770028815436
  avg_makespan: 1.3896792384722323
  std_makespan: 0.16436662726183307
  avg_load_balance: 1.9279706211013508
  reward_trend: -1.3586111627948116
  makespan_stability: 0.9736942969275296
=== Evaluation Completed ===
[2025-07-28 16:11:19] Episode  221 | Reward:  1254.46 | Makespan:   1.20 | LoadBalance: 1.918 | Success: 1.00 | Stability: 0.897 | Quality: 0.883 | LR: 0.000005 | Duration: 1.41s
[2025-07-28 16:11:20] Episode  222 | Reward:  1405.18 | Makespan:   1.39 | LoadBalance: 1.926 | Success: 1.00 | Stability: 0.899 | Quality: 0.922 | LR: 0.000005 | Duration: 1.54s
[2025-07-28 16:11:22] Episode  223 | Reward:  1416.64 | Makespan:   1.42 | LoadBalance: 1.935 | Success: 1.00 | Stability: 0.901 | Quality: 0.919 | LR: 0.000005 | Duration: 1.49s
[2025-07-28 16:11:24] Episode  224 | Reward:  1553.13 | Makespan:   1.76 | LoadBalance: 1.935 | Success: 1.00 | Stability: 0.893 | Quality: 0.918 | LR: 0.000005 | Duration: 1.65s
[2025-07-28 16:11:25] Episode  225 | Reward:  1153.95 | Makespan:   1.33 | LoadBalance: 1.930 | Success: 1.00 | Stability: 0.894 | Quality: 0.941 | LR: 0.000005 | Duration: 1.37s
[2025-07-28 16:11:28] Episode  226 | Reward:  1501.26 | Makespan:   1.54 | LoadBalance: 1.926 | Success: 1.00 | Stability: 0.892 | Quality: 0.906 | LR: 0.000005 | Duration: 1.56s
[2025-07-28 16:11:29] Episode  227 | Reward:  1319.40 | Makespan:   1.09 | LoadBalance: 1.934 | Success: 1.00 | Stability: 0.889 | Quality: 0.930 | LR: 0.000005 | Duration: 1.46s
[2025-07-28 16:11:31] Episode  228 | Reward:  1388.34 | Makespan:   1.44 | LoadBalance: 1.916 | Success: 1.00 | Stability: 0.887 | Quality: 0.885 | LR: 0.000005 | Duration: 1.67s
[2025-07-28 16:11:32] Episode  229 | Reward:  1287.56 | Makespan:   1.65 | LoadBalance: 1.927 | Success: 1.00 | Stability: 0.887 | Quality: 0.901 | LR: 0.000005 | Duration: 1.43s
[2025-07-28 16:11:34] Episode  230 | Reward:  1432.32 | Makespan:   1.68 | LoadBalance: 1.923 | Success: 1.00 | Stability: 0.883 | Quality: 0.872 | LR: 0.000005 | Duration: 1.56s
[2025-07-28 16:11:35] Episode  231 | Reward:  1327.48 | Makespan:   1.43 | LoadBalance: 1.937 | Success: 1.00 | Stability: 0.876 | Quality: 0.895 | LR: 0.000005 | Duration: 1.44s
[2025-07-28 16:11:37] Episode  232 | Reward:  1345.45 | Makespan:   1.34 | LoadBalance: 1.929 | Success: 1.00 | Stability: 0.872 | Quality: 0.927 | LR: 0.000005 | Duration: 1.46s
[2025-07-28 16:11:38] Episode  233 | Reward:  1319.73 | Makespan:   1.46 | LoadBalance: 1.937 | Success: 1.00 | Stability: 0.874 | Quality: 0.933 | LR: 0.000005 | Duration: 1.46s
[2025-07-28 16:11:40] Episode  234 | Reward:  1487.63 | Makespan:   1.62 | LoadBalance: 1.923 | Success: 1.00 | Stability: 0.881 | Quality: 0.895 | LR: 0.000005 | Duration: 1.58s
[2025-07-28 16:11:41] Episode  235 | Reward:  1401.85 | Makespan:   1.53 | LoadBalance: 1.926 | Success: 1.00 | Stability: 0.886 | Quality: 0.909 | LR: 0.000005 | Duration: 1.52s
[2025-07-28 16:11:43] Episode  236 | Reward:  1228.44 | Makespan:   1.30 | LoadBalance: 1.930 | Success: 1.00 | Stability: 0.891 | Quality: 0.935 | LR: 0.000005 | Duration: 1.39s
[2025-07-28 16:11:44] Episode  237 | Reward:  1288.19 | Makespan:   1.33 | LoadBalance: 1.934 | Success: 1.00 | Stability: 0.893 | Quality: 0.937 | LR: 0.000005 | Duration: 1.41s
[2025-07-28 16:11:46] Episode  238 | Reward:  1413.15 | Makespan:   1.69 | LoadBalance: 1.918 | Success: 1.00 | Stability: 0.894 | Quality: 0.906 | LR: 0.000005 | Duration: 1.54s
[2025-07-28 16:11:47] Episode  239 | Reward:  1339.12 | Makespan:   1.54 | LoadBalance: 1.933 | Success: 1.00 | Stability: 0.893 | Quality: 0.904 | LR: 0.000005 | Duration: 1.45s
[2025-07-28 16:11:48] Episode  240 | Reward:  1361.52 | Makespan:   1.19 | LoadBalance: 1.924 | Success: 1.00 | Stability: 0.893 | Quality: 0.917 | LR: 0.000005 | Duration: 1.47s
[2025-07-28 16:11:48] === Episode 240 Performance Evaluation ===
  avg_reward: 1350.57464477954
  std_reward: 92.11380562722736
  avg_makespan: 1.4111454655580218
  std_makespan: 0.17905395480995048
  avg_load_balance: 1.928097788257325
  reward_trend: 0.9237278452186396
  makespan_stability: 0.9689356153403518
=== Evaluation Completed ===
[2025-07-28 16:11:50] Episode  241 | Reward:  1482.23 | Makespan:   1.49 | LoadBalance: 1.928 | Success: 1.00 | Stability: 0.894 | Quality: 0.907 | LR: 0.000005 | Duration: 1.53s
[2025-07-28 16:11:51] Episode  242 | Reward:  1344.35 | Makespan:   1.43 | LoadBalance: 1.920 | Success: 1.00 | Stability: 0.894 | Quality: 0.889 | LR: 0.000005 | Duration: 1.48s
[2025-07-28 16:11:53] Episode  243 | Reward:  1412.14 | Makespan:   1.63 | LoadBalance: 1.925 | Success: 1.00 | Stability: 0.892 | Quality: 0.901 | LR: 0.000005 | Duration: 1.54s
[2025-07-28 16:11:55] Episode  244 | Reward:  1447.24 | Makespan:   1.70 | LoadBalance: 1.916 | Success: 1.00 | Stability: 0.889 | Quality: 0.870 | LR: 0.000005 | Duration: 1.55s
[2025-07-28 16:11:56] Episode  245 | Reward:  1209.78 | Makespan:   1.41 | LoadBalance: 1.936 | Success: 1.00 | Stability: 0.885 | Quality: 0.931 | LR: 0.000005 | Duration: 1.44s
[2025-07-28 16:11:57] Episode  246 | Reward:  1172.99 | Makespan:   1.08 | LoadBalance: 1.938 | Success: 1.00 | Stability: 0.881 | Quality: 0.948 | LR: 0.000005 | Duration: 1.37s
[2025-07-28 16:11:59] Episode  247 | Reward:  1330.24 | Makespan:   1.84 | LoadBalance: 1.930 | Success: 1.00 | Stability: 0.881 | Quality: 0.933 | LR: 0.000005 | Duration: 1.47s
[2025-07-28 16:12:00] Episode  248 | Reward:  1310.45 | Makespan:   1.05 | LoadBalance: 1.920 | Success: 1.00 | Stability: 0.879 | Quality: 0.916 | LR: 0.000005 | Duration: 1.44s
[2025-07-28 16:12:02] Episode  249 | Reward:  1457.00 | Makespan:   1.35 | LoadBalance: 1.925 | Success: 1.00 | Stability: 0.880 | Quality: 0.933 | LR: 0.000005 | Duration: 1.52s
[2025-07-28 16:12:03] Episode  250 | Reward:  1226.34 | Makespan:   1.34 | LoadBalance: 1.919 | Success: 1.00 | Stability: 0.880 | Quality: 0.917 | LR: 0.000005 | Duration: 1.44s
[2025-07-28 16:12:06] Episode  251 | Reward:  1431.59 | Makespan:   1.63 | LoadBalance: 1.923 | Success: 1.00 | Stability: 0.884 | Quality: 0.910 | LR: 0.000005 | Duration: 1.58s
[2025-07-28 16:12:07] Episode  252 | Reward:  1310.71 | Makespan:   1.24 | LoadBalance: 1.934 | Success: 1.00 | Stability: 0.885 | Quality: 0.941 | LR: 0.000005 | Duration: 1.45s
[2025-07-28 16:12:09] Episode  253 | Reward:  1358.53 | Makespan:   1.47 | LoadBalance: 1.922 | Success: 1.00 | Stability: 0.885 | Quality: 0.881 | LR: 0.000005 | Duration: 1.49s
[2025-07-28 16:12:10] Episode  254 | Reward:  1473.83 | Makespan:   1.90 | LoadBalance: 1.936 | Success: 1.00 | Stability: 0.883 | Quality: 0.906 | LR: 0.000005 | Duration: 1.57s
[2025-07-28 16:12:12] Episode  255 | Reward:  1221.50 | Makespan:   1.35 | LoadBalance: 1.943 | Success: 1.00 | Stability: 0.884 | Quality: 0.937 | LR: 0.000005 | Duration: 1.39s
[2025-07-28 16:12:13] Episode  256 | Reward:  1244.72 | Makespan:   1.22 | LoadBalance: 1.938 | Success: 1.00 | Stability: 0.885 | Quality: 0.943 | LR: 0.000005 | Duration: 1.42s
[2025-07-28 16:12:15] Episode  257 | Reward:  1436.59 | Makespan:   1.60 | LoadBalance: 1.932 | Success: 1.00 | Stability: 0.890 | Quality: 0.907 | LR: 0.000005 | Duration: 1.53s
[2025-07-28 16:12:16] Episode  258 | Reward:  1496.65 | Makespan:   1.74 | LoadBalance: 1.930 | Success: 1.00 | Stability: 0.890 | Quality: 0.914 | LR: 0.000005 | Duration: 1.59s
[2025-07-28 16:12:18] Episode  259 | Reward:  1374.85 | Makespan:   1.23 | LoadBalance: 1.928 | Success: 1.00 | Stability: 0.890 | Quality: 0.914 | LR: 0.000005 | Duration: 1.46s
[2025-07-28 16:12:19] Episode  260 | Reward:  1392.79 | Makespan:   1.38 | LoadBalance: 1.925 | Success: 1.00 | Stability: 0.891 | Quality: 0.931 | LR: 0.000005 | Duration: 1.51s
[2025-07-28 16:12:19] === Episode 260 Performance Evaluation ===
  avg_reward: 1354.9029257848515
  std_reward: 89.13941812202224
  avg_makespan: 1.4495241541023218
  std_makespan: 0.2074632671519007
  avg_load_balance: 1.9286385844473808
  reward_trend: 0.6301285966566397
  makespan_stability: 0.9587350766465386
=== Evaluation Completed ===
[2025-07-28 16:12:21] Episode  261 | Reward:  1550.59 | Makespan:   1.66 | LoadBalance: 1.918 | Success: 1.00 | Stability: 0.892 | Quality: 0.874 | LR: 0.000005 | Duration: 1.60s
[2025-07-28 16:12:22] Episode  262 | Reward:  1439.62 | Makespan:   1.68 | LoadBalance: 1.919 | Success: 1.00 | Stability: 0.893 | Quality: 0.881 | LR: 0.000005 | Duration: 1.51s
[2025-07-28 16:12:24] Episode  263 | Reward:  1344.29 | Makespan:   1.46 | LoadBalance: 1.912 | Success: 1.00 | Stability: 0.891 | Quality: 0.878 | LR: 0.000005 | Duration: 1.50s
[2025-07-28 16:12:25] Episode  264 | Reward:  1390.08 | Makespan:   1.37 | LoadBalance: 1.933 | Success: 1.00 | Stability: 0.889 | Quality: 0.904 | LR: 0.000005 | Duration: 1.53s
[2025-07-28 16:12:27] Episode  265 | Reward:  1295.10 | Makespan:   1.31 | LoadBalance: 1.932 | Success: 1.00 | Stability: 0.885 | Quality: 0.926 | LR: 0.000005 | Duration: 1.54s
[2025-07-28 16:12:28] Episode  266 | Reward:  1324.05 | Makespan:   1.50 | LoadBalance: 1.931 | Success: 1.00 | Stability: 0.882 | Quality: 0.909 | LR: 0.000005 | Duration: 1.45s
[2025-07-28 16:12:30] Episode  267 | Reward:  1271.93 | Makespan:   1.43 | LoadBalance: 1.934 | Success: 1.00 | Stability: 0.880 | Quality: 0.924 | LR: 0.000005 | Duration: 1.46s
[2025-07-28 16:12:31] Episode  268 | Reward:  1260.77 | Makespan:   1.22 | LoadBalance: 1.933 | Success: 1.00 | Stability: 0.885 | Quality: 0.935 | LR: 0.000005 | Duration: 1.41s
[2025-07-28 16:12:33] Episode  269 | Reward:  1451.88 | Makespan:   1.33 | LoadBalance: 1.937 | Success: 1.00 | Stability: 0.891 | Quality: 0.933 | LR: 0.000005 | Duration: 1.49s
[2025-07-28 16:12:34] Episode  270 | Reward:  1512.39 | Makespan:   1.45 | LoadBalance: 1.933 | Success: 1.00 | Stability: 0.896 | Quality: 0.933 | LR: 0.000005 | Duration: 1.58s
[2025-07-28 16:12:36] Episode  271 | Reward:  1351.97 | Makespan:   1.46 | LoadBalance: 1.928 | Success: 1.00 | Stability: 0.897 | Quality: 0.884 | LR: 0.000005 | Duration: 1.52s
[2025-07-28 16:12:37] Episode  272 | Reward:  1299.18 | Makespan:   1.12 | LoadBalance: 1.929 | Success: 1.00 | Stability: 0.897 | Quality: 0.933 | LR: 0.000005 | Duration: 1.43s
[2025-07-28 16:12:39] Episode  273 | Reward:  1281.37 | Makespan:   1.48 | LoadBalance: 1.936 | Success: 1.00 | Stability: 0.897 | Quality: 0.896 | LR: 0.000005 | Duration: 1.44s
[2025-07-28 16:12:40] Episode  274 | Reward:  1306.85 | Makespan:   1.30 | LoadBalance: 1.930 | Success: 1.00 | Stability: 0.897 | Quality: 0.920 | LR: 0.000005 | Duration: 1.43s
[2025-07-28 16:12:42] Episode  275 | Reward:  1254.19 | Makespan:   1.15 | LoadBalance: 1.933 | Success: 1.00 | Stability: 0.897 | Quality: 0.926 | LR: 0.000005 | Duration: 1.47s
[2025-07-28 16:12:44] Episode  276 | Reward:  1430.72 | Makespan:   1.27 | LoadBalance: 1.937 | Success: 1.00 | Stability: 0.896 | Quality: 0.937 | LR: 0.000005 | Duration: 1.56s
[2025-07-28 16:12:46] Episode  277 | Reward:  1375.99 | Makespan:   1.25 | LoadBalance: 1.942 | Success: 1.00 | Stability: 0.895 | Quality: 0.914 | LR: 0.000005 | Duration: 1.48s
[2025-07-28 16:12:47] Episode  278 | Reward:  1603.70 | Makespan:   1.72 | LoadBalance: 1.942 | Success: 1.00 | Stability: 0.885 | Quality: 0.935 | LR: 0.000005 | Duration: 1.62s
[2025-07-28 16:12:49] Episode  279 | Reward:  1331.79 | Makespan:   1.45 | LoadBalance: 1.936 | Success: 1.00 | Stability: 0.882 | Quality: 0.921 | LR: 0.000005 | Duration: 1.45s
[2025-07-28 16:12:50] Episode  280 | Reward:  1345.39 | Makespan:   1.36 | LoadBalance: 1.964 | Success: 1.00 | Stability: 0.877 | Quality: 0.954 | LR: 0.000005 | Duration: 1.46s
[2025-07-28 16:12:50] === Episode 280 Performance Evaluation ===
  avg_reward: 1372.1208396627417
  std_reward: 93.56415404988178
  avg_makespan: 1.4242784042801993
  std_makespan: 0.18760380885518663
  avg_load_balance: 1.9323493891188344
  reward_trend: -0.29960640208111833
  makespan_stability: 0.9660013981250481
=== Evaluation Completed ===
[2025-07-28 16:12:52] Episode  281 | Reward:  1300.69 | Makespan:   1.52 | LoadBalance: 1.956 | Success: 1.00 | Stability: 0.873 | Quality: 0.946 | LR: 0.000005 | Duration: 1.46s
[2025-07-28 16:12:53] Episode  282 | Reward:  1405.28 | Makespan:   1.54 | LoadBalance: 1.942 | Success: 1.00 | Stability: 0.875 | Quality: 0.927 | LR: 0.000005 | Duration: 1.51s
[2025-07-28 16:12:55] Episode  283 | Reward:  1214.83 | Makespan:   1.12 | LoadBalance: 1.946 | Success: 1.00 | Stability: 0.882 | Quality: 0.930 | LR: 0.000005 | Duration: 1.37s
[2025-07-28 16:12:56] Episode  284 | Reward:  1320.83 | Makespan:   1.24 | LoadBalance: 1.946 | Success: 1.00 | Stability: 0.884 | Quality: 0.919 | LR: 0.000005 | Duration: 1.48s
[2025-07-28 16:12:58] Episode  285 | Reward:  1486.01 | Makespan:   1.42 | LoadBalance: 1.943 | Success: 1.00 | Stability: 0.880 | Quality: 0.930 | LR: 0.000005 | Duration: 1.55s
[2025-07-28 16:12:59] Episode  286 | Reward:  1284.30 | Makespan:   1.18 | LoadBalance: 1.951 | Success: 1.00 | Stability: 0.875 | Quality: 0.943 | LR: 0.000005 | Duration: 1.42s
[2025-07-28 16:13:01] Episode  287 | Reward:  1500.65 | Makespan:   1.61 | LoadBalance: 1.939 | Success: 1.00 | Stability: 0.875 | Quality: 0.938 | LR: 0.000005 | Duration: 1.57s
[2025-07-28 16:13:02] Episode  288 | Reward:  1372.58 | Makespan:   1.28 | LoadBalance: 1.938 | Success: 1.00 | Stability: 0.879 | Quality: 0.904 | LR: 0.000005 | Duration: 1.49s
[2025-07-28 16:13:04] Episode  289 | Reward:  1257.34 | Makespan:   1.23 | LoadBalance: 1.950 | Success: 1.00 | Stability: 0.882 | Quality: 0.933 | LR: 0.000005 | Duration: 1.39s
[2025-07-28 16:13:05] Episode  290 | Reward:  1505.69 | Makespan:   1.88 | LoadBalance: 1.949 | Success: 1.00 | Stability: 0.873 | Quality: 0.933 | LR: 0.000005 | Duration: 1.57s
[2025-07-28 16:13:07] Episode  291 | Reward:  1415.33 | Makespan:   1.60 | LoadBalance: 1.959 | Success: 1.00 | Stability: 0.874 | Quality: 0.950 | LR: 0.000005 | Duration: 1.52s
[2025-07-28 16:13:08] Episode  292 | Reward:  1345.25 | Makespan:   1.34 | LoadBalance: 1.957 | Success: 1.00 | Stability: 0.872 | Quality: 0.958 | LR: 0.000005 | Duration: 1.45s
[2025-07-28 16:13:10] Episode  293 | Reward:  1328.81 | Makespan:   1.37 | LoadBalance: 1.951 | Success: 1.00 | Stability: 0.870 | Quality: 0.946 | LR: 0.000005 | Duration: 1.44s
[2025-07-28 16:13:11] Episode  294 | Reward:  1367.52 | Makespan:   1.17 | LoadBalance: 1.952 | Success: 1.00 | Stability: 0.866 | Quality: 0.933 | LR: 0.000005 | Duration: 1.50s
[2025-07-28 16:13:13] Episode  295 | Reward:  1345.18 | Makespan:   1.65 | LoadBalance: 1.946 | Success: 1.00 | Stability: 0.864 | Quality: 0.948 | LR: 0.000005 | Duration: 1.50s
[2025-07-28 16:13:14] Episode  296 | Reward:  1200.28 | Makespan:   1.21 | LoadBalance: 1.953 | Success: 1.00 | Stability: 0.861 | Quality: 0.948 | LR: 0.000005 | Duration: 1.38s
[2025-07-28 16:13:15] Episode  297 | Reward:  1328.34 | Makespan:   1.16 | LoadBalance: 1.957 | Success: 1.00 | Stability: 0.865 | Quality: 0.951 | LR: 0.000005 | Duration: 1.43s
[2025-07-28 16:13:17] Episode  298 | Reward:  1154.24 | Makespan:   1.19 | LoadBalance: 1.938 | Success: 1.00 | Stability: 0.867 | Quality: 0.925 | LR: 0.000005 | Duration: 1.35s
[2025-07-28 16:13:18] Episode  299 | Reward:  1448.61 | Makespan:   1.35 | LoadBalance: 1.940 | Success: 1.00 | Stability: 0.868 | Quality: 0.934 | LR: 0.000005 | Duration: 1.52s
[2025-07-28 16:13:20] Episode  300 | Reward:  1207.99 | Makespan:   1.36 | LoadBalance: 1.932 | Success: 1.00 | Stability: 0.867 | Quality: 0.915 | LR: 0.000005 | Duration: 1.46s
[2025-07-28 16:13:20] === Episode 300 Performance Evaluation ===
  avg_reward: 1345.6961815681107
  std_reward: 98.20305421816532
  avg_makespan: 1.3661277982575653
  std_makespan: 0.18926692418665228
  avg_load_balance: 1.944053588812639
  reward_trend: -1.5505437533921167
  makespan_stability: 0.9654168673022056
=== Evaluation Completed ===
[2025-07-28 16:13:22] Episode  301 | Reward:  1280.90 | Makespan:   1.23 | LoadBalance: 1.946 | Success: 1.00 | Stability: 0.869 | Quality: 0.916 | LR: 0.000005 | Duration: 1.42s
[2025-07-28 16:13:24] Episode  302 | Reward:  1403.77 | Makespan:   1.40 | LoadBalance: 1.944 | Success: 1.00 | Stability: 0.871 | Quality: 0.942 | LR: 0.000005 | Duration: 1.49s
[2025-07-28 16:13:25] Episode  303 | Reward:  1355.35 | Makespan:   1.42 | LoadBalance: 1.948 | Success: 1.00 | Stability: 0.873 | Quality: 0.947 | LR: 0.000005 | Duration: 1.47s
[2025-07-28 16:13:27] Episode  304 | Reward:  1421.71 | Makespan:   1.40 | LoadBalance: 1.945 | Success: 1.00 | Stability: 0.875 | Quality: 0.938 | LR: 0.000005 | Duration: 1.51s
[2025-07-28 16:13:28] Episode  305 | Reward:  1500.51 | Makespan:   1.75 | LoadBalance: 1.928 | Success: 1.00 | Stability: 0.872 | Quality: 0.932 | LR: 0.000005 | Duration: 1.58s
[2025-07-28 16:13:30] Episode  306 | Reward:  1371.55 | Makespan:   1.64 | LoadBalance: 1.922 | Success: 1.00 | Stability: 0.838 | Quality: 0.892 | LR: 0.000005 | Duration: 1.51s
[2025-07-28 16:13:31] Episode  307 | Reward:  1215.32 | Makespan:   1.12 | LoadBalance: 1.932 | Success: 1.00 | Stability: 0.836 | Quality: 0.915 | LR: 0.000005 | Duration: 1.39s
[2025-07-28 16:13:33] Episode  308 | Reward:  1214.58 | Makespan:   1.12 | LoadBalance: 1.942 | Success: 1.00 | Stability: 0.830 | Quality: 0.927 | LR: 0.000005 | Duration: 1.37s
[2025-07-28 16:13:34] Episode  309 | Reward:  1430.31 | Makespan:   1.64 | LoadBalance: 1.939 | Success: 1.00 | Stability: 0.823 | Quality: 0.926 | LR: 0.000005 | Duration: 1.55s
[2025-07-28 16:13:36] Episode  310 | Reward:  1352.89 | Makespan:   1.55 | LoadBalance: 1.933 | Success: 1.00 | Stability: 0.817 | Quality: 0.925 | LR: 0.000005 | Duration: 1.50s
[2025-07-28 16:13:37] Episode  311 | Reward:  1359.00 | Makespan:   1.43 | LoadBalance: 1.933 | Success: 1.00 | Stability: 0.817 | Quality: 0.928 | LR: 0.000005 | Duration: 1.52s
[2025-07-28 16:13:39] Episode  312 | Reward:  1250.41 | Makespan:   1.39 | LoadBalance: 1.932 | Success: 1.00 | Stability: 0.818 | Quality: 0.936 | LR: 0.000005 | Duration: 1.44s
[2025-07-28 16:13:40] Episode  313 | Reward:  1168.40 | Makespan:   1.26 | LoadBalance: 1.938 | Success: 1.00 | Stability: 0.822 | Quality: 0.917 | LR: 0.000005 | Duration: 1.35s
[2025-07-28 16:13:41] Episode  314 | Reward:  1325.35 | Makespan:   1.55 | LoadBalance: 1.944 | Success: 1.00 | Stability: 0.830 | Quality: 0.926 | LR: 0.000005 | Duration: 1.47s
[2025-07-28 16:13:43] Episode  315 | Reward:  1347.81 | Makespan:   1.29 | LoadBalance: 1.945 | Success: 1.00 | Stability: 0.837 | Quality: 0.939 | LR: 0.000005 | Duration: 1.48s
[2025-07-28 16:13:44] Episode  316 | Reward:  1390.88 | Makespan:   1.13 | LoadBalance: 1.954 | Success: 1.00 | Stability: 0.871 | Quality: 0.939 | LR: 0.000005 | Duration: 1.49s
[2025-07-28 16:13:46] Episode  317 | Reward:  1358.12 | Makespan:   1.37 | LoadBalance: 1.946 | Success: 1.00 | Stability: 0.872 | Quality: 0.931 | LR: 0.000005 | Duration: 1.49s
[2025-07-28 16:13:47] CONVERGENCE Episode 318: Convergence detected, early stopping training
[2025-07-28 16:13:47] CONVERGENCE Episode 318: Best performance: 1.0408
